{"level":"error","message":"POST - /api/user/register - El usuario ya existe","timestamp":"2025-11-14T18:35:55.168Z"}
{"level":"error","message":"POST - /api/user/register - El usuario ya existe","timestamp":"2025-11-14T18:38:08.454Z"}
{"level":"error","message":"POST - /api/user/register - El usuario ya existe","timestamp":"2025-11-14T18:38:09.839Z"}
{"level":"error","message":"POST - /api/user/register - El usuario ya existe","timestamp":"2025-11-14T18:38:31.055Z"}
{"level":"error","message":"POST - /api/user/register - La contraseña debe tener al menos 8 caracteres","timestamp":"2025-11-14T18:38:53.491Z"}
{"level":"error","message":"POST - /api/user/register - El usuario ya existe","timestamp":"2025-11-14T18:39:03.782Z"}
{"level":"error","message":"POST - /api/user/register - El usuario ya existe","timestamp":"2025-11-14T18:42:27.283Z"}
{"level":"error","message":"POST - /api/user/register - El usuario ya existe","timestamp":"2025-11-14T18:43:16.808Z"}
{"level":"error","message":"POST - /api/user/register - El usuario ya existe","timestamp":"2025-11-14T18:49:49.969Z"}
{"level":"error","message":"POST - /api/user/register - birthdate is not defined","timestamp":"2025-11-14T18:49:55.760Z"}
{"level":"error","message":"POST - /api/user/register - birthdate is not defined","timestamp":"2025-11-14T18:50:19.508Z"}
{"level":"error","message":"POST - /api/user/register - birthdate is not defined","timestamp":"2025-11-14T18:50:20.958Z"}
{"level":"error","message":"POST - /api/user/register - User validation failed: birthdate: Cast to date failed for value \"24/11/1998\" (type string) at path \"birthdate\"","timestamp":"2025-11-14T18:50:31.510Z"}
{"level":"error","message":"POST - /api/user/register - User validation failed: birthdate: Cast to date failed for value \"Invalid Date\" (type Date) at path \"birthdate\"","timestamp":"2025-11-14T18:50:55.036Z"}
{"level":"error","message":"POST - /api/user/register - El usuario ya existe","timestamp":"2025-11-14T19:14:21.459Z"}
{"level":"error","message":"POST - /api/user/register - El usuario ya existe","timestamp":"2025-11-14T19:15:21.732Z"}
{"level":"error","message":"POST - /api/user/register - El usuario ya existe","timestamp":"2025-11-14T19:15:28.038Z"}
{"level":"error","message":"POST - /api/user/register - El usuario ya existe","timestamp":"2025-11-14T19:15:33.448Z"}
{"level":"error","message":"POST - /api/user/register - El usuario ya existe","timestamp":"2025-11-14T19:15:43.540Z"}
{"level":"error","message":"POST - /api/user/register - El usuario ya existe","timestamp":"2025-11-14T19:18:13.975Z"}
{"level":"error","message":"POST - /api/user/register - El usuario ya existe","timestamp":"2025-11-14T19:18:23.835Z"}
{"level":"error","message":"POST - /api/user/register - El usuario ya existe","timestamp":"2025-11-14T19:20:33.529Z"}
{"level":"error","message":"POST - /api/user/register - El usuario ya existe","timestamp":"2025-11-14T19:20:40.355Z"}
{"level":"error","message":"POST - /api/user/register - El usuario ya existe","timestamp":"2025-11-14T19:24:33.187Z"}
{"level":"error","message":"POST - /api/user/register - El usuario ya existe","timestamp":"2025-11-14T19:25:58.241Z"}
{"level":"error","message":"POST - /api/user/register - El usuario ya existe","timestamp":"2025-11-14T20:10:01.831Z"}
{"level":"error","message":"POST - /api/user/register - El usuario ya existe","timestamp":"2025-11-14T20:10:49.663Z"}
{"level":"error","message":"POST - /api/user/register - El usuario ya existe","timestamp":"2025-11-14T20:10:52.872Z"}
{"level":"error","message":"POST - /api/user/login - invalid Email or Password","timestamp":"2025-11-14T20:16:32.898Z"}
{"level":"error","message":"POST - /api/user/login - invalid Email or Password","timestamp":"2025-11-14T20:16:34.782Z"}
{"level":"error","message":"POST - /api/user/login - invalid Email or Password","timestamp":"2025-11-14T20:16:42.644Z"}
{"level":"error","message":"POST - /api/user/token - jwt must be provided","timestamp":"2025-11-14T20:24:40.908Z"}
{"level":"error","message":"POST - /api/user/register - El usuario ya existe","timestamp":"2025-11-16T15:29:09.403Z"}
{"level":"error","message":"GET - /api/products - error de base de datos","timestamp":"2025-11-16T15:31:06.740Z"}
{"level":"error","message":"GET - /api/products - error de base de datos","timestamp":"2025-11-16T15:31:40.149Z"}
{"level":"error","message":"GET - /api/products - res.status is not a function","timestamp":"2025-11-16T15:33:49.969Z"}
{"level":"error","message":"GET - /api/products/filtrado - ps.getAllFiltrado is not a function","timestamp":"2025-11-16T15:37:16.112Z"}
{"level":"error","message":"GET - /api/products/:id - Cast to ObjectId failed for value \":id\" (type string) at path \"_id\" for model \"Product\"","timestamp":"2025-11-16T15:39:05.302Z"}
{"level":"error","message":"GET - /api/products/1 - Cast to ObjectId failed for value \"1\" (type string) at path \"_id\" for model \"Product\"","timestamp":"2025-11-16T15:39:10.359Z"}
{"level":"error","message":"GET - /api/products/1 - Cast to ObjectId failed for value \"1\" (type string) at path \"_id\" for model \"Product\"","timestamp":"2025-11-16T15:39:32.040Z"}
{"level":"error","message":"GET - /api/products/1 - Cast to ObjectId failed for value \"1\" (type string) at path \"_id\" for model \"Product\"","timestamp":"2025-11-16T15:39:42.929Z"}
{"level":"error","message":"GET - /api/products/1 - Cast to ObjectId failed for value \"1\" (type number) at path \"_id\" for model \"Product\"","timestamp":"2025-11-16T15:40:01.618Z"}
{"level":"error","message":"GET - /api/products/1 - Cast to ObjectId failed for value \"{ _id: 1 }\" (type Object) at path \"_id\" for model \"Product\"","timestamp":"2025-11-16T15:40:34.738Z"}
{"level":"error","message":"POST - /api/products - Cannot read properties of null (reading '_id')","timestamp":"2025-11-16T15:48:51.623Z"}
{"level":"error","message":"POST - /api/products - Cannot read properties of null (reading '_id')","timestamp":"2025-11-16T15:49:10.335Z"}
{"level":"error","message":"POST - /api/products - Cannot read properties of null (reading '_id')","timestamp":"2025-11-16T15:49:44.999Z"}
{"level":"error","message":"POST - /api/products - Cannot read properties of null (reading '_id')","timestamp":"2025-11-16T15:50:49.607Z"}
{"level":"error","message":"POST - /api/products - Cannot read properties of null (reading '_id')","timestamp":"2025-11-16T15:51:39.645Z"}
{"level":"error","message":"POST - /api/products - Category no existe","timestamp":"2025-11-16T15:51:52.717Z"}
{"level":"error","message":"POST - /api/products - ApiError is not defined","timestamp":"2025-11-16T15:53:01.968Z"}
{"level":"error","message":"POST - /api/products - la categoria no existe","timestamp":"2025-11-16T15:53:12.686Z"}
{"level":"error","message":"POST - /api/products - Unexpected non-whitespace character after JSON at position 155 (line 11 column 1)","timestamp":"2025-11-16T16:00:01.807Z"}
{"level":"error","message":"POST - /api/products - la categoria no existe","timestamp":"2025-11-16T16:00:35.684Z"}
{"level":"error","message":"POST - /api/products - la categoria no existe","timestamp":"2025-11-16T16:01:00.809Z"}
{"level":"error","message":"POST - /api/products - la categoria no existe","timestamp":"2025-11-16T16:01:11.723Z"}
{"level":"error","message":"POST - /api/products - la categoria no existe","timestamp":"2025-11-16T16:27:05.190Z"}
{"level":"error","message":"POST - /api/products - la categoria no existe","timestamp":"2025-11-16T16:33:29.029Z"}
{"level":"error","message":"POST - /api/products - la categoria no existe","timestamp":"2025-11-16T16:34:59.323Z"}
{"level":"error","message":"POST - /api/products - la categoria no existe","timestamp":"2025-11-16T16:35:32.871Z"}
{"level":"error","message":"POST - /api/products - Product validation failed: userid: Path `userid` is required., category: Path `category` is required.","timestamp":"2025-11-16T16:36:02.099Z"}
{"level":"error","message":"POST - /api/products - Product validation failed: userid: Path `userid` is required.","timestamp":"2025-11-16T16:36:19.433Z"}
{"level":"error","message":"POST - /api/products - Product validation failed: userid: Path `userid` is required.","timestamp":"2025-11-16T16:38:20.259Z"}
{"level":"error","message":"POST - /api/products - Product validation failed: userid: Path `userid` is required.","timestamp":"2025-11-16T16:38:59.873Z"}
{"level":"error","message":"GET - /api/products/1 - Cast to ObjectId failed for value \"{ _id: 1 }\" (type Object) at path \"_id\" for model \"Product\"","timestamp":"2025-11-16T16:40:19.010Z"}
{"level":"error","message":"GET - /api/products/6919fe67f9c826abe6503731 - Cast to ObjectId failed for value \"{ _id: NaN }\" (type Object) at path \"_id\" for model \"Product\"","timestamp":"2025-11-16T16:40:22.773Z"}
{"level":"error","message":"POST - /api/products - Cast to ObjectId failed for value \"asdasdas\" (type string) at path \"_id\" for model \"Category\"","timestamp":"2025-11-16T16:50:12.112Z"}
{"level":"error","message":"POST - /api/cart/add - producto no encontrado","timestamp":"2025-11-16T18:36:31.273Z"}
{"level":"error","message":"POST - /api/cart/add - producto no encontrado","timestamp":"2025-11-16T18:36:45.088Z"}
{"level":"error","message":"POST - /api/cart/add - producto no encontrado","timestamp":"2025-11-16T18:37:15.924Z"}
{"level":"error","message":"POST - /api/user/token - invalid signature","timestamp":"2025-11-17T20:56:26.633Z"}
{"level":"error","message":"POST - /api/user/token - invalid signature","timestamp":"2025-11-17T20:56:33.604Z"}
{"level":"error","message":"POST - /api/products - Cast to ObjectId failed for value \"Electronica\" (type string) at path \"_id\" for model \"Category\"","timestamp":"2025-11-17T21:04:12.474Z"}
{"level":"error","message":"POST - /api/products - Cast to ObjectId failed for value \"Electronica\" (type string) at path \"_id\" for model \"Category\"","timestamp":"2025-11-17T21:11:37.581Z"}
{"level":"error","message":"POST - /api/products - Cast to ObjectId failed for value \"Electronica\" (type string) at path \"_id\" for model \"Category\"","timestamp":"2025-11-17T21:11:38.825Z"}
{"level":"error","message":"POST - /api/products - Product validation failed: rating.rate: Cast to Number failed for value \"{ count: 45, stock: 20 }\" (type Object) at path \"rating.rate\"","timestamp":"2025-11-17T21:12:00.216Z"}
{"level":"error","message":"POST - /api/user/register - El usuario ya existe","timestamp":"2025-11-17T22:39:01.330Z"}
{"level":"error","message":"GET - /api/products/paginado?limit=2&page=0 - BSON field 'skip' value must be >= 0, actual value '-2'","timestamp":"2025-11-17T22:40:13.634Z"}
{"level":"error","message":"POST - /api/user/login - invalid Email or Password","timestamp":"2025-11-17T22:40:52.787Z"}
{"level":"error","message":"POST - /api/user/login - invalid Email or Password","timestamp":"2025-11-17T22:41:05.797Z"}
{"level":"error","message":"POST - /api/user/login - invalid Email or Password","timestamp":"2025-11-17T22:45:03.164Z"}
{"level":"error","message":"POST - /api/user/login - invalid Email or Password","timestamp":"2025-11-17T22:45:09.347Z"}
{"level":"error","message":"POST - /api/user/login - invalid Email or Password","timestamp":"2025-11-17T22:45:33.026Z"}
{"level":"error","message":"DELETE - /api/products/undefined - Cast to ObjectId failed for value \"undefined\" (type string) at path \"_id\" for model \"Product\"","timestamp":"2025-11-17T23:51:39.394Z"}
{"level":"error","message":"POST - /api/products - Unexpected token '\"', \"\"{\\\"title\\\"... is not valid JSON","timestamp":"2025-11-18T12:41:00.682Z"}
{"level":"error","message":"POST - /api/products - Unexpected token '\"', \"\"{\\\"title\\\"... is not valid JSON","timestamp":"2025-11-18T12:41:50.458Z"}
{"level":"error","message":"GET - /api/category/asdasdas - Cast to ObjectId failed for value \"asdasdas\" (type string) at path \"_id\" for model \"Category\"","timestamp":"2025-11-18T15:51:25.989Z"}
{"level":"error","message":"GET - /api/category/asdasdas - Cast to ObjectId failed for value \"asdasdas\" (type string) at path \"_id\" for model \"Category\"","timestamp":"2025-11-18T15:51:30.040Z"}
{"level":"error","message":"GET - /api/category/Joyer%C3%ADa - Cast to ObjectId failed for value \"Joyería\" (type string) at path \"_id\" for model \"Category\"","timestamp":"2025-11-18T16:03:14.036Z"}
{"level":"error","message":"GET - /api/category/Joyer%C3%ADa - Cast to ObjectId failed for value \"Joyería\" (type string) at path \"_id\" for model \"Category\"","timestamp":"2025-11-18T16:03:47.565Z"}
{"level":"error","message":"POST - /api/cart/add - producto no encontrado","timestamp":"2025-11-18T19:13:51.897Z"}
{"level":"error","message":"POST - /api/cart/add - producto no encontrado","timestamp":"2025-11-18T19:16:41.723Z"}
{"level":"error","message":"POST - /api/cart/add - producto no encontrado","timestamp":"2025-11-18T19:16:57.392Z"}
{"level":"error","message":"POST - /api/cart/add - producto no encontrado","timestamp":"2025-11-18T19:17:41.047Z"}
{"level":"error","message":"POST - /api/cart/add - producto no encontrado","timestamp":"2025-11-18T19:17:59.299Z"}
{"level":"error","message":"POST - /api/cart/add - producto no encontrado","timestamp":"2025-11-18T19:18:05.142Z"}
{"level":"error","message":"POST - /api/cart/add - producto no encontrado","timestamp":"2025-11-18T19:19:11.422Z"}
{"level":"error","message":"POST - /api/cart/add - producto no encontrado","timestamp":"2025-11-18T19:19:21.965Z"}
{"level":"error","message":"POST - /api/cart/add - producto no encontrado","timestamp":"2025-11-18T19:23:14.194Z"}
{"level":"error","message":"POST - /api/cart/add - producto no encontrado","timestamp":"2025-11-18T19:24:06.914Z"}
{"level":"error","message":"POST - /api/cart/add - producto no encontrado","timestamp":"2025-11-18T19:24:51.457Z"}
{"level":"error","message":"POST - /api/cart/add - productsService.getOne is not a function","timestamp":"2025-11-18T19:26:26.142Z"}
{"level":"error","message":"POST - /api/cart/add - producto no encontrado","timestamp":"2025-11-18T19:26:56.614Z"}
{"level":"error","message":"POST - /api/cart/add - producto no encontrado","timestamp":"2025-11-18T19:27:23.388Z"}
{"level":"error","message":"POST - /api/cart/add - producto no encontrado","timestamp":"2025-11-18T19:27:52.886Z"}
{"level":"error","message":"POST - /create-payment-intent - Invalid API Key provided: sk_test_************cdef","timestamp":"2025-11-18T20:04:49.573Z"}
{"level":"error","message":"POST - /create-payment-intent - Invalid API Key provided: sk_test_************cdef","timestamp":"2025-11-18T20:09:45.701Z"}
{"level":"error","message":"POST - /create-payment-intent - Invalid API Key provided: sk_test_************cdef","timestamp":"2025-11-18T20:10:27.183Z"}
{"level":"error","message":"POST - /create-payment-intent - Invalid API Key provided: sk_test_************cdef","timestamp":"2025-11-18T20:10:34.457Z"}
{"level":"error","message":"POST - /create-payment-intent - Invalid API Key provided: sk_test_************cdef","timestamp":"2025-11-18T22:00:34.616Z"}
{"level":"error","message":"POST - /create-payment-intent - Invalid API Key provided: sk_test_************cdef","timestamp":"2025-11-18T22:00:37.483Z"}
{"level":"error","message":"POST - /create-payment-intent - Invalid API Key provided: sk_test_************cdef","timestamp":"2025-11-18T23:08:26.422Z"}
{"level":"error","message":"POST - /create-payment-intent - Invalid API Key provided: sk_test_************cdef","timestamp":"2025-11-18T23:08:37.921Z"}
{"level":"error","message":"POST - /api/products - la categoria no existe","timestamp":"2025-11-19T14:55:22.708Z"}
{"level":"error","message":"POST - /api/products - la categoria no existe","timestamp":"2025-11-19T14:58:14.028Z"}
{"level":"error","message":"POST - /create-payment-intent - Invalid API Key provided: sk_test_************cdef","timestamp":"2025-11-19T17:38:15.648Z"}
{"level":"error","message":"POST - /api/user/token - no se encontro el usuario","timestamp":"2025-11-19T17:40:04.498Z"}
{"level":"error","message":"POST - /create-payment-intent - Invalid API Key provided: sk_test_************cdef","timestamp":"2025-11-19T17:42:12.252Z"}
{"level":"error","message":"PATCH - /api/cart - ps is not defined","timestamp":"2025-11-19T17:51:48.394Z"}
{"level":"error","message":"PATCH - /api/cart - producto no encontrado","timestamp":"2025-11-19T17:52:43.191Z"}
{"level":"error","message":"PATCH - /api/cart - producto no encontrado","timestamp":"2025-11-19T17:52:49.232Z"}
{"level":"error","message":"PATCH - /api/cart - producto no encontrado","timestamp":"2025-11-19T17:53:13.515Z"}
{"level":"error","message":"PATCH - /api/cart - producto no encontrado","timestamp":"2025-11-19T17:53:29.067Z"}
{"level":"error","message":"PATCH - /api/cart - producto no encontrado","timestamp":"2025-11-19T17:55:01.636Z"}
{"level":"error","message":"PATCH - /api/cart - producto no encontrado","timestamp":"2025-11-19T17:55:15.543Z"}
{"level":"error","message":"PATCH - /api/cart - producto no encontrado","timestamp":"2025-11-19T17:55:43.608Z"}
{"level":"error","message":"PATCH - /api/cart - producto sin stock","timestamp":"2025-11-19T17:56:22.944Z"}
{"level":"error","message":"POST - /create-payment-intent - Invalid API Key provided: sk_test_************cdef","timestamp":"2025-11-19T17:56:37.180Z"}
{"level":"error","message":"PATCH - /api/cart - producto sin stock","timestamp":"2025-11-19T18:20:11.754Z"}
{"level":"error","message":"PATCH - /api/cart - producto sin stock","timestamp":"2025-11-19T18:20:23.629Z"}
{"level":"error","message":"POST - /create-payment-intent - Invalid API Key provided: sk_test_************cdef","timestamp":"2025-11-19T18:20:48.816Z"}
{"level":"error","message":"PATCH - /api/cart - producto sin stock","timestamp":"2025-11-19T20:22:38.711Z"}
{"level":"error","message":"PATCH - /api/cart - producto sin stock","timestamp":"2025-11-19T20:22:51.442Z"}
{"level":"error","message":"POST - /create-payment-intent - Invalid API Key provided: sk_test_************cdef","timestamp":"2025-11-19T20:24:17.590Z"}
{"level":"error","message":"PATCH - /api/cart - producto sin stock","timestamp":"2025-11-19T20:24:20.216Z"}
{"level":"error","message":"PATCH - /api/cart - producto sin stock","timestamp":"2025-11-19T20:24:25.209Z"}
{"level":"error","message":"PATCH - /api/cart - producto sin stock","timestamp":"2025-11-19T20:26:12.872Z"}
{"level":"error","message":"PATCH - /api/cart - producto sin stock","timestamp":"2025-11-19T20:26:15.938Z"}
{"level":"error","message":"PATCH - /api/cart - producto sin stock","timestamp":"2025-11-19T20:28:42.546Z"}
{"level":"error","message":"PATCH - /api/cart - producto sin stock","timestamp":"2025-11-19T20:29:23.454Z"}
{"level":"error","message":"POST - /create-payment-intent - Invalid API Key provided: sk_test_************cdef","timestamp":"2025-11-19T20:31:30.176Z"}
{"level":"error","message":"POST - /create-payment-intent - Invalid API Key provided: sk_test_************cdef","timestamp":"2025-11-19T20:37:18.541Z"}
{"level":"error","message":"POST - /create-payment-intent - Invalid API Key provided: sk_test_************cdef","timestamp":"2025-11-19T20:37:44.446Z"}
{"level":"error","message":"POST - /create-payment-intent - Invalid API Key provided: sk_test_************cdef","timestamp":"2025-11-19T20:38:10.877Z"}
{"level":"error","message":"POST - /create-payment-intent - Invalid API Key provided: sk_test_************cdef","timestamp":"2025-11-19T20:38:39.640Z"}
{"level":"error","message":"PATCH - /api/cart - producto sin stock","timestamp":"2025-11-19T20:38:51.512Z"}
{"level":"error","message":"PATCH - /api/cart - producto sin stock","timestamp":"2025-11-19T20:38:53.189Z"}
{"level":"error","message":"POST - /create-payment-intent - Invalid API Key provided: sk_test_************cdef","timestamp":"2025-11-19T20:41:12.964Z"}
{"level":"error","message":"POST - /create-payment-intent - Invalid API Key provided: sk_test_************cdef","timestamp":"2025-11-19T20:42:14.748Z"}
{"level":"error","message":"POST - /create-payment-intent - Invalid API Key provided: sk_test_************cdef","timestamp":"2025-11-19T20:42:52.672Z"}
{"level":"error","message":"POST - /create-payment-intent - Invalid API Key provided: sk_test_************cdef","timestamp":"2025-11-20T15:26:33.513Z"}
{"level":"error","message":"PATCH - /api/cart - Cannot read properties of null (reading 'quantity')","timestamp":"2025-11-20T15:50:01.583Z"}
{"level":"error","message":"POST - /create-payment-intent - Invalid API Key provided: sk_test_************cdef","timestamp":"2025-11-20T17:07:04.407Z"}
{"level":"error","message":"POST - /api/cart - Cast to ObjectId failed for value \"{ _id: undefined }\" (type Object) at path \"_id\" for model \"Product\"","timestamp":"2025-11-20T17:07:08.247Z"}
{"level":"error","message":"POST - /create-payment-intent - Invalid API Key provided: sk_test_************cdef","timestamp":"2025-11-20T17:32:15.231Z"}
{"level":"error","message":"POST - /create-payment-intent - Invalid API Key provided: sk_test_************cdef","timestamp":"2025-11-20T17:33:01.674Z"}
{"level":"error","message":"POST - /create-payment-intent - Invalid API Key provided: sk_test_************cdef","timestamp":"2025-11-20T17:34:28.607Z"}
{"level":"error","message":"POST - /create-payment-intent - Invalid API Key provided: sk_test_************cdef","timestamp":"2025-11-20T17:34:44.646Z"}
{"level":"error","message":"POST - /api/cart - producto sin stock disponible","timestamp":"2025-11-20T17:34:57.007Z"}
{"level":"error","message":"POST - /api/cart - producto sin stock disponible","timestamp":"2025-11-20T17:36:07.959Z"}
{"level":"error","message":"POST - /create-payment-intent - Invalid API Key provided: sk_test_************cdef","timestamp":"2025-11-20T17:36:30.214Z"}
{"level":"error","message":"POST - /create-payment-intent - Invalid API Key provided: sk_test_************cdef","timestamp":"2025-11-20T17:36:35.244Z"}
{"level":"error","message":"POST - /api/cart - producto sin stock disponible","timestamp":"2025-11-20T17:36:51.295Z"}
{"level":"error","message":"POST - /create-payment-intent - Invalid API Key provided: sk_test_************cdef","timestamp":"2025-11-20T17:37:16.129Z"}
{"level":"error","message":"POST - /api/cart - producto sin stock disponible","timestamp":"2025-11-20T17:37:19.885Z"}
{"level":"error","message":"POST - /create-payment-intent - Invalid API Key provided: sk_test_************cdef","timestamp":"2025-11-20T17:38:17.548Z"}
{"level":"error","message":"POST - /api/cart - producto sin stock disponible","timestamp":"2025-11-20T17:39:19.860Z"}
{"level":"error","message":"POST - /create-payment-intent - Invalid API Key provided: sk_test_************cdef","timestamp":"2025-11-20T17:41:47.165Z"}
{"level":"error","message":"POST - /api/cart - producto sin stock disponible","timestamp":"2025-11-20T17:42:09.855Z"}
{"level":"error","message":"POST - /create-payment-intent - Invalid API Key provided: sk_test_************cdef","timestamp":"2025-11-20T17:43:00.437Z"}
{"level":"error","message":"POST - /create-payment-intent - Invalid API Key provided: sk_test_************cdef","timestamp":"2025-11-20T18:49:23.740Z"}
{"level":"error","message":"PATCH - /api/products/6919fe67f9c826abe6503731 - Cannot read properties of null (reading 'title')","timestamp":"2025-11-20T19:23:06.425Z"}
{"level":"error","message":"PATCH - /api/products/6919fe67f9c826abe6503731 - Cannot read properties of null (reading 'title')","timestamp":"2025-11-20T19:23:15.834Z"}
{"level":"error","message":"PATCH - /api/products/6919fe67f9c826abe6503731 - Cannot read properties of null (reading 'title')","timestamp":"2025-11-20T19:23:44.599Z"}
{"level":"error","message":"PATCH - /api/products/691ddb57aacc2ee8de7f3960 - Parameter \"filter\" to updateOne() must be an object, got \"691ddb57aacc2ee8de7f3960\" (type string)","timestamp":"2025-11-20T19:24:35.011Z"}
{"level":"error","message":"PATCH - /api/products/691ddb57aacc2ee8de7f3960 - Parameter \"filter\" to updateOne() must be an object, got \"691ddb57aacc2ee8de7f3960\" (type string)","timestamp":"2025-11-20T19:25:17.238Z"}
{"level":"error","message":"PATCH - /api/products/691ddb57aacc2ee8de7f3960 - Parameter \"filter\" to updateOne() must be an object, got \"691ddb57aacc2ee8de7f3960\" (type object)","timestamp":"2025-11-20T19:25:45.502Z"}
{"level":"error","message":"PATCH - /api/products/691ddb57aacc2ee8de7f3960 - Product.update is not a function","timestamp":"2025-11-20T19:25:58.844Z"}
{"level":"error","message":"PATCH - /api/productsundefined - Unexpected token '\"', \"\"{\\\"title\\\"... is not valid JSON","timestamp":"2025-11-20T19:35:34.271Z"}
{"level":"error","message":"PATCH - /api/productsundefined - Unexpected token '\"', \"\"{\\\"title\\\"... is not valid JSON","timestamp":"2025-11-20T19:35:58.187Z"}
{"level":"error","message":"PATCH - /api/products/undefined - Unexpected token '\"', \"\"{\\\"title\\\"... is not valid JSON","timestamp":"2025-11-20T19:36:12.387Z"}
{"level":"error","message":"PATCH - /api/products/undefined - Unexpected token '\"', \"\"{\\\"title\\\"... is not valid JSON","timestamp":"2025-11-20T19:36:52.739Z"}
{"level":"error","message":"PATCH - /api/products/691dfd533668637c798cacf0 - Unexpected token '\"', \"\"{\\\"title\\\"... is not valid JSON","timestamp":"2025-11-20T19:37:45.414Z"}
{"level":"error","message":"PATCH - /api/products/691dfd533668637c798cacf0 - Unexpected token '\"', \"\"{\\\"title\\\"... is not valid JSON","timestamp":"2025-11-20T19:37:55.172Z"}
{"level":"error","message":"PATCH - /api/products/691dfd533668637c798cacf0 - Unexpected token '\"', \"\"{\\\"title\\\"... is not valid JSON","timestamp":"2025-11-20T19:38:32.457Z"}
{"level":"error","message":"PATCH - /api/products/691dfd533668637c798cacf0 - Unexpected token '\"', \"\"{\\\"title\\\"... is not valid JSON","timestamp":"2025-11-20T19:40:36.667Z"}
{"level":"error","message":"PATCH - /api/products/691dfd533668637c798cacf0 - Unexpected token '\"', \"\"{\\\"title\\\"... is not valid JSON","timestamp":"2025-11-20T19:40:51.505Z"}
{"level":"error","message":"POST - /create-payment-intent - Invalid API Key provided: sk_test_************cdef","timestamp":"2025-11-20T19:43:26.997Z"}
{"level":"error","message":"POST - /create-payment-intent - Invalid API Key provided: sk_test_************cdef","timestamp":"2025-11-20T19:43:37.426Z"}
{"level":"error","message":"POST - /api/user/login - invalid Email or Password","timestamp":"2025-11-20T20:19:14.755Z"}
{"level":"error","message":"POST - /api/user/login - invalid Email or Password","timestamp":"2025-11-20T20:26:44.275Z"}
{"level":"error","message":"POST - /api/user/login - invalid Email or Password","timestamp":"2025-11-20T20:27:00.413Z"}
{"level":"error","message":"POST - /api/user/login - invalid Email or Password","timestamp":"2025-11-20T20:29:08.622Z"}
{"level":"error","message":"POST - /api/user/login - invalid Email or Password","timestamp":"2025-11-20T20:30:22.909Z"}
{"level":"error","message":"POST - /api/user/login - invalid Email or Password","timestamp":"2025-11-20T20:30:26.341Z"}
{"level":"error","message":"POST - /api/user/login - invalid Email or Password","timestamp":"2025-11-20T20:30:45.902Z"}
{"level":"error","message":"POST - /api/user/login - invalid Email or Password","timestamp":"2025-11-20T20:31:38.640Z"}
{"level":"error","message":"POST - /api/user/login - invalid Email or Password","timestamp":"2025-11-20T20:31:59.185Z"}
{"level":"error","message":"POST - /api/user/login - invalid Email or Password","timestamp":"2025-11-20T20:32:30.657Z"}
{"level":"error","message":"POST - /api/user/login - invalid Email or Password","timestamp":"2025-11-20T20:33:21.935Z"}
{"level":"error","message":"POST - /api/user/login - invalid Email or Password","timestamp":"2025-11-20T20:33:28.325Z"}
{"level":"error","message":"POST - /api/user/login - invalid Email or Password","timestamp":"2025-11-20T20:34:06.102Z"}
{"level":"error","message":"POST - /api/user/login - invalid Email or Password","timestamp":"2025-11-20T20:34:48.520Z"}
{"level":"error","message":"POST - /api/user/login - invalid Email or Password","timestamp":"2025-11-20T20:35:42.243Z"}
{"level":"error","message":"POST - /api/user/login - invalid Email or Password","timestamp":"2025-11-20T20:36:08.342Z"}
{"level":"error","message":"POST - /api/user/login - invalid Email or Password","timestamp":"2025-11-20T20:36:27.286Z"}
{"level":"error","message":"POST - /api/user/login - invalid Email or Password","timestamp":"2025-11-20T20:36:30.808Z"}
{"level":"error","message":"POST - /api/user/login - invalid Email or Password","timestamp":"2025-11-20T20:37:00.124Z"}
{"level":"error","message":"POST - /create-payment-intent - Invalid API Key provided: sk_test_************cdef","timestamp":"2025-11-20T21:26:09.150Z"}
{"level":"error","message":"POST - /create-payment-intent - Invalid API Key provided: sk_test_************cdef","timestamp":"2025-11-20T22:12:07.502Z"}
{"level":"error","message":"POST - /create-payment-intent - Invalid API Key provided: sk_test_************cdef","timestamp":"2025-11-20T22:52:36.494Z"}
{"level":"error","message":"POST - /create-payment-intent - Invalid API Key provided: sk_test_************cdef","timestamp":"2025-11-20T22:53:11.856Z"}
{"level":"error","message":"POST - /create-payment-intent - Invalid API Key provided: sk_test_************cdef","timestamp":"2025-11-20T22:53:38.570Z"}
{"level":"error","message":"POST - /api/cart - producto sin stock disponible","timestamp":"2025-11-20T22:53:40.519Z"}
{"level":"error","message":"POST - /api/cart - producto sin stock disponible","timestamp":"2025-11-20T22:53:48.909Z"}
{"level":"error","message":"POST - /api/cart - producto sin stock disponible","timestamp":"2025-11-20T22:54:09.972Z"}
{"level":"error","message":"POST - /create-payment-intent - Invalid API Key provided: sk_test_************cdef","timestamp":"2025-11-20T22:55:22.189Z"}
{"level":"error","message":"POST - /api/cart - producto sin stock disponible","timestamp":"2025-11-20T22:55:27.371Z"}
{"level":"error","message":"POST - /create-payment-intent - Invalid API Key provided: sk_test_************cdef","timestamp":"2025-11-20T23:33:10.797Z"}
{"level":"error","message":"POST - /api/cart - producto sin stock disponible","timestamp":"2025-11-20T23:33:19.752Z"}
{"level":"error","message":"POST - /create-payment-intent - Invalid API Key provided: sk_test_************cdef","timestamp":"2025-11-20T23:33:27.610Z"}
{"level":"error","message":"POST - /api/cart - producto sin stock disponible","timestamp":"2025-11-20T23:33:31.969Z"}
{"level":"error","message":"POST - /api/cart - producto sin stock disponible","timestamp":"2025-11-20T23:33:33.049Z"}
{"level":"error","message":"POST - /create-payment-intent - Invalid API Key provided: sk_test_************cdef","timestamp":"2025-11-20T23:33:35.507Z"}
{"level":"error","message":"POST - /api/cart - producto sin stock disponible","timestamp":"2025-11-20T23:33:45.098Z"}
{"level":"error","message":"POST - /create-payment-intent - Invalid API Key provided: sk_test_************cdef","timestamp":"2025-11-20T23:34:12.192Z"}
{"level":"error","message":"POST - /create-payment-intent - Invalid API Key provided: sk_test_************cdef","timestamp":"2025-11-20T23:34:16.388Z"}
{"level":"error","message":"POST - /create-payment-intent - Invalid API Key provided: sk_test_************cdef","timestamp":"2025-11-21T00:23:04.526Z"}
{"level":"error","message":"POST - /api/cart - producto sin stock disponible","timestamp":"2025-11-21T00:23:09.940Z"}
{"level":"error","message":"POST - /api/cart - producto sin stock disponible","timestamp":"2025-11-21T00:23:13.831Z"}
{"level":"error","message":"POST - /create-payment-intent - Invalid API Key provided: sk_test_************cdef","timestamp":"2025-11-21T01:08:21.850Z"}
{"level":"error","message":"POST - /create-payment-intent - Invalid API Key provided: sk_test_************cdef","timestamp":"2025-11-21T01:08:33.315Z"}
{"level":"error","message":"POST - /create-payment-intent - Invalid API Key provided: sk_test_************cdef","timestamp":"2025-11-21T01:09:00.357Z"}
{"level":"error","message":"POST - /create-payment-intent - Invalid API Key provided: sk_test_************cdef","timestamp":"2025-11-21T01:10:31.661Z"}
{"level":"error","message":"POST - /create-payment-intent - Invalid API Key provided: sk_test_************cdef","timestamp":"2025-11-21T01:17:12.341Z"}
{"level":"error","message":"POST - /create-payment-intent - Invalid API Key provided: sk_test_************cdef","timestamp":"2025-11-21T01:18:30.835Z"}
{"level":"error","message":"GET - /api/products - Socket 'secureConnect' timed out after 30002ms (connectTimeoutMS: 30000)","timestamp":"2025-11-24T18:52:09.805Z"}
{"level":"error","message":"POST - /create-payment-intent - Invalid API Key provided: sk_test_************cdef","timestamp":"2025-11-24T19:16:35.364Z"}
{"level":"error","message":"POST - /create-payment-intent - Invalid API Key provided: sk_test_************cdef","timestamp":"2025-11-24T19:23:19.915Z"}
{"level":"error","message":"POST - /create-payment-intent - Invalid API Key provided: sk_test_************cdef","timestamp":"2025-11-24T19:24:17.351Z"}
{"level":"error","message":"POST - /create-payment-intent - Invalid API Key provided: sk_test_************cdef","timestamp":"2025-11-24T19:33:30.041Z"}
{"level":"error","message":"POST - /create-payment-intent - Invalid API Key provided: sk_test_************cdef","timestamp":"2025-11-24T19:36:44.887Z"}
{"level":"error","message":"POST - /create-payment-intent - Invalid API Key provided: sk_test_************cdef","timestamp":"2025-11-24T19:48:45.252Z"}
{"level":"error","message":"GET - /api/products/691f5c315230bb0234c2fca0 - connection <monitor> to 159.41.35.92:27017 timed out","timestamp":"2025-11-24T20:01:14.623Z"}
{"level":"error","message":"GET - /api/cart - connection <monitor> to 159.41.35.92:27017 timed out","timestamp":"2025-11-24T20:01:14.627Z"}
{"level":"error","message":"POST - /api/user/login - connection <monitor> to 159.41.35.92:27017 timed out","timestamp":"2025-11-24T20:01:14.628Z"}
{"level":"error","message":"GET - /api/products - getaddrinfo EAI_AGAIN ac-zymi4sy-shard-00-00.wz43y7w.mongodb.net","timestamp":"2025-11-24T20:02:45.961Z"}
{"level":"error","message":"POST - /create-payment-intent - Invalid API Key provided: sk_test_************cdef","timestamp":"2025-11-24T23:25:38.665Z"}
{"level":"error","message":"GET - /api/products/filter?search=reme&sort=price-asc&page=1&limit=6 - Can't use status with String.","timestamp":"2025-11-25T00:14:46.021Z"}
{"level":"error","message":"POST - /api/cart - producto sin stock disponible","timestamp":"2025-11-25T00:18:22.899Z"}
{"level":"error","message":"POST - /create-payment-intent - Invalid API Key provided: sk_test_************cdef","timestamp":"2025-11-25T00:39:02.559Z"}
{"level":"error","message":"POST - /api/cart - producto sin stock disponible","timestamp":"2025-11-25T00:49:52.536Z"}
{"level":"error","message":"POST - /api/cart - producto sin stock disponible","timestamp":"2025-11-25T00:49:55.603Z"}
{"level":"error","message":"POST - /api/cart - producto sin stock disponible","timestamp":"2025-11-25T00:51:37.494Z"}
{"level":"error","message":"POST - /api/cart - producto sin stock disponible","timestamp":"2025-11-25T00:52:01.785Z"}
{"level":"error","message":"POST - /api/cart - producto sin stock disponible","timestamp":"2025-11-25T00:52:12.300Z"}
{"level":"error","message":"POST - /api/cart - producto sin stock disponible","timestamp":"2025-11-25T00:53:07.108Z"}
{"level":"error","message":"POST - /api/cart - producto sin stock disponible","timestamp":"2025-11-25T00:53:24.199Z"}
{"level":"error","message":"POST - /api/cart - producto sin stock disponible","timestamp":"2025-11-25T00:53:39.531Z"}
{"level":"error","message":"POST - /api/cart - producto sin stock disponible","timestamp":"2025-11-25T00:54:04.956Z"}
{"level":"error","message":"POST - /api/cart - producto sin stock disponible","timestamp":"2025-11-25T00:54:09.563Z"}
{"level":"error","message":"POST - /api/cart - producto sin stock disponible","timestamp":"2025-11-25T00:54:25.026Z"}
{"level":"error","message":"POST - /api/cart - producto sin stock disponible","timestamp":"2025-11-25T00:56:16.037Z"}
{"level":"error","message":"POST - /api/cart - producto sin stock disponible","timestamp":"2025-11-25T12:09:08.181Z"}
{"level":"error","message":"POST - /create-payment-intent - Invalid API Key provided: sk_test_************cdef","timestamp":"2025-11-25T12:11:57.267Z"}
{"level":"error","message":"POST - /create-payment-intent - Invalid API Key provided: sk_test_************cdef","timestamp":"2025-11-25T12:22:39.623Z"}
{"level":"error","message":"POST - /create-payment-intent - Invalid API Key provided: sk_test_************cdef","timestamp":"2025-11-25T12:23:50.473Z"}
{"level":"error","message":"POST - /create-payment-intent - Invalid API Key provided: sk_test_************cdef","timestamp":"2025-11-25T12:24:52.732Z"}
{"level":"error","message":"POST - /api/cart - producto sin stock disponible","timestamp":"2025-11-25T14:24:44.929Z"}
