{"level":"info","message":"OPTIONS - /api/category - /api/category","timestamp":"2025-11-19T12:50:49.211Z"}
{"level":"info","message":"OPTIONS - /api/cart - /api/cart","timestamp":"2025-11-19T12:50:49.219Z"}
{"level":"info","message":"GET - /api/category - /api/category","timestamp":"2025-11-19T12:50:49.222Z"}
{"level":"info","message":"GET - /api/cart - /api/cart","timestamp":"2025-11-19T12:50:49.233Z"}
{"level":"info","message":"GET - /api/cart - /api/cart","timestamp":"2025-11-19T12:50:49.481Z"}
{"level":"info","message":"OPTIONS - /api/user/login - /api/user/login","timestamp":"2025-11-19T12:50:56.936Z"}
{"level":"info","message":"POST - /api/user/login - /api/user/login","timestamp":"2025-11-19T12:50:56.940Z"}
{"level":"info","message":"OPTIONS - /api/cart - /api/cart","timestamp":"2025-11-19T12:50:57.061Z"}
{"level":"info","message":"GET - /api/cart - /api/cart","timestamp":"2025-11-19T12:50:57.063Z"}
{"level":"info","message":"OPTIONS - /api/category - /api/category","timestamp":"2025-11-19T12:50:57.080Z"}
{"level":"info","message":"GET - /api/category - /api/category","timestamp":"2025-11-19T12:50:57.084Z"}
{"level":"info","message":"OPTIONS - /api/products - /api/products","timestamp":"2025-11-19T12:51:23.551Z"}
{"level":"info","message":"POST - /api/products - /api/products","timestamp":"2025-11-19T12:51:23.554Z"}
{"level":"info","message":"OPTIONS - /api/products - /api/products","timestamp":"2025-11-19T12:58:42.256Z"}
{"level":"info","message":"POST - /api/products - /api/products","timestamp":"2025-11-19T12:58:42.264Z"}
{"level":"info","message":"OPTIONS - /api/user/login - /api/user/login","timestamp":"2025-11-19T12:58:51.470Z"}
{"level":"info","message":"POST - /api/user/login - /api/user/login","timestamp":"2025-11-19T12:58:51.475Z"}
{"level":"info","message":"OPTIONS - /api/cart - /api/cart","timestamp":"2025-11-19T12:58:51.624Z"}
{"level":"info","message":"GET - /api/cart - /api/cart","timestamp":"2025-11-19T12:58:51.628Z"}
{"level":"info","message":"OPTIONS - /api/category - /api/category","timestamp":"2025-11-19T12:58:51.651Z"}
{"level":"info","message":"GET - /api/category - /api/category","timestamp":"2025-11-19T12:58:51.654Z"}
{"level":"info","message":"OPTIONS - /api/products - /api/products","timestamp":"2025-11-19T12:59:15.268Z"}
{"level":"info","message":"POST - /api/products - /api/products","timestamp":"2025-11-19T12:59:15.274Z"}
{"level":"info","message":"OPTIONS - /api/products - /api/products","timestamp":"2025-11-19T12:59:24.216Z"}
{"level":"info","message":"POST - /api/products - /api/products","timestamp":"2025-11-19T12:59:24.219Z"}
{"level":"info","message":"OPTIONS - /api/category - /api/category","timestamp":"2025-11-19T13:01:08.910Z"}
{"level":"info","message":"OPTIONS - /api/cart - /api/cart","timestamp":"2025-11-19T13:01:08.913Z"}
{"level":"info","message":"GET - /api/category - /api/category","timestamp":"2025-11-19T13:01:08.917Z"}
{"level":"info","message":"GET - /api/cart - /api/cart","timestamp":"2025-11-19T13:01:08.920Z"}
{"level":"info","message":"GET - /api/category - /api/category","timestamp":"2025-11-19T13:01:09.058Z"}
{"level":"info","message":"GET - /api/cart - /api/cart","timestamp":"2025-11-19T13:01:09.111Z"}
{"level":"info","message":"OPTIONS - /api/products - /api/products","timestamp":"2025-11-19T13:01:27.681Z"}
{"level":"info","message":"GET - /api/products - /api/products","timestamp":"2025-11-19T13:01:27.685Z"}
{"level":"info","message":"OPTIONS - /api/category - /api/category","timestamp":"2025-11-19T13:01:31.499Z"}
{"level":"info","message":"GET - /api/category - /api/category","timestamp":"2025-11-19T13:01:31.504Z"}
{"level":"info","message":"GET - /api/products/category/Calzado - /api/products/category/Calzado","timestamp":"2025-11-19T13:01:32.355Z"}
{"level":"info","message":"GET - /api/products/category/Calzado - /api/products/category/Calzado","timestamp":"2025-11-19T13:01:55.528Z"}
{"level":"info","message":"OPTIONS - /api/cart - /api/cart","timestamp":"2025-11-19T13:01:55.535Z"}
{"level":"info","message":"GET - /api/cart - /api/cart","timestamp":"2025-11-19T13:01:55.538Z"}
{"level":"info","message":"OPTIONS - /api/category - /api/category","timestamp":"2025-11-19T13:01:55.630Z"}
{"level":"info","message":"GET - /api/category - /api/category","timestamp":"2025-11-19T13:01:55.633Z"}
{"level":"info","message":"OPTIONS - /api/category - /api/category","timestamp":"2025-11-19T13:59:45.924Z"}
{"level":"info","message":"GET - /api/cart - /api/cart","timestamp":"2025-11-19T13:59:51.545Z"}
{"level":"info","message":"OPTIONS - /api/user/login - /api/user/login","timestamp":"2025-11-19T13:59:59.455Z"}
{"level":"info","message":"POST - /api/user/login - /api/user/login","timestamp":"2025-11-19T13:59:59.460Z"}
{"level":"info","message":"OPTIONS - /api/cart - /api/cart","timestamp":"2025-11-19T13:59:59.600Z"}
{"level":"info","message":"OPTIONS - /api/category - /api/category","timestamp":"2025-11-19T13:59:59.621Z"}
{"level":"info","message":"GET - /api/category - /api/category","timestamp":"2025-11-19T14:00:05.928Z"}
{"level":"info","message":"GET - /api/cart - /api/cart","timestamp":"2025-11-19T14:00:06.830Z"}
{"level":"info","message":"GET - /api/category - /api/category","timestamp":"2025-11-19T14:00:07.474Z"}
{"level":"info","message":"GET - /api/category - /api/category","timestamp":"2025-11-19T14:00:07.580Z"}
{"level":"info","message":"GET - /api/products/category/Calzado - /api/products/category/Calzado","timestamp":"2025-11-19T14:00:09.114Z"}
{"level":"info","message":"GET - /api/products/691dbf2ca95faa8a300c9cef - /api/products/691dbf2ca95faa8a300c9cef","timestamp":"2025-11-19T14:01:34.501Z"}
{"level":"info","message":"GET - /api/products/691dbf2ca95faa8a300c9cef - /api/products/691dbf2ca95faa8a300c9cef","timestamp":"2025-11-19T14:03:33.643Z"}
{"level":"info","message":"OPTIONS - /api/cart - /api/cart","timestamp":"2025-11-19T14:03:33.652Z"}
{"level":"info","message":"GET - /api/cart - /api/cart","timestamp":"2025-11-19T14:03:33.656Z"}
{"level":"info","message":"GET - /api/products/691dbf2ca95faa8a300c9cef - /api/products/691dbf2ca95faa8a300c9cef","timestamp":"2025-11-19T14:05:30.798Z"}
{"level":"info","message":"OPTIONS - /api/category - /api/category","timestamp":"2025-11-19T14:08:37.234Z"}
{"level":"info","message":"GET - /api/category - /api/category","timestamp":"2025-11-19T14:08:37.237Z"}
{"level":"info","message":"GET - /api/products/category/Ropa - /api/products/category/Ropa","timestamp":"2025-11-19T14:08:39.201Z"}
{"level":"info","message":"GET - /api/products/691d17afbfad3bc779702322 - /api/products/691d17afbfad3bc779702322","timestamp":"2025-11-19T14:08:43.362Z"}
{"level":"info","message":"OPTIONS - /api/category - /api/category","timestamp":"2025-11-19T14:08:45.660Z"}
{"level":"info","message":"GET - /api/category - /api/category","timestamp":"2025-11-19T14:08:45.665Z"}
{"level":"info","message":"GET - /api/products/category/Calzado - /api/products/category/Calzado","timestamp":"2025-11-19T14:08:47.440Z"}
{"level":"info","message":"OPTIONS - /api/category - /api/category","timestamp":"2025-11-19T14:09:20.588Z"}
{"level":"info","message":"GET - /api/category - /api/category","timestamp":"2025-11-19T14:09:20.592Z"}
{"level":"info","message":"GET - /api/category - /api/category","timestamp":"2025-11-19T14:09:23.029Z"}
{"level":"info","message":"OPTIONS - /api/products - /api/products","timestamp":"2025-11-19T14:09:23.807Z"}
{"level":"info","message":"GET - /api/products - /api/products","timestamp":"2025-11-19T14:09:23.812Z"}
{"level":"info","message":"OPTIONS - /api/products/691d17afbfad3bc779702322 - /api/products/691d17afbfad3bc779702322","timestamp":"2025-11-19T14:09:28.405Z"}
{"level":"info","message":"DELETE - /api/products/691d17afbfad3bc779702322 - /api/products/691d17afbfad3bc779702322","timestamp":"2025-11-19T14:09:28.410Z"}
{"level":"info","message":"GET - /api/products - /api/products","timestamp":"2025-11-19T14:09:28.803Z"}
{"level":"info","message":"OPTIONS - /api/products/691dbd4b9ee7127e88319905 - /api/products/691dbd4b9ee7127e88319905","timestamp":"2025-11-19T14:09:30.830Z"}
{"level":"info","message":"DELETE - /api/products/691dbd4b9ee7127e88319905 - /api/products/691dbd4b9ee7127e88319905","timestamp":"2025-11-19T14:09:30.835Z"}
{"level":"info","message":"OPTIONS - /api/products - /api/products","timestamp":"2025-11-19T14:09:30.896Z"}
{"level":"info","message":"GET - /api/products - /api/products","timestamp":"2025-11-19T14:09:30.904Z"}
{"level":"info","message":"OPTIONS - /api/category - /api/category","timestamp":"2025-11-19T14:09:31.852Z"}
{"level":"info","message":"GET - /api/category - /api/category","timestamp":"2025-11-19T14:09:31.857Z"}
{"level":"info","message":"GET - /api/products/category/Ropa - /api/products/category/Ropa","timestamp":"2025-11-19T14:09:32.831Z"}
{"level":"info","message":"GET - /api/category - /api/category","timestamp":"2025-11-19T14:09:34.770Z"}
{"level":"info","message":"GET - /api/products/category/Ropa - /api/products/category/Ropa","timestamp":"2025-11-19T14:09:36.152Z"}
{"level":"info","message":"OPTIONS - /api/category - /api/category","timestamp":"2025-11-19T14:09:37.861Z"}
{"level":"info","message":"GET - /api/category - /api/category","timestamp":"2025-11-19T14:09:37.866Z"}
{"level":"info","message":"GET - /api/products/category/Calzado - /api/products/category/Calzado","timestamp":"2025-11-19T14:09:39.334Z"}
{"level":"info","message":"GET - /api/category - /api/category","timestamp":"2025-11-19T14:09:41.028Z"}
{"level":"info","message":"OPTIONS - /api/category - /api/category","timestamp":"2025-11-19T14:09:42.932Z"}
{"level":"info","message":"GET - /api/category - /api/category","timestamp":"2025-11-19T14:09:42.936Z"}
{"level":"info","message":"OPTIONS - /api/products - /api/products","timestamp":"2025-11-19T14:09:43.817Z"}
{"level":"info","message":"GET - /api/products - /api/products","timestamp":"2025-11-19T14:09:43.822Z"}
{"level":"info","message":"OPTIONS - /api/products/691dbf2ca95faa8a300c9cef - /api/products/691dbf2ca95faa8a300c9cef","timestamp":"2025-11-19T14:09:47.413Z"}
{"level":"info","message":"DELETE - /api/products/691dbf2ca95faa8a300c9cef - /api/products/691dbf2ca95faa8a300c9cef","timestamp":"2025-11-19T14:09:47.416Z"}
{"level":"info","message":"GET - /api/products - /api/products","timestamp":"2025-11-19T14:09:48.369Z"}
{"level":"info","message":"OPTIONS - /api/category - /api/category","timestamp":"2025-11-19T14:09:49.845Z"}
{"level":"info","message":"GET - /api/category - /api/category","timestamp":"2025-11-19T14:09:49.852Z"}
{"level":"info","message":"GET - /api/products/category/Hogar - /api/products/category/Hogar","timestamp":"2025-11-19T14:09:50.954Z"}
{"level":"info","message":"GET - /api/category - /api/category","timestamp":"2025-11-19T14:09:51.789Z"}
{"level":"info","message":"GET - /api/products/category/Calzado - /api/products/category/Calzado","timestamp":"2025-11-19T14:09:52.516Z"}
{"level":"info","message":"GET - /api/category - /api/category","timestamp":"2025-11-19T14:09:54.377Z"}
{"level":"info","message":"GET - /api/products/category/Ropa - /api/products/category/Ropa","timestamp":"2025-11-19T14:09:55.203Z"}
{"level":"info","message":"GET - /api/products/category/Ropa - /api/products/category/Ropa","timestamp":"2025-11-19T14:12:43.979Z"}
{"level":"info","message":"OPTIONS - /api/cart - /api/cart","timestamp":"2025-11-19T14:12:43.994Z"}
{"level":"info","message":"GET - /api/cart - /api/cart","timestamp":"2025-11-19T14:12:44.000Z"}
{"level":"info","message":"OPTIONS - /api/category - /api/category","timestamp":"2025-11-19T14:12:44.940Z"}
{"level":"info","message":"GET - /api/category - /api/category","timestamp":"2025-11-19T14:12:44.946Z"}
{"level":"info","message":"GET - /api/products/category/Calzado - /api/products/category/Calzado","timestamp":"2025-11-19T14:12:46.331Z"}
{"level":"info","message":"OPTIONS - /api/category - /api/category","timestamp":"2025-11-19T14:13:04.965Z"}
{"level":"info","message":"GET - /api/category - /api/category","timestamp":"2025-11-19T14:13:04.972Z"}
{"level":"info","message":"GET - /api/products/category/Ropa - /api/products/category/Ropa","timestamp":"2025-11-19T14:13:06.194Z"}
{"level":"info","message":"GET - /api/category - /api/category","timestamp":"2025-11-19T14:13:07.530Z"}
{"level":"info","message":"OPTIONS - /api/products - /api/products","timestamp":"2025-11-19T14:13:08.534Z"}
{"level":"info","message":"GET - /api/products - /api/products","timestamp":"2025-11-19T14:13:08.539Z"}
{"level":"info","message":"OPTIONS - /api/category - /api/category","timestamp":"2025-11-19T14:13:28.174Z"}
{"level":"info","message":"GET - /api/category - /api/category","timestamp":"2025-11-19T14:13:28.184Z"}
{"level":"info","message":"GET - /api/products/category/Ropa - /api/products/category/Ropa","timestamp":"2025-11-19T14:13:28.904Z"}
{"level":"info","message":"GET - /api/category - /api/category","timestamp":"2025-11-19T14:13:30.210Z"}
{"level":"info","message":"GET - /api/products/category/Calzado - /api/products/category/Calzado","timestamp":"2025-11-19T14:13:30.845Z"}
{"level":"info","message":"GET - /api/products/691dbf2ca95faa8a300c9cef - /api/products/691dbf2ca95faa8a300c9cef","timestamp":"2025-11-19T14:14:01.415Z"}
{"level":"info","message":"GET - /api/products/691dbf2ca95faa8a300c9cef - /api/products/691dbf2ca95faa8a300c9cef","timestamp":"2025-11-19T14:14:36.356Z"}
{"level":"info","message":"OPTIONS - /api/cart - /api/cart","timestamp":"2025-11-19T14:14:36.377Z"}
{"level":"info","message":"GET - /api/cart - /api/cart","timestamp":"2025-11-19T14:14:36.387Z"}
{"level":"info","message":"OPTIONS - /api/category - /api/category","timestamp":"2025-11-19T14:14:39.293Z"}
{"level":"info","message":"GET - /api/category - /api/category","timestamp":"2025-11-19T14:14:39.301Z"}
{"level":"info","message":"GET - /api/products/category/Ropa - /api/products/category/Ropa","timestamp":"2025-11-19T14:14:40.647Z"}
{"level":"info","message":"OPTIONS - /api/category - /api/category","timestamp":"2025-11-19T14:15:26.164Z"}
{"level":"info","message":"GET - /api/category - /api/category","timestamp":"2025-11-19T14:15:26.173Z"}
{"level":"info","message":"GET - /api/products/category/Ropa - /api/products/category/Ropa","timestamp":"2025-11-19T14:15:27.211Z"}
{"level":"info","message":"OPTIONS - /api/category - /api/category","timestamp":"2025-11-19T14:15:48.906Z"}
{"level":"info","message":"GET - /api/category - /api/category","timestamp":"2025-11-19T14:15:48.917Z"}
{"level":"info","message":"GET - /api/products/category/Ropa - /api/products/category/Ropa","timestamp":"2025-11-19T14:15:49.797Z"}
{"level":"info","message":"OPTIONS - /api/category - /api/category","timestamp":"2025-11-19T14:17:31.214Z"}
{"level":"info","message":"GET - /api/category - /api/category","timestamp":"2025-11-19T14:17:31.224Z"}
{"level":"info","message":"GET - /api/products/category/Ropa - /api/products/category/Ropa","timestamp":"2025-11-19T14:17:32.031Z"}
{"level":"info","message":"OPTIONS - /api/category - /api/category","timestamp":"2025-11-19T14:18:28.824Z"}
{"level":"info","message":"GET - /api/category - /api/category","timestamp":"2025-11-19T14:18:28.833Z"}
{"level":"info","message":"GET - /api/products/category/Ropa - /api/products/category/Ropa","timestamp":"2025-11-19T14:18:29.504Z"}
{"level":"info","message":"OPTIONS - /api/category - /api/category","timestamp":"2025-11-19T14:19:12.274Z"}
{"level":"info","message":"GET - /api/category - /api/category","timestamp":"2025-11-19T14:19:12.286Z"}
{"level":"info","message":"GET - /api/products/category/Ropa - /api/products/category/Ropa","timestamp":"2025-11-19T14:19:13.311Z"}
{"level":"info","message":"OPTIONS - /api/category - /api/category","timestamp":"2025-11-19T14:19:31.582Z"}
{"level":"info","message":"GET - /api/category - /api/category","timestamp":"2025-11-19T14:19:31.589Z"}
{"level":"info","message":"GET - /api/products/category/Ropa - /api/products/category/Ropa","timestamp":"2025-11-19T14:19:32.610Z"}
{"level":"info","message":"GET - /api/category - /api/category","timestamp":"2025-11-19T14:19:34.136Z"}
{"level":"info","message":"GET - /api/products/category/Calzado - /api/products/category/Calzado","timestamp":"2025-11-19T14:19:35.086Z"}
{"level":"info","message":"GET - /api/category - /api/category","timestamp":"2025-11-19T14:19:36.387Z"}
{"level":"info","message":"GET - /api/products/category/Hogar - /api/products/category/Hogar","timestamp":"2025-11-19T14:19:37.366Z"}
{"level":"info","message":"OPTIONS - /api/category - /api/category","timestamp":"2025-11-19T14:19:38.656Z"}
{"level":"info","message":"GET - /api/category - /api/category","timestamp":"2025-11-19T14:19:38.664Z"}
{"level":"info","message":"GET - /api/products/category/Ropa - /api/products/category/Ropa","timestamp":"2025-11-19T14:20:31.709Z"}
{"level":"info","message":"GET - /api/products/category/Ropa - /api/products/category/Ropa","timestamp":"2025-11-19T14:20:53.795Z"}
{"level":"info","message":"GET - /api/products/category/Ropa - /api/products/category/Ropa","timestamp":"2025-11-19T14:22:44.796Z"}
{"level":"info","message":"GET - /api/products/category/Ropa - /api/products/category/Ropa","timestamp":"2025-11-19T14:22:53.799Z"}
{"level":"info","message":"OPTIONS - /api/category - /api/category","timestamp":"2025-11-19T14:23:00.057Z"}
{"level":"info","message":"GET - /api/category - /api/category","timestamp":"2025-11-19T14:23:00.063Z"}
{"level":"info","message":"GET - /api/products/category/Ropa - /api/products/category/Ropa","timestamp":"2025-11-19T14:23:01.290Z"}
{"level":"info","message":"GET - /api/products/category/Ropa - /api/products/category/Ropa","timestamp":"2025-11-19T14:23:56.793Z"}
{"level":"info","message":"OPTIONS - /api/category - /api/category","timestamp":"2025-11-19T14:23:59.469Z"}
{"level":"info","message":"GET - /api/category - /api/category","timestamp":"2025-11-19T14:23:59.474Z"}
{"level":"info","message":"GET - /api/products/category/Ropa - /api/products/category/Ropa","timestamp":"2025-11-19T14:24:00.725Z"}
{"level":"info","message":"GET - /api/category - /api/category","timestamp":"2025-11-19T14:24:04.217Z"}
{"level":"info","message":"GET - /api/products/category/Ropa - /api/products/category/Ropa","timestamp":"2025-11-19T14:24:05.442Z"}
{"level":"info","message":"OPTIONS - /api/category - /api/category","timestamp":"2025-11-19T14:24:13.647Z"}
{"level":"info","message":"GET - /api/category - /api/category","timestamp":"2025-11-19T14:24:13.653Z"}
{"level":"info","message":"GET - /api/products/category/Calzado - /api/products/category/Calzado","timestamp":"2025-11-19T14:24:15.253Z"}
{"level":"info","message":"GET - /api/products/category/Calzado - /api/products/category/Calzado","timestamp":"2025-11-19T14:25:05.801Z"}
{"level":"info","message":"OPTIONS - /api/category - /api/category","timestamp":"2025-11-19T14:25:09.074Z"}
{"level":"info","message":"GET - /api/category - /api/category","timestamp":"2025-11-19T14:25:09.077Z"}
{"level":"info","message":"GET - /api/products/category/Ropa - /api/products/category/Ropa","timestamp":"2025-11-19T14:25:10.251Z"}
{"level":"info","message":"GET - /api/products/category/Ropa - /api/products/category/Ropa","timestamp":"2025-11-19T14:25:50.796Z"}
{"level":"info","message":"OPTIONS - /api/category - /api/category","timestamp":"2025-11-19T14:25:54.579Z"}
{"level":"info","message":"GET - /api/category - /api/category","timestamp":"2025-11-19T14:25:54.588Z"}
{"level":"info","message":"GET - /api/products/category/Ropa - /api/products/category/Ropa","timestamp":"2025-11-19T14:25:55.640Z"}
{"level":"info","message":"OPTIONS - /api/category - /api/category","timestamp":"2025-11-19T14:26:00.608Z"}
{"level":"info","message":"GET - /api/category - /api/category","timestamp":"2025-11-19T14:26:00.616Z"}
{"level":"info","message":"GET - /api/products/category/Ropa - /api/products/category/Ropa","timestamp":"2025-11-19T14:26:07.441Z"}
{"level":"info","message":"GET - /api/products/category/Ropa - /api/products/category/Ropa","timestamp":"2025-11-19T14:26:54.800Z"}
{"level":"info","message":"OPTIONS - /api/category - /api/category","timestamp":"2025-11-19T14:26:58.018Z"}
{"level":"info","message":"GET - /api/category - /api/category","timestamp":"2025-11-19T14:26:58.021Z"}
{"level":"info","message":"GET - /api/products/category/Ropa - /api/products/category/Ropa","timestamp":"2025-11-19T14:26:59.200Z"}
{"level":"info","message":"OPTIONS - /api/category - /api/category","timestamp":"2025-11-19T14:27:06.029Z"}
{"level":"info","message":"GET - /api/category - /api/category","timestamp":"2025-11-19T14:27:06.033Z"}
{"level":"info","message":"GET - /api/products/category/Calzado - /api/products/category/Calzado","timestamp":"2025-11-19T14:27:18.217Z"}
{"level":"info","message":"OPTIONS - /api/category - /api/category","timestamp":"2025-11-19T14:27:20.050Z"}
{"level":"info","message":"GET - /api/category - /api/category","timestamp":"2025-11-19T14:27:20.055Z"}
{"level":"info","message":"GET - /api/products/category/Ropa - /api/products/category/Ropa","timestamp":"2025-11-19T14:28:05.648Z"}
{"level":"info","message":"OPTIONS - /api/category - /api/category","timestamp":"2025-11-19T14:28:07.736Z"}
{"level":"info","message":"GET - /api/category - /api/category","timestamp":"2025-11-19T14:28:07.741Z"}
{"level":"info","message":"GET - /api/products/category/Calzado - /api/products/category/Calzado","timestamp":"2025-11-19T14:28:08.481Z"}
{"level":"info","message":"GET - /api/category - /api/category","timestamp":"2025-11-19T14:28:11.031Z"}
{"level":"info","message":"GET - /api/products/category/Hogar - /api/products/category/Hogar","timestamp":"2025-11-19T14:28:11.989Z"}
{"level":"info","message":"OPTIONS - /api/category - /api/category","timestamp":"2025-11-19T14:28:13.036Z"}
{"level":"info","message":"GET - /api/category - /api/category","timestamp":"2025-11-19T14:28:13.039Z"}
{"level":"info","message":"GET - /api/products/category/Ropa - /api/products/category/Ropa","timestamp":"2025-11-19T14:29:38.376Z"}
{"level":"info","message":"OPTIONS - /api/category - /api/category","timestamp":"2025-11-19T14:29:42.919Z"}
{"level":"info","message":"GET - /api/category - /api/category","timestamp":"2025-11-19T14:29:42.924Z"}
{"level":"info","message":"GET - /api/products/category/Hogar - /api/products/category/Hogar","timestamp":"2025-11-19T14:29:43.733Z"}
{"level":"info","message":"GET - /api/category - /api/category","timestamp":"2025-11-19T14:29:44.594Z"}
{"level":"info","message":"GET - /api/products/category/Ropa - /api/products/category/Ropa","timestamp":"2025-11-19T14:29:45.606Z"}
{"level":"info","message":"GET - /api/category - /api/category","timestamp":"2025-11-19T14:29:47.068Z"}
{"level":"info","message":"GET - /api/products/category/Calzado - /api/products/category/Calzado","timestamp":"2025-11-19T14:52:25.597Z"}
{"level":"info","message":"OPTIONS - /api/category - /api/category","timestamp":"2025-11-19T14:52:28.186Z"}
{"level":"info","message":"GET - /api/category - /api/category","timestamp":"2025-11-19T14:52:28.190Z"}
{"level":"info","message":"GET - /api/category - /api/category","timestamp":"2025-11-19T14:52:29.900Z"}
{"level":"info","message":"OPTIONS - /api/products - /api/products","timestamp":"2025-11-19T14:55:22.559Z"}
{"level":"info","message":"POST - /api/products - /api/products","timestamp":"2025-11-19T14:55:22.562Z"}
{"level":"error","message":"POST - /api/products - la categoria no existe","timestamp":"2025-11-19T14:55:22.708Z"}
{"level":"info","message":"GET - /api/category - /api/category","timestamp":"2025-11-19T14:56:36.669Z"}
{"level":"info","message":"OPTIONS - /api/products - /api/products","timestamp":"2025-11-19T14:58:13.861Z"}
{"level":"info","message":"POST - /api/products - /api/products","timestamp":"2025-11-19T14:58:13.869Z"}
{"level":"error","message":"POST - /api/products - la categoria no existe","timestamp":"2025-11-19T14:58:14.028Z"}
{"level":"info","message":"OPTIONS - /api/products - /api/products","timestamp":"2025-11-19T14:59:35.570Z"}
{"level":"info","message":"POST - /api/products - /api/products","timestamp":"2025-11-19T14:59:35.580Z"}
{"level":"info","message":"OPTIONS - /api/products - /api/products","timestamp":"2025-11-19T14:59:41.145Z"}
{"level":"info","message":"GET - /api/products - /api/products","timestamp":"2025-11-19T14:59:41.151Z"}
{"level":"info","message":"OPTIONS - /api/category - /api/category","timestamp":"2025-11-19T15:01:32.802Z"}
{"level":"info","message":"GET - /api/category - /api/category","timestamp":"2025-11-19T15:01:32.808Z"}
{"level":"info","message":"GET - /api/category - /api/category","timestamp":"2025-11-19T15:01:37.584Z"}
{"level":"info","message":"OPTIONS - /api/products - /api/products","timestamp":"2025-11-19T15:01:38.097Z"}
{"level":"info","message":"GET - /api/products - /api/products","timestamp":"2025-11-19T15:01:38.105Z"}
{"level":"info","message":"OPTIONS - /api/category - /api/category","timestamp":"2025-11-19T15:02:00.807Z"}
{"level":"info","message":"GET - /api/category - /api/category","timestamp":"2025-11-19T15:02:00.812Z"}
{"level":"info","message":"GET - /api/category - /api/category","timestamp":"2025-11-19T15:02:04.445Z"}
{"level":"info","message":"OPTIONS - /api/products - /api/products","timestamp":"2025-11-19T15:02:04.904Z"}
{"level":"info","message":"GET - /api/products - /api/products","timestamp":"2025-11-19T15:02:04.908Z"}
{"level":"info","message":"OPTIONS - /api/category - /api/category","timestamp":"2025-11-19T15:02:08.971Z"}
{"level":"info","message":"GET - /api/category - /api/category","timestamp":"2025-11-19T15:02:08.975Z"}
{"level":"info","message":"GET - /api/category - /api/category","timestamp":"2025-11-19T15:02:11.355Z"}
{"level":"info","message":"GET - /api/products/category/Calzado - /api/products/category/Calzado","timestamp":"2025-11-19T15:02:13.029Z"}
{"level":"info","message":"GET - /api/products/691ddb57aacc2ee8de7f3960 - /api/products/691ddb57aacc2ee8de7f3960","timestamp":"2025-11-19T15:02:19.756Z"}
{"level":"info","message":"GET - /api/products/691ddb57aacc2ee8de7f3960 - /api/products/691ddb57aacc2ee8de7f3960","timestamp":"2025-11-19T15:03:40.465Z"}
{"level":"info","message":"GET - /api/products/691ddb57aacc2ee8de7f3960 - /api/products/691ddb57aacc2ee8de7f3960","timestamp":"2025-11-19T15:03:45.510Z"}
{"level":"info","message":"OPTIONS - /api/cart - /api/cart","timestamp":"2025-11-19T15:03:45.523Z"}
{"level":"info","message":"GET - /api/cart - /api/cart","timestamp":"2025-11-19T15:03:45.528Z"}
{"level":"info","message":"GET - /api/products/691ddb57aacc2ee8de7f3960 - /api/products/691ddb57aacc2ee8de7f3960","timestamp":"2025-11-19T15:04:00.985Z"}
{"level":"info","message":"GET - /api/products/691ddb57aacc2ee8de7f3960 - /api/products/691ddb57aacc2ee8de7f3960","timestamp":"2025-11-19T15:04:06.663Z"}
{"level":"info","message":"OPTIONS - /api/cart - /api/cart","timestamp":"2025-11-19T15:04:06.680Z"}
{"level":"info","message":"GET - /api/cart - /api/cart","timestamp":"2025-11-19T15:04:06.683Z"}
{"level":"info","message":"OPTIONS - /api/category - /api/category","timestamp":"2025-11-19T15:04:10.241Z"}
{"level":"info","message":"GET - /api/category - /api/category","timestamp":"2025-11-19T15:04:10.249Z"}
{"level":"info","message":"GET - /api/products/category/Calzado - /api/products/category/Calzado","timestamp":"2025-11-19T15:04:11.353Z"}
{"level":"info","message":"GET - /api/products/691ddb57aacc2ee8de7f3960 - /api/products/691ddb57aacc2ee8de7f3960","timestamp":"2025-11-19T15:04:12.638Z"}
{"level":"info","message":"GET - /api/products/691ddb57aacc2ee8de7f3960 - /api/products/691ddb57aacc2ee8de7f3960","timestamp":"2025-11-19T15:04:48.008Z"}
{"level":"info","message":"GET - /api/products/691ddb57aacc2ee8de7f3960 - /api/products/691ddb57aacc2ee8de7f3960","timestamp":"2025-11-19T15:04:58.173Z"}
{"level":"info","message":"OPTIONS - /api/category - /api/category","timestamp":"2025-11-19T15:06:03.292Z"}
{"level":"info","message":"GET - /api/category - /api/category","timestamp":"2025-11-19T15:06:03.299Z"}
{"level":"info","message":"GET - /api/products/category/Calzado - /api/products/category/Calzado","timestamp":"2025-11-19T15:06:04.797Z"}
{"level":"info","message":"OPTIONS - /api/category - /api/category","timestamp":"2025-11-19T15:06:16.805Z"}
{"level":"info","message":"GET - /api/category - /api/category","timestamp":"2025-11-19T15:06:16.808Z"}
{"level":"info","message":"GET - /api/category - /api/category","timestamp":"2025-11-19T15:06:21.734Z"}
{"level":"info","message":"GET - /api/products/category/Ropa - /api/products/category/Ropa","timestamp":"2025-11-19T15:06:22.682Z"}
{"level":"info","message":"GET - /api/products/691ddb57aacc2ee8de7f3960 - /api/products/691ddb57aacc2ee8de7f3960","timestamp":"2025-11-19T15:16:09.523Z"}
{"level":"info","message":"OPTIONS - /api/category - /api/category","timestamp":"2025-11-19T15:16:22.232Z"}
{"level":"info","message":"GET - /api/category - /api/category","timestamp":"2025-11-19T15:16:22.235Z"}
{"level":"info","message":"GET - /api/products/category/Calzado - /api/products/category/Calzado","timestamp":"2025-11-19T15:16:23.503Z"}
{"level":"info","message":"GET - /api/products/691ddb57aacc2ee8de7f3960 - /api/products/691ddb57aacc2ee8de7f3960","timestamp":"2025-11-19T15:16:25.248Z"}
{"level":"info","message":"OPTIONS - /api/category - /api/category","timestamp":"2025-11-19T15:16:41.436Z"}
{"level":"info","message":"GET - /api/category - /api/category","timestamp":"2025-11-19T15:16:41.441Z"}
{"level":"info","message":"GET - /api/products/category/Calzado - /api/products/category/Calzado","timestamp":"2025-11-19T15:16:42.233Z"}
{"level":"info","message":"GET - /api/products/691ddb57aacc2ee8de7f3960 - /api/products/691ddb57aacc2ee8de7f3960","timestamp":"2025-11-19T15:16:43.606Z"}
{"level":"info","message":"OPTIONS - /api/category - /api/category","timestamp":"2025-11-19T15:16:47.055Z"}
{"level":"info","message":"GET - /api/category - /api/category","timestamp":"2025-11-19T15:16:47.058Z"}
{"level":"info","message":"GET - /api/products/category/Calzado - /api/products/category/Calzado","timestamp":"2025-11-19T15:16:47.951Z"}
{"level":"info","message":"GET - /api/products/691ddb57aacc2ee8de7f3960 - /api/products/691ddb57aacc2ee8de7f3960","timestamp":"2025-11-19T15:16:49.465Z"}
{"level":"info","message":"GET - /api/products/691ddb57aacc2ee8de7f3960 - /api/products/691ddb57aacc2ee8de7f3960","timestamp":"2025-11-19T15:18:25.797Z"}
{"level":"info","message":"OPTIONS - /api/category - /api/category","timestamp":"2025-11-19T15:18:28.367Z"}
{"level":"info","message":"GET - /api/category - /api/category","timestamp":"2025-11-19T15:18:28.373Z"}
{"level":"info","message":"GET - /api/products/category/Calzado - /api/products/category/Calzado","timestamp":"2025-11-19T15:18:29.104Z"}
{"level":"info","message":"GET - /api/products/691ddb57aacc2ee8de7f3960 - /api/products/691ddb57aacc2ee8de7f3960","timestamp":"2025-11-19T15:18:30.073Z"}
{"level":"info","message":"GET - /api/products/691ddb57aacc2ee8de7f3960 - /api/products/691ddb57aacc2ee8de7f3960","timestamp":"2025-11-19T15:19:11.056Z"}
{"level":"info","message":"OPTIONS - /api/category - /api/category","timestamp":"2025-11-19T15:19:59.061Z"}
{"level":"info","message":"GET - /api/category - /api/category","timestamp":"2025-11-19T15:19:59.064Z"}
{"level":"info","message":"GET - /api/products/category/Calzado - /api/products/category/Calzado","timestamp":"2025-11-19T15:20:00.088Z"}
{"level":"info","message":"GET - /api/products/691ddb57aacc2ee8de7f3960 - /api/products/691ddb57aacc2ee8de7f3960","timestamp":"2025-11-19T15:20:02.402Z"}
{"level":"info","message":"OPTIONS - /api/category - /api/category","timestamp":"2025-11-19T15:21:06.716Z"}
{"level":"info","message":"GET - /api/category - /api/category","timestamp":"2025-11-19T15:21:06.721Z"}
{"level":"info","message":"GET - /api/products/category/Calzado - /api/products/category/Calzado","timestamp":"2025-11-19T15:21:07.806Z"}
{"level":"info","message":"GET - /api/products/691ddb57aacc2ee8de7f3960 - /api/products/691ddb57aacc2ee8de7f3960","timestamp":"2025-11-19T15:21:08.926Z"}
{"level":"info","message":"GET - /api/products - /api/products","timestamp":"2025-11-19T15:22:24.918Z"}
{"level":"info","message":"GET - /api/products - /api/products","timestamp":"2025-11-19T15:22:27.366Z"}
{"level":"info","message":"GET - /api/products/691ddb57aacc2ee8de7f3960 - /api/products/691ddb57aacc2ee8de7f3960","timestamp":"2025-11-19T15:22:44.974Z"}
{"level":"info","message":"GET - /api/products/691ddb57aacc2ee8de7f3960 - /api/products/691ddb57aacc2ee8de7f3960","timestamp":"2025-11-19T15:23:31.154Z"}
{"level":"info","message":"OPTIONS - /api/category - /api/category","timestamp":"2025-11-19T15:23:34.722Z"}
{"level":"info","message":"GET - /api/category - /api/category","timestamp":"2025-11-19T15:23:34.733Z"}
{"level":"info","message":"GET - /api/products/category/Calzado - /api/products/category/Calzado","timestamp":"2025-11-19T15:23:35.694Z"}
{"level":"info","message":"GET - /api/products/691ddb57aacc2ee8de7f3960 - /api/products/691ddb57aacc2ee8de7f3960","timestamp":"2025-11-19T15:23:38.854Z"}
{"level":"info","message":"GET - /api/products/691ddb57aacc2ee8de7f3960 - /api/products/691ddb57aacc2ee8de7f3960","timestamp":"2025-11-19T15:24:14.924Z"}
{"level":"info","message":"OPTIONS - /api/user/login - /api/user/login","timestamp":"2025-11-19T15:52:38.403Z"}
{"level":"info","message":"POST - /api/user/login - /api/user/login","timestamp":"2025-11-19T15:52:38.409Z"}
{"level":"info","message":"OPTIONS - /api/cart - /api/cart","timestamp":"2025-11-19T15:52:38.533Z"}
{"level":"info","message":"GET - /api/cart - /api/cart","timestamp":"2025-11-19T15:52:38.538Z"}
{"level":"info","message":"OPTIONS - /api/category - /api/category","timestamp":"2025-11-19T15:52:38.560Z"}
{"level":"info","message":"GET - /api/category - /api/category","timestamp":"2025-11-19T15:52:38.564Z"}
{"level":"info","message":"GET - /api/category - /api/category","timestamp":"2025-11-19T15:52:40.142Z"}
{"level":"info","message":"GET - /api/products/category/Calzado - /api/products/category/Calzado","timestamp":"2025-11-19T15:52:41.322Z"}
{"level":"info","message":"GET - /api/products/691ddb57aacc2ee8de7f3960 - /api/products/691ddb57aacc2ee8de7f3960","timestamp":"2025-11-19T15:52:42.701Z"}
{"level":"info","message":"GET - /api/products/691ddb57aacc2ee8de7f3960 - /api/products/691ddb57aacc2ee8de7f3960","timestamp":"2025-11-19T15:52:45.234Z"}
{"level":"info","message":"OPTIONS - /api/cart - /api/cart","timestamp":"2025-11-19T15:52:45.241Z"}
{"level":"info","message":"GET - /api/cart - /api/cart","timestamp":"2025-11-19T15:52:45.245Z"}
{"level":"info","message":"OPTIONS - /api/cart - /api/cart","timestamp":"2025-11-19T16:56:38.657Z"}
{"level":"info","message":"GET - /api/cart - /api/cart","timestamp":"2025-11-19T16:56:38.661Z"}
{"level":"info","message":"OPTIONS - /api/category - /api/category","timestamp":"2025-11-19T16:56:49.219Z"}
{"level":"info","message":"GET - /api/category - /api/category","timestamp":"2025-11-19T16:56:49.224Z"}
{"level":"info","message":"GET - /api/products/category/Ropa - /api/products/category/Ropa","timestamp":"2025-11-19T16:56:50.674Z"}
{"level":"info","message":"GET - /api/products/691ddb57aacc2ee8de7f3960 - /api/products/691ddb57aacc2ee8de7f3960","timestamp":"2025-11-19T16:56:52.590Z"}
{"level":"info","message":"OPTIONS - /api/cart/add - /api/cart/add","timestamp":"2025-11-19T16:56:57.069Z"}
{"level":"info","message":"POST - /api/cart/add - /api/cart/add","timestamp":"2025-11-19T16:56:57.073Z"}
{"level":"info","message":"OPTIONS - /api/cart - /api/cart","timestamp":"2025-11-19T17:00:22.795Z"}
{"level":"info","message":"GET - /api/cart - /api/cart","timestamp":"2025-11-19T17:00:22.799Z"}
{"level":"info","message":"OPTIONS - /api/cart - /api/cart","timestamp":"2025-11-19T17:02:38.797Z"}
{"level":"info","message":"GET - /api/cart - /api/cart","timestamp":"2025-11-19T17:02:38.801Z"}
{"level":"info","message":"OPTIONS - /api/cart - /api/cart","timestamp":"2025-11-19T17:02:56.797Z"}
{"level":"info","message":"GET - /api/cart - /api/cart","timestamp":"2025-11-19T17:02:56.801Z"}
{"level":"info","message":"GET - /api/products/691ddb57aacc2ee8de7f3960 - /api/products/691ddb57aacc2ee8de7f3960","timestamp":"2025-11-19T17:03:18.537Z"}
{"level":"info","message":"OPTIONS - /api/user/login - /api/user/login","timestamp":"2025-11-19T17:04:21.359Z"}
{"level":"info","message":"POST - /api/user/login - /api/user/login","timestamp":"2025-11-19T17:04:21.362Z"}
{"level":"info","message":"OPTIONS - /api/cart - /api/cart","timestamp":"2025-11-19T17:04:21.649Z"}
{"level":"info","message":"GET - /api/cart - /api/cart","timestamp":"2025-11-19T17:04:21.652Z"}
{"level":"info","message":"OPTIONS - /api/category - /api/category","timestamp":"2025-11-19T17:04:21.677Z"}
{"level":"info","message":"GET - /api/category - /api/category","timestamp":"2025-11-19T17:04:21.680Z"}
{"level":"info","message":"GET - /api/category - /api/category","timestamp":"2025-11-19T17:04:23.868Z"}
{"level":"info","message":"GET - /api/products/category/Calzado - /api/products/category/Calzado","timestamp":"2025-11-19T17:04:25.609Z"}
{"level":"info","message":"GET - /api/products/691ddb57aacc2ee8de7f3960 - /api/products/691ddb57aacc2ee8de7f3960","timestamp":"2025-11-19T17:04:27.207Z"}
{"level":"info","message":"OPTIONS - /api/cart/add - /api/cart/add","timestamp":"2025-11-19T17:04:29.575Z"}
{"level":"info","message":"POST - /api/cart/add - /api/cart/add","timestamp":"2025-11-19T17:04:29.579Z"}
{"level":"info","message":"OPTIONS - /api/cart - /api/cart","timestamp":"2025-11-19T17:06:00.819Z"}
{"level":"info","message":"GET - /api/cart - /api/cart","timestamp":"2025-11-19T17:06:00.825Z"}
{"level":"info","message":"OPTIONS - /api/cart - /api/cart","timestamp":"2025-11-19T17:06:44.612Z"}
{"level":"info","message":"GET - /api/cart - /api/cart","timestamp":"2025-11-19T17:06:44.615Z"}
{"level":"info","message":"GET - /api/cart - /api/cart","timestamp":"2025-11-19T17:06:45.458Z"}
{"level":"info","message":"GET - /api/cart - /api/cart","timestamp":"2025-11-19T17:06:49.085Z"}
{"level":"info","message":"OPTIONS - /api/cart - /api/cart","timestamp":"2025-11-19T17:06:49.810Z"}
{"level":"info","message":"GET - /api/cart - /api/cart","timestamp":"2025-11-19T17:06:49.964Z"}
{"level":"info","message":"OPTIONS - /api/cart - /api/cart","timestamp":"2025-11-19T17:07:06.179Z"}
{"level":"info","message":"GET - /api/cart - /api/cart","timestamp":"2025-11-19T17:07:06.182Z"}
{"level":"info","message":"GET - /api/cart - /api/cart","timestamp":"2025-11-19T17:07:06.823Z"}
{"level":"info","message":"OPTIONS - /api/cart - /api/cart","timestamp":"2025-11-19T17:09:28.157Z"}
{"level":"info","message":"GET - /api/cart - /api/cart","timestamp":"2025-11-19T17:09:28.160Z"}
{"level":"info","message":"OPTIONS - /api/cart - /api/cart","timestamp":"2025-11-19T17:09:40.247Z"}
{"level":"info","message":"GET - /api/cart - /api/cart","timestamp":"2025-11-19T17:09:40.250Z"}
{"level":"info","message":"GET - /api/cart - /api/cart","timestamp":"2025-11-19T17:09:41.076Z"}
{"level":"info","message":"OPTIONS - /api/cart - /api/cart","timestamp":"2025-11-19T17:09:53.034Z"}
{"level":"info","message":"GET - /api/cart - /api/cart","timestamp":"2025-11-19T17:09:53.040Z"}
{"level":"info","message":"OPTIONS - /api/cart - /api/cart","timestamp":"2025-11-19T17:09:58.068Z"}
{"level":"info","message":"GET - /api/cart - /api/cart","timestamp":"2025-11-19T17:09:58.072Z"}
{"level":"info","message":"OPTIONS - /api/category - /api/category","timestamp":"2025-11-19T17:10:04.248Z"}
{"level":"info","message":"GET - /api/category - /api/category","timestamp":"2025-11-19T17:10:04.255Z"}
{"level":"info","message":"GET - /api/products/category/Ropa - /api/products/category/Ropa","timestamp":"2025-11-19T17:10:05.366Z"}
{"level":"info","message":"GET - /api/products/691ddb57aacc2ee8de7f3960 - /api/products/691ddb57aacc2ee8de7f3960","timestamp":"2025-11-19T17:10:08.398Z"}
{"level":"info","message":"OPTIONS - /api/cart/add - /api/cart/add","timestamp":"2025-11-19T17:10:14.689Z"}
{"level":"info","message":"POST - /api/cart/add - /api/cart/add","timestamp":"2025-11-19T17:10:14.694Z"}
{"level":"info","message":"OPTIONS - /api/cart - /api/cart","timestamp":"2025-11-19T17:12:44.361Z"}
{"level":"info","message":"GET - /api/cart - /api/cart","timestamp":"2025-11-19T17:12:44.364Z"}
{"level":"info","message":"GET - /api/cart - /api/cart","timestamp":"2025-11-19T17:12:44.804Z"}
{"level":"info","message":"GET - /api/cart - /api/cart","timestamp":"2025-11-19T17:12:47.555Z"}
{"level":"info","message":"OPTIONS - /api/cart - /api/cart","timestamp":"2025-11-19T17:13:18.895Z"}
{"level":"info","message":"GET - /api/cart - /api/cart","timestamp":"2025-11-19T17:13:18.900Z"}
{"level":"info","message":"GET - /api/cart - /api/cart","timestamp":"2025-11-19T17:13:19.805Z"}
{"level":"info","message":"OPTIONS - /api/cart - /api/cart","timestamp":"2025-11-19T17:13:47.090Z"}
{"level":"info","message":"GET - /api/cart - /api/cart","timestamp":"2025-11-19T17:13:47.093Z"}
{"level":"info","message":"GET - /api/cart - /api/cart","timestamp":"2025-11-19T17:13:47.835Z"}
{"level":"info","message":"OPTIONS - /api/cart - /api/cart","timestamp":"2025-11-19T17:14:04.458Z"}
{"level":"info","message":"GET - /api/cart - /api/cart","timestamp":"2025-11-19T17:14:04.462Z"}
{"level":"info","message":"GET - /api/cart - /api/cart","timestamp":"2025-11-19T17:14:05.118Z"}
{"level":"info","message":"OPTIONS - /api/cart - /api/cart","timestamp":"2025-11-19T17:14:19.433Z"}
{"level":"info","message":"GET - /api/cart - /api/cart","timestamp":"2025-11-19T17:14:19.436Z"}
{"level":"info","message":"GET - /api/cart - /api/cart","timestamp":"2025-11-19T17:14:20.220Z"}
{"level":"info","message":"GET - /api/cart - /api/cart","timestamp":"2025-11-19T17:14:21.939Z"}
{"level":"info","message":"GET - /api/cart - /api/cart","timestamp":"2025-11-19T17:14:22.806Z"}
{"level":"info","message":"OPTIONS - /api/cart - /api/cart","timestamp":"2025-11-19T17:14:45.400Z"}
{"level":"info","message":"GET - /api/cart - /api/cart","timestamp":"2025-11-19T17:14:45.404Z"}
{"level":"info","message":"GET - /api/cart - /api/cart","timestamp":"2025-11-19T17:14:46.230Z"}
{"level":"info","message":"GET - /api/products/691ddb57aacc2ee8de7f3960 - /api/products/691ddb57aacc2ee8de7f3960","timestamp":"2025-11-19T17:14:52.657Z"}
{"level":"info","message":"OPTIONS - /api/cart - /api/cart","timestamp":"2025-11-19T17:14:52.666Z"}
{"level":"info","message":"GET - /api/cart - /api/cart","timestamp":"2025-11-19T17:14:52.669Z"}
{"level":"info","message":"OPTIONS - /api/user/login - /api/user/login","timestamp":"2025-11-19T17:14:58.122Z"}
{"level":"info","message":"POST - /api/user/login - /api/user/login","timestamp":"2025-11-19T17:14:58.127Z"}
{"level":"info","message":"OPTIONS - /api/cart - /api/cart","timestamp":"2025-11-19T17:14:58.275Z"}
{"level":"info","message":"GET - /api/cart - /api/cart","timestamp":"2025-11-19T17:14:58.279Z"}
{"level":"info","message":"OPTIONS - /api/category - /api/category","timestamp":"2025-11-19T17:14:58.297Z"}
{"level":"info","message":"GET - /api/category - /api/category","timestamp":"2025-11-19T17:14:58.299Z"}
{"level":"info","message":"OPTIONS - /api/cart - /api/cart","timestamp":"2025-11-19T17:16:02.006Z"}
{"level":"info","message":"GET - /api/cart - /api/cart","timestamp":"2025-11-19T17:16:02.009Z"}
{"level":"info","message":"OPTIONS - /api/category - /api/category","timestamp":"2025-11-19T17:16:05.756Z"}
{"level":"info","message":"GET - /api/category - /api/category","timestamp":"2025-11-19T17:16:05.762Z"}
{"level":"info","message":"GET - /api/products/category/Ropa - /api/products/category/Ropa","timestamp":"2025-11-19T17:16:06.966Z"}
{"level":"info","message":"GET - /api/category - /api/category","timestamp":"2025-11-19T17:16:09.995Z"}
{"level":"info","message":"GET - /api/products/category/Calzado - /api/products/category/Calzado","timestamp":"2025-11-19T17:16:10.812Z"}
{"level":"info","message":"OPTIONS - /api/category - /api/category","timestamp":"2025-11-19T17:16:11.943Z"}
{"level":"info","message":"GET - /api/category - /api/category","timestamp":"2025-11-19T17:16:11.951Z"}
{"level":"info","message":"GET - /api/products/category/Ropa - /api/products/category/Ropa","timestamp":"2025-11-19T17:16:12.656Z"}
{"level":"info","message":"OPTIONS - /api/category - /api/category","timestamp":"2025-11-19T17:16:19.107Z"}
{"level":"info","message":"GET - /api/category - /api/category","timestamp":"2025-11-19T17:16:19.111Z"}
{"level":"info","message":"GET - /api/products/category/Ropa - /api/products/category/Ropa","timestamp":"2025-11-19T17:16:21.357Z"}
{"level":"info","message":"GET - /api/category/Ropa - /api/category/Ropa","timestamp":"2025-11-19T17:19:19.550Z"}
{"level":"info","message":"OPTIONS - /api/category - /api/category","timestamp":"2025-11-19T17:21:36.264Z"}
{"level":"info","message":"GET - /api/category - /api/category","timestamp":"2025-11-19T17:21:36.272Z"}
{"level":"info","message":"GET - /api/products/category/Ropa - /api/products/category/Ropa","timestamp":"2025-11-19T17:21:37.606Z"}
{"level":"info","message":"GET - /api/category - /api/category","timestamp":"2025-11-19T17:21:39.181Z"}
{"level":"info","message":"GET - /api/products/category/Calzado - /api/products/category/Calzado","timestamp":"2025-11-19T17:21:40.058Z"}
{"level":"info","message":"OPTIONS - /api/category - /api/category","timestamp":"2025-11-19T17:21:41.687Z"}
{"level":"info","message":"GET - /api/category - /api/category","timestamp":"2025-11-19T17:21:41.695Z"}
{"level":"info","message":"GET - /api/products/category/Hogar - /api/products/category/Hogar","timestamp":"2025-11-19T17:21:42.504Z"}
{"level":"info","message":"OPTIONS - /api/category - /api/category","timestamp":"2025-11-19T17:22:24.338Z"}
{"level":"info","message":"GET - /api/category - /api/category","timestamp":"2025-11-19T17:22:24.347Z"}
{"level":"info","message":"GET - /api/products/category/Calzado - /api/products/category/Calzado","timestamp":"2025-11-19T17:22:25.538Z"}
{"level":"info","message":"GET - /api/products/691ddb57aacc2ee8de7f3960 - /api/products/691ddb57aacc2ee8de7f3960","timestamp":"2025-11-19T17:22:26.678Z"}
{"level":"info","message":"GET - /api/category - /api/category","timestamp":"2025-11-19T17:22:28.351Z"}
{"level":"info","message":"GET - /api/products/category/Hogar - /api/products/category/Hogar","timestamp":"2025-11-19T17:22:29.084Z"}
{"level":"info","message":"OPTIONS - /api/category - /api/category","timestamp":"2025-11-19T17:22:30.003Z"}
{"level":"info","message":"GET - /api/category - /api/category","timestamp":"2025-11-19T17:22:30.007Z"}
{"level":"info","message":"GET - /api/category - /api/category","timestamp":"2025-11-19T17:22:30.943Z"}
{"level":"info","message":"OPTIONS - /api/products - /api/products","timestamp":"2025-11-19T17:22:31.958Z"}
{"level":"info","message":"GET - /api/products - /api/products","timestamp":"2025-11-19T17:22:31.964Z"}
{"level":"info","message":"OPTIONS - /api/category - /api/category","timestamp":"2025-11-19T17:22:39.327Z"}
{"level":"info","message":"GET - /api/category - /api/category","timestamp":"2025-11-19T17:22:39.330Z"}
{"level":"info","message":"OPTIONS - /api/cart - /api/cart","timestamp":"2025-11-19T17:23:47.625Z"}
{"level":"info","message":"GET - /api/cart - /api/cart","timestamp":"2025-11-19T17:23:47.630Z"}
{"level":"info","message":"OPTIONS - /api/category - /api/category","timestamp":"2025-11-19T17:23:50.579Z"}
{"level":"info","message":"GET - /api/category - /api/category","timestamp":"2025-11-19T17:23:50.582Z"}
{"level":"info","message":"OPTIONS - /api/products - /api/products","timestamp":"2025-11-19T17:24:35.165Z"}
{"level":"info","message":"POST - /api/products - /api/products","timestamp":"2025-11-19T17:24:35.169Z"}
{"level":"info","message":"OPTIONS - /api/category - /api/category","timestamp":"2025-11-19T17:24:38.594Z"}
{"level":"info","message":"GET - /api/category - /api/category","timestamp":"2025-11-19T17:24:38.599Z"}
{"level":"info","message":"GET - /api/products/category/Ropa - /api/products/category/Ropa","timestamp":"2025-11-19T17:24:40.348Z"}
{"level":"info","message":"GET - /api/products/691dfd533668637c798cacf0 - /api/products/691dfd533668637c798cacf0","timestamp":"2025-11-19T17:24:48.367Z"}
{"level":"info","message":"OPTIONS - /api/category - /api/category","timestamp":"2025-11-19T17:38:14.030Z"}
{"level":"info","message":"GET - /api/category - /api/category","timestamp":"2025-11-19T17:38:14.034Z"}
{"level":"info","message":"OPTIONS - /create-payment-intent - /create-payment-intent","timestamp":"2025-11-19T17:38:14.919Z"}
{"level":"info","message":"POST - /create-payment-intent - /create-payment-intent","timestamp":"2025-11-19T17:38:14.923Z"}
{"level":"error","message":"POST - /create-payment-intent - Invalid API Key provided: sk_test_************cdef","timestamp":"2025-11-19T17:38:15.648Z"}
{"level":"info","message":"OPTIONS - /api/cart/removeOne - /api/cart/removeOne","timestamp":"2025-11-19T17:38:16.479Z"}
{"level":"info","message":"POST - /api/cart/removeOne - /api/cart/removeOne","timestamp":"2025-11-19T17:38:16.484Z"}
{"level":"info","message":"OPTIONS - /api/cart - /api/cart","timestamp":"2025-11-19T17:39:11.961Z"}
{"level":"info","message":"GET - /api/cart - /api/cart","timestamp":"2025-11-19T17:39:11.966Z"}
{"level":"info","message":"OPTIONS - /api/category - /api/category","timestamp":"2025-11-19T17:39:12.815Z"}
{"level":"info","message":"GET - /api/category - /api/category","timestamp":"2025-11-19T17:39:12.818Z"}
{"level":"info","message":"GET - /api/cart - /api/cart","timestamp":"2025-11-19T17:39:12.898Z"}
{"level":"info","message":"GET - /api/cart - /api/cart","timestamp":"2025-11-19T17:39:46.737Z"}
{"level":"info","message":"GET - /api/cart - /api/cart","timestamp":"2025-11-19T17:39:48.476Z"}
{"level":"info","message":"POST - /api/user/token - /api/user/token","timestamp":"2025-11-19T17:40:04.328Z"}
{"level":"error","message":"POST - /api/user/token - no se encontro el usuario","timestamp":"2025-11-19T17:40:04.498Z"}
{"level":"info","message":"POST - /api/user/login - /api/user/login","timestamp":"2025-11-19T17:40:17.821Z"}
{"level":"info","message":"GET - /api/cart - /api/cart","timestamp":"2025-11-19T17:40:27.160Z"}
{"level":"info","message":"OPTIONS - /api/cart - /api/cart","timestamp":"2025-11-19T17:41:39.338Z"}
{"level":"info","message":"GET - /api/cart - /api/cart","timestamp":"2025-11-19T17:41:39.341Z"}
{"level":"info","message":"OPTIONS - /api/cart/remove - /api/cart/remove","timestamp":"2025-11-19T17:41:52.140Z"}
{"level":"info","message":"POST - /api/cart/remove - /api/cart/remove","timestamp":"2025-11-19T17:41:52.145Z"}
{"level":"info","message":"OPTIONS - /api/category - /api/category","timestamp":"2025-11-19T17:41:57.929Z"}
{"level":"info","message":"GET - /api/category - /api/category","timestamp":"2025-11-19T17:41:57.933Z"}
{"level":"info","message":"GET - /api/products/category/Ropa - /api/products/category/Ropa","timestamp":"2025-11-19T17:41:59.217Z"}
{"level":"info","message":"GET - /api/category - /api/category","timestamp":"2025-11-19T17:42:00.228Z"}
{"level":"info","message":"OPTIONS - /api/user/login - /api/user/login","timestamp":"2025-11-19T17:42:02.044Z"}
{"level":"info","message":"POST - /api/user/login - /api/user/login","timestamp":"2025-11-19T17:42:02.049Z"}
{"level":"info","message":"OPTIONS - /api/cart - /api/cart","timestamp":"2025-11-19T17:42:02.168Z"}
{"level":"info","message":"GET - /api/cart - /api/cart","timestamp":"2025-11-19T17:42:02.172Z"}
{"level":"info","message":"GET - /api/category - /api/category","timestamp":"2025-11-19T17:42:02.188Z"}
{"level":"info","message":"OPTIONS - /api/category - /api/category","timestamp":"2025-11-19T17:42:03.873Z"}
{"level":"info","message":"GET - /api/category - /api/category","timestamp":"2025-11-19T17:42:03.878Z"}
{"level":"info","message":"GET - /api/products/category/Calzado - /api/products/category/Calzado","timestamp":"2025-11-19T17:42:04.497Z"}
{"level":"info","message":"GET - /api/products/691ddb57aacc2ee8de7f3960 - /api/products/691ddb57aacc2ee8de7f3960","timestamp":"2025-11-19T17:42:07.387Z"}
{"level":"info","message":"OPTIONS - /api/cart/add - /api/cart/add","timestamp":"2025-11-19T17:42:08.644Z"}
{"level":"info","message":"POST - /api/cart/add - /api/cart/add","timestamp":"2025-11-19T17:42:08.647Z"}
{"level":"info","message":"POST - /api/cart/add - /api/cart/add","timestamp":"2025-11-19T17:42:10.586Z"}
{"level":"info","message":"OPTIONS - /create-payment-intent - /create-payment-intent","timestamp":"2025-11-19T17:42:11.653Z"}
{"level":"info","message":"POST - /create-payment-intent - /create-payment-intent","timestamp":"2025-11-19T17:42:11.657Z"}
{"level":"error","message":"POST - /create-payment-intent - Invalid API Key provided: sk_test_************cdef","timestamp":"2025-11-19T17:42:12.252Z"}
{"level":"info","message":"OPTIONS - /api/cart/add - /api/cart/add","timestamp":"2025-11-19T17:42:15.922Z"}
{"level":"info","message":"POST - /api/cart/add - /api/cart/add","timestamp":"2025-11-19T17:42:15.926Z"}
{"level":"info","message":"PATCH - /api/cart - /api/cart","timestamp":"2025-11-19T17:47:55.082Z"}
{"level":"info","message":"PATCH - /api/cart - /api/cart","timestamp":"2025-11-19T17:48:16.260Z"}
{"level":"info","message":"PATCH - /api/cart - /api/cart","timestamp":"2025-11-19T17:48:52.637Z"}
{"level":"info","message":"PATCH - /api/cart - /api/cart","timestamp":"2025-11-19T17:49:08.521Z"}
{"level":"info","message":"PATCH - /api/cart - /api/cart","timestamp":"2025-11-19T17:49:33.974Z"}
{"level":"info","message":"PATCH - /api/cart - /api/cart","timestamp":"2025-11-19T17:51:25.281Z"}
{"level":"info","message":"PATCH - /api/cart - /api/cart","timestamp":"2025-11-19T17:51:48.272Z"}
{"level":"error","message":"PATCH - /api/cart - ps is not defined","timestamp":"2025-11-19T17:51:48.394Z"}
{"level":"info","message":"PATCH - /api/cart - /api/cart","timestamp":"2025-11-19T17:52:42.899Z"}
{"level":"error","message":"PATCH - /api/cart - producto no encontrado","timestamp":"2025-11-19T17:52:43.191Z"}
{"level":"info","message":"PATCH - /api/cart - /api/cart","timestamp":"2025-11-19T17:52:48.878Z"}
{"level":"error","message":"PATCH - /api/cart - producto no encontrado","timestamp":"2025-11-19T17:52:49.232Z"}
{"level":"info","message":"PATCH - /api/cart - /api/cart","timestamp":"2025-11-19T17:53:13.311Z"}
{"level":"error","message":"PATCH - /api/cart - producto no encontrado","timestamp":"2025-11-19T17:53:13.515Z"}
{"level":"info","message":"PATCH - /api/cart - /api/cart","timestamp":"2025-11-19T17:53:28.715Z"}
{"level":"error","message":"PATCH - /api/cart - producto no encontrado","timestamp":"2025-11-19T17:53:29.067Z"}
{"level":"info","message":"PATCH - /api/cart - /api/cart","timestamp":"2025-11-19T17:55:01.255Z"}
{"level":"error","message":"PATCH - /api/cart - producto no encontrado","timestamp":"2025-11-19T17:55:01.636Z"}
{"level":"info","message":"OPTIONS - /api/category - /api/category","timestamp":"2025-11-19T17:55:05.564Z"}
{"level":"info","message":"GET - /api/category - /api/category","timestamp":"2025-11-19T17:55:05.572Z"}
{"level":"info","message":"GET - /api/products/category/Calzado - /api/products/category/Calzado","timestamp":"2025-11-19T17:55:06.580Z"}
{"level":"info","message":"GET - /api/products/691ddb57aacc2ee8de7f3960 - /api/products/691ddb57aacc2ee8de7f3960","timestamp":"2025-11-19T17:55:08.489Z"}
{"level":"info","message":"PATCH - /api/cart - /api/cart","timestamp":"2025-11-19T17:55:15.182Z"}
{"level":"error","message":"PATCH - /api/cart - producto no encontrado","timestamp":"2025-11-19T17:55:15.543Z"}
{"level":"info","message":"PATCH - /api/cart - /api/cart","timestamp":"2025-11-19T17:55:25.274Z"}
{"level":"info","message":"PATCH - /api/cart - /api/cart","timestamp":"2025-11-19T17:55:29.680Z"}
{"level":"info","message":"PATCH - /api/cart - /api/cart","timestamp":"2025-11-19T17:55:31.674Z"}
{"level":"info","message":"PATCH - /api/cart - /api/cart","timestamp":"2025-11-19T17:55:42.410Z"}
{"level":"error","message":"PATCH - /api/cart - producto no encontrado","timestamp":"2025-11-19T17:55:43.608Z"}
{"level":"info","message":"PATCH - /api/cart - /api/cart","timestamp":"2025-11-19T17:56:22.016Z"}
{"level":"error","message":"PATCH - /api/cart - producto sin stock","timestamp":"2025-11-19T17:56:22.944Z"}
{"level":"info","message":"OPTIONS - /api/category - /api/category","timestamp":"2025-11-19T17:56:26.074Z"}
{"level":"info","message":"GET - /api/category - /api/category","timestamp":"2025-11-19T17:56:26.079Z"}
{"level":"info","message":"GET - /api/category - /api/category","timestamp":"2025-11-19T17:56:27.671Z"}
{"level":"info","message":"OPTIONS - /api/products - /api/products","timestamp":"2025-11-19T17:56:30.824Z"}
{"level":"info","message":"GET - /api/products - /api/products","timestamp":"2025-11-19T17:56:30.829Z"}
{"level":"info","message":"OPTIONS - /create-payment-intent - /create-payment-intent","timestamp":"2025-11-19T17:56:36.518Z"}
{"level":"info","message":"POST - /create-payment-intent - /create-payment-intent","timestamp":"2025-11-19T17:56:36.524Z"}
{"level":"error","message":"POST - /create-payment-intent - Invalid API Key provided: sk_test_************cdef","timestamp":"2025-11-19T17:56:37.180Z"}
{"level":"info","message":"OPTIONS - /api/cart/add - /api/cart/add","timestamp":"2025-11-19T17:56:40.402Z"}
{"level":"info","message":"POST - /api/cart/add - /api/cart/add","timestamp":"2025-11-19T17:56:40.407Z"}
{"level":"info","message":"OPTIONS - /api/cart - /api/cart","timestamp":"2025-11-19T17:57:03.642Z"}
{"level":"info","message":"GET - /api/cart - /api/cart","timestamp":"2025-11-19T17:57:03.645Z"}
{"level":"info","message":"GET - /api/cart - /api/cart","timestamp":"2025-11-19T17:57:04.425Z"}
{"level":"info","message":"OPTIONS - /api/cart/add - /api/cart/add","timestamp":"2025-11-19T17:57:29.540Z"}
{"level":"info","message":"OPTIONS - /api/cart/add - /api/cart/add","timestamp":"2025-11-19T18:17:44.971Z"}
{"level":"info","message":"OPTIONS - /api/cart - /api/cart","timestamp":"2025-11-19T18:18:03.714Z"}
{"level":"info","message":"GET - /api/cart - /api/cart","timestamp":"2025-11-19T18:18:03.718Z"}
{"level":"info","message":"GET - /api/cart - /api/cart","timestamp":"2025-11-19T18:18:04.301Z"}
{"level":"info","message":"OPTIONS - /api/cart - /api/cart","timestamp":"2025-11-19T18:18:10.330Z"}
{"level":"info","message":"GET - /api/cart - /api/cart","timestamp":"2025-11-19T18:18:10.334Z"}
{"level":"info","message":"GET - /api/cart - /api/cart","timestamp":"2025-11-19T18:18:10.820Z"}
{"level":"info","message":"OPTIONS - /api/cart - /api/cart","timestamp":"2025-11-19T18:18:14.467Z"}
{"level":"info","message":"OPTIONS - /api/cart - /api/cart","timestamp":"2025-11-19T18:20:10.632Z"}
{"level":"info","message":"PATCH - /api/cart - /api/cart","timestamp":"2025-11-19T18:20:10.640Z"}
{"level":"error","message":"PATCH - /api/cart - producto sin stock","timestamp":"2025-11-19T18:20:11.754Z"}
{"level":"info","message":"OPTIONS - /api/cart - /api/cart","timestamp":"2025-11-19T18:20:22.940Z"}
{"level":"info","message":"PATCH - /api/cart - /api/cart","timestamp":"2025-11-19T18:20:22.945Z"}
{"level":"error","message":"PATCH - /api/cart - producto sin stock","timestamp":"2025-11-19T18:20:23.629Z"}
{"level":"info","message":"OPTIONS - /api/cart/removeOne - /api/cart/removeOne","timestamp":"2025-11-19T18:20:25.785Z"}
{"level":"info","message":"POST - /api/cart/removeOne - /api/cart/removeOne","timestamp":"2025-11-19T18:20:25.790Z"}
{"level":"info","message":"OPTIONS - /api/user/login - /api/user/login","timestamp":"2025-11-19T18:20:32.720Z"}
{"level":"info","message":"POST - /api/user/login - /api/user/login","timestamp":"2025-11-19T18:20:32.725Z"}
{"level":"info","message":"OPTIONS - /api/cart - /api/cart","timestamp":"2025-11-19T18:20:32.905Z"}
{"level":"info","message":"GET - /api/cart - /api/cart","timestamp":"2025-11-19T18:20:32.909Z"}
{"level":"info","message":"OPTIONS - /api/category - /api/category","timestamp":"2025-11-19T18:20:32.928Z"}
{"level":"info","message":"GET - /api/category - /api/category","timestamp":"2025-11-19T18:20:32.931Z"}
{"level":"info","message":"GET - /api/category - /api/category","timestamp":"2025-11-19T18:20:35.670Z"}
{"level":"info","message":"GET - /api/products/category/Calzado - /api/products/category/Calzado","timestamp":"2025-11-19T18:20:36.448Z"}
{"level":"info","message":"GET - /api/products/691ddb57aacc2ee8de7f3960 - /api/products/691ddb57aacc2ee8de7f3960","timestamp":"2025-11-19T18:20:37.834Z"}
{"level":"info","message":"OPTIONS - /api/cart/add - /api/cart/add","timestamp":"2025-11-19T18:20:39.711Z"}
{"level":"info","message":"POST - /api/cart/add - /api/cart/add","timestamp":"2025-11-19T18:20:39.714Z"}
{"level":"info","message":"OPTIONS - /api/category - /api/category","timestamp":"2025-11-19T18:20:41.313Z"}
{"level":"info","message":"GET - /api/category - /api/category","timestamp":"2025-11-19T18:20:41.318Z"}
{"level":"info","message":"GET - /api/products/category/Ropa - /api/products/category/Ropa","timestamp":"2025-11-19T18:20:42.441Z"}
{"level":"info","message":"GET - /api/products/691dfd533668637c798cacf0 - /api/products/691dfd533668637c798cacf0","timestamp":"2025-11-19T18:20:44.020Z"}
{"level":"info","message":"OPTIONS - /api/cart/add - /api/cart/add","timestamp":"2025-11-19T18:20:46.227Z"}
{"level":"info","message":"POST - /api/cart/add - /api/cart/add","timestamp":"2025-11-19T18:20:46.232Z"}
{"level":"info","message":"OPTIONS - /create-payment-intent - /create-payment-intent","timestamp":"2025-11-19T18:20:48.239Z"}
{"level":"info","message":"POST - /create-payment-intent - /create-payment-intent","timestamp":"2025-11-19T18:20:48.243Z"}
{"level":"error","message":"POST - /create-payment-intent - Invalid API Key provided: sk_test_************cdef","timestamp":"2025-11-19T18:20:48.816Z"}
{"level":"info","message":"OPTIONS - /api/cart - /api/cart","timestamp":"2025-11-19T18:20:52.306Z"}
{"level":"info","message":"PATCH - /api/cart - /api/cart","timestamp":"2025-11-19T18:20:52.310Z"}
{"level":"info","message":"OPTIONS - /api/cart - /api/cart","timestamp":"2025-11-19T18:46:18.539Z"}
{"level":"info","message":"GET - /api/cart - /api/cart","timestamp":"2025-11-19T18:46:18.542Z"}
{"level":"info","message":"OPTIONS - /api/category - /api/category","timestamp":"2025-11-19T18:46:18.590Z"}
{"level":"info","message":"GET - /api/category - /api/category","timestamp":"2025-11-19T18:46:18.593Z"}
{"level":"info","message":"GET - /api/cart - /api/cart","timestamp":"2025-11-19T20:21:24.435Z"}
{"level":"info","message":"OPTIONS - /api/cart - /api/cart","timestamp":"2025-11-19T20:22:37.761Z"}
{"level":"info","message":"PATCH - /api/cart - /api/cart","timestamp":"2025-11-19T20:22:37.767Z"}
{"level":"error","message":"PATCH - /api/cart - producto sin stock","timestamp":"2025-11-19T20:22:38.711Z"}
{"level":"info","message":"OPTIONS - /api/cart - /api/cart","timestamp":"2025-11-19T20:22:48.369Z"}
{"level":"info","message":"PATCH - /api/cart - /api/cart","timestamp":"2025-11-19T20:22:48.373Z"}
{"level":"info","message":"PATCH - /api/cart - /api/cart","timestamp":"2025-11-19T20:22:49.753Z"}
{"level":"info","message":"PATCH - /api/cart - /api/cart","timestamp":"2025-11-19T20:22:51.128Z"}
{"level":"error","message":"PATCH - /api/cart - producto sin stock","timestamp":"2025-11-19T20:22:51.442Z"}
{"level":"info","message":"OPTIONS - /create-payment-intent - /create-payment-intent","timestamp":"2025-11-19T20:24:16.846Z"}
{"level":"info","message":"POST - /create-payment-intent - /create-payment-intent","timestamp":"2025-11-19T20:24:16.866Z"}
{"level":"error","message":"POST - /create-payment-intent - Invalid API Key provided: sk_test_************cdef","timestamp":"2025-11-19T20:24:17.590Z"}
{"level":"info","message":"OPTIONS - /api/cart - /api/cart","timestamp":"2025-11-19T20:24:18.559Z"}
{"level":"info","message":"PATCH - /api/cart - /api/cart","timestamp":"2025-11-19T20:24:18.565Z"}
{"level":"info","message":"PATCH - /api/cart - /api/cart","timestamp":"2025-11-19T20:24:19.983Z"}
{"level":"error","message":"PATCH - /api/cart - producto sin stock","timestamp":"2025-11-19T20:24:20.216Z"}
{"level":"info","message":"OPTIONS - /api/cart - /api/cart","timestamp":"2025-11-19T20:24:24.398Z"}
{"level":"info","message":"PATCH - /api/cart - /api/cart","timestamp":"2025-11-19T20:24:24.405Z"}
{"level":"error","message":"PATCH - /api/cart - producto sin stock","timestamp":"2025-11-19T20:24:25.209Z"}
{"level":"info","message":"OPTIONS - /api/cart - /api/cart","timestamp":"2025-11-19T20:25:12.046Z"}
{"level":"info","message":"GET - /api/cart - /api/cart","timestamp":"2025-11-19T20:25:12.052Z"}
{"level":"info","message":"GET - /api/cart - /api/cart","timestamp":"2025-11-19T20:25:12.866Z"}
{"level":"info","message":"OPTIONS - /api/cart - /api/cart","timestamp":"2025-11-19T20:26:07.857Z"}
{"level":"info","message":"GET - /api/cart - /api/cart","timestamp":"2025-11-19T20:26:07.861Z"}
{"level":"info","message":"GET - /api/cart - /api/cart","timestamp":"2025-11-19T20:26:08.686Z"}
{"level":"info","message":"PATCH - /api/cart - /api/cart","timestamp":"2025-11-19T20:26:12.384Z"}
{"level":"error","message":"PATCH - /api/cart - producto sin stock","timestamp":"2025-11-19T20:26:12.872Z"}
{"level":"info","message":"OPTIONS - /api/cart - /api/cart","timestamp":"2025-11-19T20:26:15.390Z"}
{"level":"info","message":"PATCH - /api/cart - /api/cart","timestamp":"2025-11-19T20:26:15.396Z"}
{"level":"error","message":"PATCH - /api/cart - producto sin stock","timestamp":"2025-11-19T20:26:15.938Z"}
{"level":"info","message":"OPTIONS - /api/cart - /api/cart","timestamp":"2025-11-19T20:28:41.387Z"}
{"level":"info","message":"PATCH - /api/cart - /api/cart","timestamp":"2025-11-19T20:28:41.403Z"}
{"level":"error","message":"PATCH - /api/cart - producto sin stock","timestamp":"2025-11-19T20:28:42.546Z"}
{"level":"info","message":"PATCH - /api/cart - /api/cart","timestamp":"2025-11-19T20:29:22.547Z"}
{"level":"error","message":"PATCH - /api/cart - producto sin stock","timestamp":"2025-11-19T20:29:23.454Z"}
{"level":"info","message":"PATCH - /api/cart - /api/cart","timestamp":"2025-11-19T20:29:53.107Z"}
{"level":"info","message":"OPTIONS - /api/cart - /api/cart","timestamp":"2025-11-19T20:30:25.106Z"}
{"level":"info","message":"PATCH - /api/cart - /api/cart","timestamp":"2025-11-19T20:30:25.115Z"}
{"level":"info","message":"OPTIONS - /api/cart - /api/cart","timestamp":"2025-11-19T20:30:30.785Z"}
{"level":"info","message":"PATCH - /api/cart - /api/cart","timestamp":"2025-11-19T20:30:30.791Z"}
{"level":"info","message":"PATCH - /api/cart - /api/cart","timestamp":"2025-11-19T20:30:33.132Z"}
{"level":"info","message":"PATCH - /api/cart - /api/cart","timestamp":"2025-11-19T20:30:34.556Z"}
{"level":"info","message":"OPTIONS - /api/cart - /api/cart","timestamp":"2025-11-19T20:30:35.875Z"}
{"level":"info","message":"PATCH - /api/cart - /api/cart","timestamp":"2025-11-19T20:30:35.881Z"}
{"level":"info","message":"PATCH - /api/cart - /api/cart","timestamp":"2025-11-19T20:30:37.733Z"}
{"level":"info","message":"PATCH - /api/cart - /api/cart","timestamp":"2025-11-19T20:30:39.059Z"}
{"level":"info","message":"PATCH - /api/cart - /api/cart","timestamp":"2025-11-19T20:30:39.571Z"}
{"level":"info","message":"PATCH - /api/cart - /api/cart","timestamp":"2025-11-19T20:30:40.260Z"}
{"level":"info","message":"PATCH - /api/cart - /api/cart","timestamp":"2025-11-19T20:30:40.650Z"}
{"level":"info","message":"OPTIONS - /api/cart - /api/cart","timestamp":"2025-11-19T20:30:42.324Z"}
{"level":"info","message":"PATCH - /api/cart - /api/cart","timestamp":"2025-11-19T20:30:42.330Z"}
{"level":"info","message":"PATCH - /api/cart - /api/cart","timestamp":"2025-11-19T20:30:43.691Z"}
{"level":"info","message":"PATCH - /api/cart - /api/cart","timestamp":"2025-11-19T20:30:44.884Z"}
{"level":"info","message":"PATCH - /api/cart - /api/cart","timestamp":"2025-11-19T20:30:46.041Z"}
{"level":"info","message":"PATCH - /api/cart - /api/cart","timestamp":"2025-11-19T20:30:47.178Z"}
{"level":"info","message":"OPTIONS - /api/cart - /api/cart","timestamp":"2025-11-19T20:30:48.275Z"}
{"level":"info","message":"PATCH - /api/cart - /api/cart","timestamp":"2025-11-19T20:30:48.280Z"}
{"level":"info","message":"OPTIONS - /api/category - /api/category","timestamp":"2025-11-19T20:30:52.276Z"}
{"level":"info","message":"GET - /api/category - /api/category","timestamp":"2025-11-19T20:30:52.283Z"}
{"level":"info","message":"GET - /api/products/category/Ropa - /api/products/category/Ropa","timestamp":"2025-11-19T20:30:53.421Z"}
{"level":"info","message":"GET - /api/products/691dfd533668637c798cacf0 - /api/products/691dfd533668637c798cacf0","timestamp":"2025-11-19T20:30:54.691Z"}
{"level":"info","message":"OPTIONS - /create-payment-intent - /create-payment-intent","timestamp":"2025-11-19T20:31:29.344Z"}
{"level":"info","message":"POST - /create-payment-intent - /create-payment-intent","timestamp":"2025-11-19T20:31:29.358Z"}
{"level":"error","message":"POST - /create-payment-intent - Invalid API Key provided: sk_test_************cdef","timestamp":"2025-11-19T20:31:30.176Z"}
{"level":"info","message":"OPTIONS - /api/cart - /api/cart","timestamp":"2025-11-19T20:31:30.913Z"}
{"level":"info","message":"PATCH - /api/cart - /api/cart","timestamp":"2025-11-19T20:31:30.919Z"}
{"level":"info","message":"OPTIONS - /api/cart - /api/cart","timestamp":"2025-11-19T20:31:44.420Z"}
{"level":"info","message":"PATCH - /api/cart - /api/cart","timestamp":"2025-11-19T20:31:44.427Z"}
{"level":"info","message":"PATCH - /api/cart - /api/cart","timestamp":"2025-11-19T20:31:44.881Z"}
{"level":"info","message":"PATCH - /api/cart - /api/cart","timestamp":"2025-11-19T20:35:12.778Z"}
{"level":"info","message":"OPTIONS - /api/cart - /api/cart","timestamp":"2025-11-19T20:35:29.042Z"}
{"level":"info","message":"PATCH - /api/cart - /api/cart","timestamp":"2025-11-19T20:35:29.050Z"}
{"level":"info","message":"PATCH - /api/cart - /api/cart","timestamp":"2025-11-19T20:35:30.967Z"}
{"level":"info","message":"PATCH - /api/cart - /api/cart","timestamp":"2025-11-19T20:35:32.406Z"}
{"level":"info","message":"OPTIONS - /api/cart - /api/cart","timestamp":"2025-11-19T20:35:53.127Z"}
{"level":"info","message":"PATCH - /api/cart - /api/cart","timestamp":"2025-11-19T20:35:53.133Z"}
{"level":"info","message":"PATCH - /api/cart - /api/cart","timestamp":"2025-11-19T20:35:53.726Z"}
{"level":"info","message":"PATCH - /api/cart - /api/cart","timestamp":"2025-11-19T20:35:54.221Z"}
{"level":"info","message":"PATCH - /api/cart - /api/cart","timestamp":"2025-11-19T20:35:56.239Z"}
{"level":"info","message":"PATCH - /api/cart - /api/cart","timestamp":"2025-11-19T20:35:57.543Z"}
{"level":"info","message":"OPTIONS - /api/cart - /api/cart","timestamp":"2025-11-19T20:35:58.535Z"}
{"level":"info","message":"PATCH - /api/cart - /api/cart","timestamp":"2025-11-19T20:35:58.540Z"}
{"level":"info","message":"PATCH - /api/cart - /api/cart","timestamp":"2025-11-19T20:35:59.800Z"}
{"level":"info","message":"PATCH - /api/cart - /api/cart","timestamp":"2025-11-19T20:36:00.680Z"}
{"level":"info","message":"PATCH - /api/cart - /api/cart","timestamp":"2025-11-19T20:36:01.821Z"}
{"level":"info","message":"PATCH - /api/cart - /api/cart","timestamp":"2025-11-19T20:36:02.615Z"}
{"level":"info","message":"OPTIONS - /api/cart - /api/cart","timestamp":"2025-11-19T20:36:03.576Z"}
{"level":"info","message":"PATCH - /api/cart - /api/cart","timestamp":"2025-11-19T20:36:03.582Z"}
{"level":"info","message":"PATCH - /api/cart - /api/cart","timestamp":"2025-11-19T20:36:04.606Z"}
{"level":"info","message":"PATCH - /api/cart - /api/cart","timestamp":"2025-11-19T20:36:05.670Z"}
{"level":"info","message":"OPTIONS - /api/category - /api/category","timestamp":"2025-11-19T20:36:07.221Z"}
{"level":"info","message":"GET - /api/category - /api/category","timestamp":"2025-11-19T20:36:07.227Z"}
{"level":"info","message":"GET - /api/products/category/Ropa - /api/products/category/Ropa","timestamp":"2025-11-19T20:36:08.372Z"}
{"level":"info","message":"GET - /api/products/691dfd533668637c798cacf0 - /api/products/691dfd533668637c798cacf0","timestamp":"2025-11-19T20:36:09.919Z"}
{"level":"info","message":"OPTIONS - /api/category - /api/category","timestamp":"2025-11-19T20:37:16.684Z"}
{"level":"info","message":"GET - /api/category - /api/category","timestamp":"2025-11-19T20:37:16.692Z"}
{"level":"info","message":"OPTIONS - /create-payment-intent - /create-payment-intent","timestamp":"2025-11-19T20:37:17.785Z"}
{"level":"info","message":"POST - /create-payment-intent - /create-payment-intent","timestamp":"2025-11-19T20:37:17.792Z"}
{"level":"error","message":"POST - /create-payment-intent - Invalid API Key provided: sk_test_************cdef","timestamp":"2025-11-19T20:37:18.541Z"}
{"level":"info","message":"OPTIONS - /api/category - /api/category","timestamp":"2025-11-19T20:37:41.570Z"}
{"level":"info","message":"GET - /api/category - /api/category","timestamp":"2025-11-19T20:37:41.577Z"}
{"level":"info","message":"OPTIONS - /create-payment-intent - /create-payment-intent","timestamp":"2025-11-19T20:37:44.181Z"}
{"level":"info","message":"POST - /create-payment-intent - /create-payment-intent","timestamp":"2025-11-19T20:37:44.189Z"}
{"level":"error","message":"POST - /create-payment-intent - Invalid API Key provided: sk_test_************cdef","timestamp":"2025-11-19T20:37:44.446Z"}
{"level":"info","message":"OPTIONS - /api/user/login - /api/user/login","timestamp":"2025-11-19T20:37:49.637Z"}
{"level":"info","message":"POST - /api/user/login - /api/user/login","timestamp":"2025-11-19T20:37:49.643Z"}
{"level":"info","message":"OPTIONS - /api/cart - /api/cart","timestamp":"2025-11-19T20:37:49.903Z"}
{"level":"info","message":"GET - /api/cart - /api/cart","timestamp":"2025-11-19T20:37:49.910Z"}
{"level":"info","message":"OPTIONS - /api/category - /api/category","timestamp":"2025-11-19T20:37:49.967Z"}
{"level":"info","message":"GET - /api/category - /api/category","timestamp":"2025-11-19T20:37:49.976Z"}
{"level":"info","message":"GET - /api/category - /api/category","timestamp":"2025-11-19T20:37:53.879Z"}
{"level":"info","message":"GET - /api/products/category/Ropa - /api/products/category/Ropa","timestamp":"2025-11-19T20:37:55.214Z"}
{"level":"info","message":"GET - /api/products/691dfd533668637c798cacf0 - /api/products/691dfd533668637c798cacf0","timestamp":"2025-11-19T20:37:57.865Z"}
{"level":"info","message":"OPTIONS - /api/cart/add - /api/cart/add","timestamp":"2025-11-19T20:37:59.790Z"}
{"level":"info","message":"POST - /api/cart/add - /api/cart/add","timestamp":"2025-11-19T20:37:59.795Z"}
{"level":"info","message":"POST - /api/cart/add - /api/cart/add","timestamp":"2025-11-19T20:38:02.589Z"}
{"level":"info","message":"POST - /api/cart/add - /api/cart/add","timestamp":"2025-11-19T20:38:03.599Z"}
{"level":"info","message":"OPTIONS - /api/cart/add - /api/cart/add","timestamp":"2025-11-19T20:38:05.045Z"}
{"level":"info","message":"POST - /api/cart/add - /api/cart/add","timestamp":"2025-11-19T20:38:05.051Z"}
{"level":"info","message":"POST - /api/cart/add - /api/cart/add","timestamp":"2025-11-19T20:38:06.190Z"}
{"level":"info","message":"POST - /api/cart/add - /api/cart/add","timestamp":"2025-11-19T20:38:07.462Z"}
{"level":"info","message":"OPTIONS - /create-payment-intent - /create-payment-intent","timestamp":"2025-11-19T20:38:10.657Z"}
{"level":"info","message":"POST - /create-payment-intent - /create-payment-intent","timestamp":"2025-11-19T20:38:10.663Z"}
{"level":"error","message":"POST - /create-payment-intent - Invalid API Key provided: sk_test_************cdef","timestamp":"2025-11-19T20:38:10.877Z"}
{"level":"info","message":"OPTIONS - /api/category - /api/category","timestamp":"2025-11-19T20:38:31.347Z"}
{"level":"info","message":"GET - /api/category - /api/category","timestamp":"2025-11-19T20:38:31.356Z"}
{"level":"info","message":"GET - /api/products/category/Ropa - /api/products/category/Ropa","timestamp":"2025-11-19T20:38:32.808Z"}
{"level":"info","message":"GET - /api/products/691dfd533668637c798cacf0 - /api/products/691dfd533668637c798cacf0","timestamp":"2025-11-19T20:38:34.547Z"}
{"level":"info","message":"OPTIONS - /create-payment-intent - /create-payment-intent","timestamp":"2025-11-19T20:38:39.370Z"}
{"level":"info","message":"POST - /create-payment-intent - /create-payment-intent","timestamp":"2025-11-19T20:38:39.376Z"}
{"level":"error","message":"POST - /create-payment-intent - Invalid API Key provided: sk_test_************cdef","timestamp":"2025-11-19T20:38:39.640Z"}
{"level":"info","message":"OPTIONS - /api/cart - /api/cart","timestamp":"2025-11-19T20:38:41.283Z"}
{"level":"info","message":"PATCH - /api/cart - /api/cart","timestamp":"2025-11-19T20:38:41.288Z"}
{"level":"info","message":"PATCH - /api/cart - /api/cart","timestamp":"2025-11-19T20:38:46.020Z"}
{"level":"info","message":"OPTIONS - /api/cart - /api/cart","timestamp":"2025-11-19T20:38:47.917Z"}
{"level":"info","message":"PATCH - /api/cart - /api/cart","timestamp":"2025-11-19T20:38:47.922Z"}
{"level":"info","message":"PATCH - /api/cart - /api/cart","timestamp":"2025-11-19T20:38:49.299Z"}
{"level":"info","message":"PATCH - /api/cart - /api/cart","timestamp":"2025-11-19T20:38:51.085Z"}
{"level":"error","message":"PATCH - /api/cart - producto sin stock","timestamp":"2025-11-19T20:38:51.512Z"}
{"level":"info","message":"PATCH - /api/cart - /api/cart","timestamp":"2025-11-19T20:38:52.740Z"}
{"level":"error","message":"PATCH - /api/cart - producto sin stock","timestamp":"2025-11-19T20:38:53.189Z"}
{"level":"info","message":"OPTIONS - /api/cart - /api/cart","timestamp":"2025-11-19T20:40:41.554Z"}
{"level":"info","message":"PATCH - /api/cart - /api/cart","timestamp":"2025-11-19T20:40:41.558Z"}
{"level":"info","message":"OPTIONS - /api/category - /api/category","timestamp":"2025-11-19T20:40:45.158Z"}
{"level":"info","message":"GET - /api/category - /api/category","timestamp":"2025-11-19T20:40:45.165Z"}
{"level":"info","message":"GET - /api/products/category/Ropa - /api/products/category/Ropa","timestamp":"2025-11-19T20:40:46.004Z"}
{"level":"info","message":"GET - /api/products/691dfd533668637c798cacf0 - /api/products/691dfd533668637c798cacf0","timestamp":"2025-11-19T20:40:48.126Z"}
{"level":"info","message":"OPTIONS - /create-payment-intent - /create-payment-intent","timestamp":"2025-11-19T20:41:06.390Z"}
{"level":"info","message":"POST - /create-payment-intent - /create-payment-intent","timestamp":"2025-11-19T20:41:06.402Z"}
{"level":"error","message":"POST - /create-payment-intent - Invalid API Key provided: sk_test_************cdef","timestamp":"2025-11-19T20:41:12.964Z"}
{"level":"info","message":"OPTIONS - /api/category - /api/category","timestamp":"2025-11-19T20:42:05.495Z"}
{"level":"info","message":"GET - /api/category - /api/category","timestamp":"2025-11-19T20:42:05.501Z"}
{"level":"info","message":"GET - /api/products/category/Calzado - /api/products/category/Calzado","timestamp":"2025-11-19T20:42:06.459Z"}
{"level":"info","message":"GET - /api/products/691ddb57aacc2ee8de7f3960 - /api/products/691ddb57aacc2ee8de7f3960","timestamp":"2025-11-19T20:42:07.759Z"}
{"level":"info","message":"OPTIONS - /api/cart/add - /api/cart/add","timestamp":"2025-11-19T20:42:09.043Z"}
{"level":"info","message":"POST - /api/cart/add - /api/cart/add","timestamp":"2025-11-19T20:42:09.047Z"}
{"level":"info","message":"POST - /api/cart/add - /api/cart/add","timestamp":"2025-11-19T20:42:11.122Z"}
{"level":"info","message":"OPTIONS - /create-payment-intent - /create-payment-intent","timestamp":"2025-11-19T20:42:14.556Z"}
{"level":"info","message":"POST - /create-payment-intent - /create-payment-intent","timestamp":"2025-11-19T20:42:14.564Z"}
{"level":"error","message":"POST - /create-payment-intent - Invalid API Key provided: sk_test_************cdef","timestamp":"2025-11-19T20:42:14.748Z"}
{"level":"info","message":"OPTIONS - /api/cart - /api/cart","timestamp":"2025-11-19T20:42:17.747Z"}
{"level":"info","message":"PATCH - /api/cart - /api/cart","timestamp":"2025-11-19T20:42:17.753Z"}
{"level":"info","message":"PATCH - /api/cart - /api/cart","timestamp":"2025-11-19T20:42:20.817Z"}
{"level":"info","message":"OPTIONS - /api/cart - /api/cart","timestamp":"2025-11-19T20:42:22.841Z"}
{"level":"info","message":"PATCH - /api/cart - /api/cart","timestamp":"2025-11-19T20:42:22.846Z"}
{"level":"info","message":"PATCH - /api/cart - /api/cart","timestamp":"2025-11-19T20:42:24.394Z"}
{"level":"info","message":"PATCH - /api/cart - /api/cart","timestamp":"2025-11-19T20:42:25.779Z"}
{"level":"info","message":"PATCH - /api/cart - /api/cart","timestamp":"2025-11-19T20:42:27.641Z"}
{"level":"info","message":"OPTIONS - /api/cart - /api/cart","timestamp":"2025-11-19T20:42:39.641Z"}
{"level":"info","message":"PATCH - /api/cart - /api/cart","timestamp":"2025-11-19T20:42:39.646Z"}
{"level":"info","message":"PATCH - /api/cart - /api/cart","timestamp":"2025-11-19T20:42:41.433Z"}
{"level":"info","message":"OPTIONS - /api/category - /api/category","timestamp":"2025-11-19T20:42:43.387Z"}
{"level":"info","message":"GET - /api/category - /api/category","timestamp":"2025-11-19T20:42:43.395Z"}
{"level":"info","message":"GET - /api/products/category/Ropa - /api/products/category/Ropa","timestamp":"2025-11-19T20:42:44.213Z"}
{"level":"info","message":"GET - /api/products/691dfd533668637c798cacf0 - /api/products/691dfd533668637c798cacf0","timestamp":"2025-11-19T20:42:45.856Z"}
{"level":"info","message":"OPTIONS - /create-payment-intent - /create-payment-intent","timestamp":"2025-11-19T20:42:52.367Z"}
{"level":"info","message":"POST - /create-payment-intent - /create-payment-intent","timestamp":"2025-11-19T20:42:52.374Z"}
{"level":"error","message":"POST - /create-payment-intent - Invalid API Key provided: sk_test_************cdef","timestamp":"2025-11-19T20:42:52.672Z"}
{"level":"info","message":"OPTIONS - /api/cart/remove - /api/cart/remove","timestamp":"2025-11-19T20:42:57.696Z"}
{"level":"info","message":"POST - /api/cart/remove - /api/cart/remove","timestamp":"2025-11-19T20:42:57.701Z"}
{"level":"info","message":"OPTIONS - /api/cart - /api/cart","timestamp":"2025-11-19T20:43:49.790Z"}
{"level":"info","message":"GET - /api/cart - /api/cart","timestamp":"2025-11-19T20:43:49.795Z"}
