{"level":"info","message":"OPTIONS - /api/category - /api/category","timestamp":"2025-11-18T12:16:09.960Z"}
{"level":"info","message":"GET - /api/category - /api/category","timestamp":"2025-11-18T12:16:09.969Z"}
{"level":"info","message":"OPTIONS - /api/products - /api/products","timestamp":"2025-11-18T12:16:20.840Z"}
{"level":"info","message":"POST - /api/products - /api/products","timestamp":"2025-11-18T12:16:20.844Z"}
{"level":"info","message":"OPTIONS - /api/products - /api/products","timestamp":"2025-11-18T12:16:59.820Z"}
{"level":"info","message":"POST - /api/products - /api/products","timestamp":"2025-11-18T12:16:59.826Z"}
{"level":"info","message":"OPTIONS - /api/products - /api/products","timestamp":"2025-11-18T12:17:05.256Z"}
{"level":"info","message":"POST - /api/products - /api/products","timestamp":"2025-11-18T12:17:05.263Z"}
{"level":"info","message":"OPTIONS - /api/category - /api/category","timestamp":"2025-11-18T12:17:33.476Z"}
{"level":"info","message":"GET - /api/category - /api/category","timestamp":"2025-11-18T12:17:33.482Z"}
{"level":"info","message":"OPTIONS - /api/products - /api/products","timestamp":"2025-11-18T12:17:37.080Z"}
{"level":"info","message":"POST - /api/products - /api/products","timestamp":"2025-11-18T12:17:37.086Z"}
{"level":"info","message":"OPTIONS - /api/category - /api/category","timestamp":"2025-11-18T12:17:50.166Z"}
{"level":"info","message":"GET - /api/category - /api/category","timestamp":"2025-11-18T12:17:50.170Z"}
{"level":"info","message":"OPTIONS - /api/products - /api/products","timestamp":"2025-11-18T12:17:53.897Z"}
{"level":"info","message":"POST - /api/products - /api/products","timestamp":"2025-11-18T12:17:53.902Z"}
{"level":"info","message":"OPTIONS - /api/category - /api/category","timestamp":"2025-11-18T12:18:12.327Z"}
{"level":"info","message":"GET - /api/category - /api/category","timestamp":"2025-11-18T12:18:12.330Z"}
{"level":"info","message":"OPTIONS - /api/category - /api/category","timestamp":"2025-11-18T12:18:35.197Z"}
{"level":"info","message":"GET - /api/category - /api/category","timestamp":"2025-11-18T12:18:35.204Z"}
{"level":"info","message":"OPTIONS - /api/products - /api/products","timestamp":"2025-11-18T12:18:58.405Z"}
{"level":"info","message":"POST - /api/products - /api/products","timestamp":"2025-11-18T12:18:58.410Z"}
{"level":"info","message":"GET - /api/products - /api/products","timestamp":"2025-11-18T12:19:02.535Z"}
{"level":"info","message":"OPTIONS - /api/category - /api/category","timestamp":"2025-11-18T12:19:33.748Z"}
{"level":"info","message":"POST - /api/category - /api/category","timestamp":"2025-11-18T12:19:33.753Z"}
{"level":"info","message":"OPTIONS - /api/category - /api/category","timestamp":"2025-11-18T12:23:45.622Z"}
{"level":"info","message":"OPTIONS - /api/cart - /api/cart","timestamp":"2025-11-18T12:23:45.624Z"}
{"level":"info","message":"GET - /api/category - /api/category","timestamp":"2025-11-18T12:23:45.633Z"}
{"level":"info","message":"GET - /api/cart - /api/cart","timestamp":"2025-11-18T12:23:45.637Z"}
{"level":"info","message":"OPTIONS - /api/category - /api/category","timestamp":"2025-11-18T12:26:03.887Z"}
{"level":"info","message":"POST - /api/category - /api/category","timestamp":"2025-11-18T12:26:03.892Z"}
{"level":"info","message":"GET - /api/category - /api/category","timestamp":"2025-11-18T12:26:07.589Z"}
{"level":"info","message":"OPTIONS - /api/category - /api/category","timestamp":"2025-11-18T12:26:26.733Z"}
{"level":"info","message":"POST - /api/category - /api/category","timestamp":"2025-11-18T12:26:26.739Z"}
{"level":"info","message":"GET - /api/category - /api/category","timestamp":"2025-11-18T12:26:28.204Z"}
{"level":"info","message":"OPTIONS - /api/category - /api/category","timestamp":"2025-11-18T12:26:32.799Z"}
{"level":"info","message":"GET - /api/category - /api/category","timestamp":"2025-11-18T12:26:32.806Z"}
{"level":"info","message":"GET - /api/products/category/Electronica - /api/products/category/Electronica","timestamp":"2025-11-18T12:26:37.723Z"}
{"level":"info","message":"GET - /api/products/category/Electronica - /api/products/category/Electronica","timestamp":"2025-11-18T12:27:53.138Z"}
{"level":"info","message":"OPTIONS - /api/cart - /api/cart","timestamp":"2025-11-18T12:27:53.164Z"}
{"level":"info","message":"GET - /api/cart - /api/cart","timestamp":"2025-11-18T12:27:53.169Z"}
{"level":"info","message":"OPTIONS - /api/category - /api/category","timestamp":"2025-11-18T12:31:14.740Z"}
{"level":"info","message":"GET - /api/category - /api/category","timestamp":"2025-11-18T12:31:14.745Z"}
{"level":"info","message":"OPTIONS - /api/products - /api/products","timestamp":"2025-11-18T12:31:16.115Z"}
{"level":"info","message":"GET - /api/products - /api/products","timestamp":"2025-11-18T12:31:16.121Z"}
{"level":"info","message":"OPTIONS - /api/category - /api/category","timestamp":"2025-11-18T12:31:23.161Z"}
{"level":"info","message":"GET - /api/category - /api/category","timestamp":"2025-11-18T12:31:23.166Z"}
{"level":"info","message":"OPTIONS - /api/products - /api/products","timestamp":"2025-11-18T12:31:23.840Z"}
{"level":"info","message":"GET - /api/products - /api/products","timestamp":"2025-11-18T12:31:23.845Z"}
{"level":"info","message":"OPTIONS - /api/products - /api/products","timestamp":"2025-11-18T12:31:48.416Z"}
{"level":"info","message":"GET - /api/products - /api/products","timestamp":"2025-11-18T12:31:48.425Z"}
{"level":"info","message":"OPTIONS - /api/category - /api/category","timestamp":"2025-11-18T12:31:50.493Z"}
{"level":"info","message":"GET - /api/category - /api/category","timestamp":"2025-11-18T12:31:50.499Z"}
{"level":"info","message":"GET - /api/products - /api/products","timestamp":"2025-11-18T12:31:50.944Z"}
{"level":"info","message":"OPTIONS - /api/products - /api/products","timestamp":"2025-11-18T12:31:59.324Z"}
{"level":"info","message":"GET - /api/products - /api/products","timestamp":"2025-11-18T12:31:59.331Z"}
{"level":"info","message":"OPTIONS - /api/products - /api/products","timestamp":"2025-11-18T12:32:12.607Z"}
{"level":"info","message":"GET - /api/products - /api/products","timestamp":"2025-11-18T12:32:12.618Z"}
{"level":"info","message":"OPTIONS - /api/category - /api/category","timestamp":"2025-11-18T12:32:15.505Z"}
{"level":"info","message":"GET - /api/category - /api/category","timestamp":"2025-11-18T12:32:15.509Z"}
{"level":"info","message":"GET - /api/products - /api/products","timestamp":"2025-11-18T12:32:15.961Z"}
{"level":"info","message":"OPTIONS - /api/products - /api/products","timestamp":"2025-11-18T12:32:25.966Z"}
{"level":"info","message":"GET - /api/products - /api/products","timestamp":"2025-11-18T12:32:25.972Z"}
{"level":"info","message":"OPTIONS - /api/products - /api/products","timestamp":"2025-11-18T12:33:01.931Z"}
{"level":"info","message":"GET - /api/products - /api/products","timestamp":"2025-11-18T12:33:01.949Z"}
{"level":"info","message":"OPTIONS - /api/products - /api/products","timestamp":"2025-11-18T12:33:31.076Z"}
{"level":"info","message":"GET - /api/products - /api/products","timestamp":"2025-11-18T12:33:31.083Z"}
{"level":"info","message":"OPTIONS - /api/products - /api/products","timestamp":"2025-11-18T12:33:40.936Z"}
{"level":"info","message":"GET - /api/products - /api/products","timestamp":"2025-11-18T12:33:40.944Z"}
{"level":"info","message":"GET - /api/products - /api/products","timestamp":"2025-11-18T12:33:44.974Z"}
{"level":"info","message":"OPTIONS - /api/category - /api/category","timestamp":"2025-11-18T12:33:48.208Z"}
{"level":"info","message":"GET - /api/category - /api/category","timestamp":"2025-11-18T12:33:48.215Z"}
{"level":"info","message":"OPTIONS - /api/products - /api/products","timestamp":"2025-11-18T12:33:48.724Z"}
{"level":"info","message":"GET - /api/products - /api/products","timestamp":"2025-11-18T12:33:48.730Z"}
{"level":"info","message":"OPTIONS - /api/category - /api/category","timestamp":"2025-11-18T12:35:46.547Z"}
{"level":"info","message":"GET - /api/category - /api/category","timestamp":"2025-11-18T12:35:46.552Z"}
{"level":"info","message":"OPTIONS - /api/category - /api/category","timestamp":"2025-11-18T12:38:19.612Z"}
{"level":"info","message":"GET - /api/category - /api/category","timestamp":"2025-11-18T12:38:19.618Z"}
{"level":"info","message":"OPTIONS - /api/category - /api/category","timestamp":"2025-11-18T12:39:33.786Z"}
{"level":"info","message":"OPTIONS - /api/products - /api/products","timestamp":"2025-11-18T12:39:33.793Z"}
{"level":"info","message":"GET - /api/category - /api/category","timestamp":"2025-11-18T12:39:33.795Z"}
{"level":"info","message":"GET - /api/products - /api/products","timestamp":"2025-11-18T12:39:33.799Z"}
{"level":"info","message":"OPTIONS - /api/category - /api/category","timestamp":"2025-11-18T12:40:34.471Z"}
{"level":"info","message":"OPTIONS - /api/products - /api/products","timestamp":"2025-11-18T12:40:34.474Z"}
{"level":"info","message":"GET - /api/category - /api/category","timestamp":"2025-11-18T12:40:34.482Z"}
{"level":"info","message":"GET - /api/products - /api/products","timestamp":"2025-11-18T12:40:34.485Z"}
{"level":"info","message":"OPTIONS - /api/products - /api/products","timestamp":"2025-11-18T12:41:00.573Z"}
{"level":"info","message":"POST - /api/products - /api/products","timestamp":"2025-11-18T12:41:00.580Z"}
{"level":"error","message":"POST - /api/products - Unexpected token '\"', \"\"{\\\"title\\\"... is not valid JSON","timestamp":"2025-11-18T12:41:00.682Z"}
{"level":"info","message":"OPTIONS - /api/category - /api/category","timestamp":"2025-11-18T12:41:00.933Z"}
{"level":"info","message":"OPTIONS - /api/cart - /api/cart","timestamp":"2025-11-18T12:41:00.935Z"}
{"level":"info","message":"GET - /api/products - /api/products","timestamp":"2025-11-18T12:41:00.939Z"}
{"level":"info","message":"GET - /api/category - /api/category","timestamp":"2025-11-18T12:41:00.943Z"}
{"level":"info","message":"GET - /api/cart - /api/cart","timestamp":"2025-11-18T12:41:00.947Z"}
{"level":"info","message":"GET - /api/products - /api/products","timestamp":"2025-11-18T12:41:03.437Z"}
{"level":"info","message":"GET - /api/category - /api/category","timestamp":"2025-11-18T12:41:05.356Z"}
{"level":"info","message":"GET - /api/products - /api/products","timestamp":"2025-11-18T12:41:05.359Z"}
{"level":"info","message":"OPTIONS - /api/products - /api/products","timestamp":"2025-11-18T12:41:05.831Z"}
{"level":"info","message":"GET - /api/products - /api/products","timestamp":"2025-11-18T12:41:05.838Z"}
{"level":"info","message":"OPTIONS - /api/category - /api/category","timestamp":"2025-11-18T12:41:34.131Z"}
{"level":"info","message":"OPTIONS - /api/products - /api/products","timestamp":"2025-11-18T12:41:34.133Z"}
{"level":"info","message":"GET - /api/category - /api/category","timestamp":"2025-11-18T12:41:34.142Z"}
{"level":"info","message":"GET - /api/products - /api/products","timestamp":"2025-11-18T12:41:34.146Z"}
{"level":"info","message":"OPTIONS - /api/products - /api/products","timestamp":"2025-11-18T12:41:50.378Z"}
{"level":"info","message":"POST - /api/products - /api/products","timestamp":"2025-11-18T12:41:50.383Z"}
{"level":"error","message":"POST - /api/products - Unexpected token '\"', \"\"{\\\"title\\\"... is not valid JSON","timestamp":"2025-11-18T12:41:50.458Z"}
{"level":"info","message":"OPTIONS - /api/category - /api/category","timestamp":"2025-11-18T12:41:50.771Z"}
{"level":"info","message":"GET - /api/products - /api/products","timestamp":"2025-11-18T12:41:50.774Z"}
{"level":"info","message":"GET - /api/category - /api/category","timestamp":"2025-11-18T12:41:50.779Z"}
{"level":"info","message":"OPTIONS - /api/cart - /api/cart","timestamp":"2025-11-18T12:41:50.781Z"}
{"level":"info","message":"GET - /api/cart - /api/cart","timestamp":"2025-11-18T12:41:50.816Z"}
{"level":"info","message":"OPTIONS - /api/products - /api/products","timestamp":"2025-11-18T12:41:59.165Z"}
{"level":"info","message":"GET - /api/products - /api/products","timestamp":"2025-11-18T12:41:59.169Z"}
{"level":"info","message":"OPTIONS - /api/category - /api/category","timestamp":"2025-11-18T12:42:00.028Z"}
{"level":"info","message":"GET - /api/products - /api/products","timestamp":"2025-11-18T12:42:00.034Z"}
{"level":"info","message":"GET - /api/category - /api/category","timestamp":"2025-11-18T12:42:00.037Z"}
{"level":"info","message":"OPTIONS - /api/category - /api/category","timestamp":"2025-11-18T12:42:17.992Z"}
{"level":"info","message":"GET - /api/category - /api/category","timestamp":"2025-11-18T12:42:17.998Z"}
{"level":"info","message":"GET - /api/products/paginado?limit=2&page=1 - /api/products/paginado?limit=2&page=1","timestamp":"2025-11-18T12:43:04.070Z"}
{"level":"info","message":"OPTIONS - /api/cart - /api/cart","timestamp":"2025-11-18T12:43:04.097Z"}
{"level":"info","message":"GET - /api/cart - /api/cart","timestamp":"2025-11-18T12:43:04.104Z"}
{"level":"info","message":"OPTIONS - /api/user/login - /api/user/login","timestamp":"2025-11-18T12:43:12.124Z"}
{"level":"info","message":"POST - /api/user/login - /api/user/login","timestamp":"2025-11-18T12:43:12.128Z"}
{"level":"info","message":"OPTIONS - /api/cart - /api/cart","timestamp":"2025-11-18T12:43:12.283Z"}
{"level":"info","message":"GET - /api/cart - /api/cart","timestamp":"2025-11-18T12:43:12.289Z"}
{"level":"info","message":"OPTIONS - /api/category - /api/category","timestamp":"2025-11-18T12:44:02.633Z"}
{"level":"info","message":"OPTIONS - /api/cart - /api/cart","timestamp":"2025-11-18T12:44:02.635Z"}
{"level":"info","message":"GET - /api/category - /api/category","timestamp":"2025-11-18T12:44:02.642Z"}
{"level":"info","message":"GET - /api/cart - /api/cart","timestamp":"2025-11-18T12:44:02.644Z"}
{"level":"info","message":"OPTIONS - /api/products - /api/products","timestamp":"2025-11-18T12:44:20.025Z"}
{"level":"info","message":"POST - /api/products - /api/products","timestamp":"2025-11-18T12:44:20.030Z"}
{"level":"info","message":"GET - /api/products - /api/products","timestamp":"2025-11-18T12:44:24.481Z"}
{"level":"info","message":"OPTIONS - /api/category - /api/category","timestamp":"2025-11-18T12:44:34.747Z"}
{"level":"info","message":"POST - /api/category - /api/category","timestamp":"2025-11-18T12:44:34.751Z"}
{"level":"info","message":"GET - /api/category - /api/category","timestamp":"2025-11-18T12:44:36.680Z"}
{"level":"info","message":"OPTIONS - /api/products - /api/products","timestamp":"2025-11-18T12:44:41.586Z"}
{"level":"info","message":"GET - /api/products - /api/products","timestamp":"2025-11-18T12:44:41.592Z"}
{"level":"info","message":"OPTIONS - /api/products/691c6a24427baf746343407f - /api/products/691c6a24427baf746343407f","timestamp":"2025-11-18T12:44:43.622Z"}
{"level":"info","message":"DELETE - /api/products/691c6a24427baf746343407f - /api/products/691c6a24427baf746343407f","timestamp":"2025-11-18T12:44:43.634Z"}
{"level":"info","message":"GET - /api/products - /api/products","timestamp":"2025-11-18T12:44:43.683Z"}
{"level":"info","message":"OPTIONS - /api/category - /api/category","timestamp":"2025-11-18T12:45:11.170Z"}
{"level":"info","message":"GET - /api/category - /api/category","timestamp":"2025-11-18T12:45:11.179Z"}
{"level":"info","message":"GET - /api/category - /api/category","timestamp":"2025-11-18T12:45:12.481Z"}
{"level":"info","message":"GET - /api/category - /api/category","timestamp":"2025-11-18T12:45:15.496Z"}
{"level":"info","message":"OPTIONS - /api/category - /api/category","timestamp":"2025-11-18T12:45:17.183Z"}
{"level":"info","message":"GET - /api/category - /api/category","timestamp":"2025-11-18T12:45:17.189Z"}
{"level":"info","message":"GET - /api/products/category/Electronica - /api/products/category/Electronica","timestamp":"2025-11-18T12:45:19.445Z"}
{"level":"info","message":"GET - /api/products/category/Electronica - /api/products/category/Electronica","timestamp":"2025-11-18T12:46:16.096Z"}
{"level":"info","message":"OPTIONS - /api/cart - /api/cart","timestamp":"2025-11-18T12:46:16.114Z"}
{"level":"info","message":"GET - /api/cart - /api/cart","timestamp":"2025-11-18T12:46:16.118Z"}
{"level":"info","message":"OPTIONS - /api/category - /api/category","timestamp":"2025-11-18T15:10:13.385Z"}
{"level":"info","message":"GET - /api/category - /api/category","timestamp":"2025-11-18T15:10:13.390Z"}
{"level":"info","message":"GET - /api/products/category/asdasdas - /api/products/category/asdasdas","timestamp":"2025-11-18T15:10:14.323Z"}
{"level":"info","message":"OPTIONS - /api/category - /api/category","timestamp":"2025-11-18T15:10:22.552Z"}
{"level":"info","message":"GET - /api/category - /api/category","timestamp":"2025-11-18T15:10:22.556Z"}
{"level":"info","message":"GET - /api/products/category/asdasdas - /api/products/category/asdasdas","timestamp":"2025-11-18T15:10:25.548Z"}
{"level":"info","message":"GET - /api/products/category/asdasdas - /api/products/category/asdasdas","timestamp":"2025-11-18T15:11:01.021Z"}
{"level":"info","message":"GET - /api/category - /api/category","timestamp":"2025-11-18T15:11:36.864Z"}
{"level":"info","message":"GET - /api/category/691481bfdea6bb3f3e477828 - /api/category/691481bfdea6bb3f3e477828","timestamp":"2025-11-18T15:11:40.323Z"}
{"level":"info","message":"OPTIONS - /api/category - /api/category","timestamp":"2025-11-18T15:48:55.241Z"}
{"level":"info","message":"GET - /api/category - /api/category","timestamp":"2025-11-18T15:48:55.247Z"}
{"level":"info","message":"GET - /api/products/category/asdasdasd - /api/products/category/asdasdasd","timestamp":"2025-11-18T15:48:56.191Z"}
{"level":"info","message":"GET - /api/category - /api/category","timestamp":"2025-11-18T15:48:57.632Z"}
{"level":"info","message":"GET - /api/products/category/FSDFSDFSDF - /api/products/category/FSDFSDFSDF","timestamp":"2025-11-18T15:48:58.786Z"}
{"level":"info","message":"OPTIONS - /api/category - /api/category","timestamp":"2025-11-18T15:49:01.960Z"}
{"level":"info","message":"GET - /api/category - /api/category","timestamp":"2025-11-18T15:49:01.964Z"}
{"level":"info","message":"GET - /api/products/category/Electronica - /api/products/category/Electronica","timestamp":"2025-11-18T15:49:02.994Z"}
{"level":"info","message":"GET - /api/category - /api/category","timestamp":"2025-11-18T15:49:05.968Z"}
{"level":"info","message":"GET - /api/products/category/asdasdasd - /api/products/category/asdasdasd","timestamp":"2025-11-18T15:49:06.751Z"}
{"level":"info","message":"OPTIONS - /api/category - /api/category","timestamp":"2025-11-18T15:49:09.104Z"}
{"level":"info","message":"GET - /api/category - /api/category","timestamp":"2025-11-18T15:49:09.108Z"}
{"level":"info","message":"GET - /api/products/category/FSDFSDFSDF - /api/products/category/FSDFSDFSDF","timestamp":"2025-11-18T15:49:13.383Z"}
{"level":"info","message":"OPTIONS - /api/category - /api/category","timestamp":"2025-11-18T15:49:19.365Z"}
{"level":"info","message":"GET - /api/category - /api/category","timestamp":"2025-11-18T15:49:19.370Z"}
{"level":"info","message":"GET - /api/products/category/Electronica - /api/products/category/Electronica","timestamp":"2025-11-18T15:49:23.235Z"}
{"level":"info","message":"OPTIONS - /api/category - /api/category","timestamp":"2025-11-18T15:49:25.584Z"}
{"level":"info","message":"GET - /api/category - /api/category","timestamp":"2025-11-18T15:49:25.587Z"}
{"level":"info","message":"GET - /api/products/category/FSDFSDFSDF - /api/products/category/FSDFSDFSDF","timestamp":"2025-11-18T15:49:26.859Z"}
{"level":"info","message":"OPTIONS - /api/category - /api/category","timestamp":"2025-11-18T15:49:31.996Z"}
{"level":"info","message":"GET - /api/category - /api/category","timestamp":"2025-11-18T15:49:31.999Z"}
{"level":"info","message":"GET - /api/products/category/asdasdas - /api/products/category/asdasdas","timestamp":"2025-11-18T15:49:32.769Z"}
{"level":"info","message":"GET - /api/category - /api/category","timestamp":"2025-11-18T15:49:36.355Z"}
{"level":"info","message":"GET - /api/products/category/sdasd - /api/products/category/sdasd","timestamp":"2025-11-18T15:49:38.622Z"}
{"level":"info","message":"GET - /api/products/category/sdasd - /api/products/category/sdasd","timestamp":"2025-11-18T15:49:55.929Z"}
{"level":"info","message":"OPTIONS - /api/category - /api/category","timestamp":"2025-11-18T15:50:11.412Z"}
{"level":"info","message":"GET - /api/category - /api/category","timestamp":"2025-11-18T15:50:11.417Z"}
{"level":"info","message":"GET - /api/products/category/asdasdas - /api/products/category/asdasdas","timestamp":"2025-11-18T15:50:13.913Z"}
{"level":"info","message":"GET - /api/products/category/asdasdas - /api/products/category/asdasdas","timestamp":"2025-11-18T15:50:22.579Z"}
{"level":"info","message":"OPTIONS - /api/category - /api/category","timestamp":"2025-11-18T15:50:25.269Z"}
{"level":"info","message":"GET - /api/category - /api/category","timestamp":"2025-11-18T15:50:25.274Z"}
{"level":"info","message":"GET - /api/products/category/asdasdas - /api/products/category/asdasdas","timestamp":"2025-11-18T15:50:27.216Z"}
{"level":"info","message":"GET - /api/products/category/asdasdas - /api/products/category/asdasdas","timestamp":"2025-11-18T15:50:56.371Z"}
{"level":"info","message":"OPTIONS - /api/category - /api/category","timestamp":"2025-11-18T15:50:58.675Z"}
{"level":"info","message":"GET - /api/category - /api/category","timestamp":"2025-11-18T15:50:58.681Z"}
{"level":"info","message":"GET - /api/products/category/asdasdas - /api/products/category/asdasdas","timestamp":"2025-11-18T15:51:01.202Z"}
{"level":"info","message":"GET - /api/category/asdasdas - /api/category/asdasdas","timestamp":"2025-11-18T15:51:25.987Z"}
{"level":"error","message":"GET - /api/category/asdasdas - Cast to ObjectId failed for value \"asdasdas\" (type string) at path \"_id\" for model \"Category\"","timestamp":"2025-11-18T15:51:25.989Z"}
{"level":"info","message":"GET - /api/category/asdasdas - /api/category/asdasdas","timestamp":"2025-11-18T15:51:30.039Z"}
{"level":"error","message":"GET - /api/category/asdasdas - Cast to ObjectId failed for value \"asdasdas\" (type string) at path \"_id\" for model \"Category\"","timestamp":"2025-11-18T15:51:30.040Z"}
{"level":"info","message":"OPTIONS - /api/category - /api/category","timestamp":"2025-11-18T15:52:52.152Z"}
{"level":"info","message":"GET - /api/category - /api/category","timestamp":"2025-11-18T15:52:52.156Z"}
{"level":"info","message":"OPTIONS - /api/category - /api/category","timestamp":"2025-11-18T15:55:15.299Z"}
{"level":"info","message":"POST - /api/category - /api/category","timestamp":"2025-11-18T15:55:15.304Z"}
{"level":"info","message":"OPTIONS - /api/category - /api/category","timestamp":"2025-11-18T15:55:31.043Z"}
{"level":"info","message":"POST - /api/category - /api/category","timestamp":"2025-11-18T15:55:31.047Z"}
{"level":"info","message":"GET - /api/category - /api/category","timestamp":"2025-11-18T15:55:34.254Z"}
{"level":"info","message":"OPTIONS - /api/category - /api/category","timestamp":"2025-11-18T15:55:58.404Z"}
{"level":"info","message":"POST - /api/category - /api/category","timestamp":"2025-11-18T15:55:58.409Z"}
{"level":"info","message":"GET - /api/category - /api/category","timestamp":"2025-11-18T15:55:59.565Z"}
{"level":"info","message":"OPTIONS - /api/products - /api/products","timestamp":"2025-11-18T15:56:48.732Z"}
{"level":"info","message":"POST - /api/products - /api/products","timestamp":"2025-11-18T15:56:48.735Z"}
{"level":"info","message":"OPTIONS - /api/products - /api/products","timestamp":"2025-11-18T15:57:26.163Z"}
{"level":"info","message":"POST - /api/products - /api/products","timestamp":"2025-11-18T15:57:26.167Z"}
{"level":"info","message":"OPTIONS - /api/category - /api/category","timestamp":"2025-11-18T15:57:29.507Z"}
{"level":"info","message":"GET - /api/category - /api/category","timestamp":"2025-11-18T15:57:29.510Z"}
{"level":"info","message":"GET - /api/products/category/Electr%C3%B3nica - /api/products/category/Electr%C3%B3nica","timestamp":"2025-11-18T15:57:35.584Z"}
{"level":"info","message":"OPTIONS - /api/category - /api/category","timestamp":"2025-11-18T15:57:40.844Z"}
{"level":"info","message":"GET - /api/category - /api/category","timestamp":"2025-11-18T15:57:40.849Z"}
{"level":"info","message":"GET - /api/products/category/Electr%C3%B3nica - /api/products/category/Electr%C3%B3nica","timestamp":"2025-11-18T15:57:41.923Z"}
{"level":"info","message":"GET - /api/category - /api/category","timestamp":"2025-11-18T15:57:43.560Z"}
{"level":"info","message":"GET - /api/products/category/Electr%C3%B3nica - /api/products/category/Electr%C3%B3nica","timestamp":"2025-11-18T15:57:45.322Z"}
{"level":"info","message":"OPTIONS - /api/category - /api/category","timestamp":"2025-11-18T15:57:48.088Z"}
{"level":"info","message":"GET - /api/category - /api/category","timestamp":"2025-11-18T15:57:48.093Z"}
{"level":"info","message":"GET - /api/products/paginado?limit=2&page=1 - /api/products/paginado?limit=2&page=1","timestamp":"2025-11-18T15:58:05.643Z"}
{"level":"info","message":"OPTIONS - /api/category - /api/category","timestamp":"2025-11-18T15:58:06.915Z"}
{"level":"info","message":"GET - /api/category - /api/category","timestamp":"2025-11-18T15:58:06.920Z"}
{"level":"info","message":"OPTIONS - /api/products - /api/products","timestamp":"2025-11-18T15:58:35.021Z"}
{"level":"info","message":"POST - /api/products - /api/products","timestamp":"2025-11-18T15:58:35.024Z"}
{"level":"info","message":"OPTIONS - /api/category - /api/category","timestamp":"2025-11-18T15:58:37.945Z"}
{"level":"info","message":"GET - /api/category - /api/category","timestamp":"2025-11-18T15:58:37.950Z"}
{"level":"info","message":"GET - /api/products/category/Electr%C3%B3nica - /api/products/category/Electr%C3%B3nica","timestamp":"2025-11-18T15:58:38.855Z"}
{"level":"info","message":"GET - /api/products/category/Electr%C3%B3nica - /api/products/category/Electr%C3%B3nica","timestamp":"2025-11-18T16:01:16.186Z"}
{"level":"info","message":"OPTIONS - /api/category - /api/category","timestamp":"2025-11-18T16:01:21.756Z"}
{"level":"info","message":"GET - /api/category - /api/category","timestamp":"2025-11-18T16:01:21.760Z"}
{"level":"info","message":"GET - /api/products/category/Joyer%C3%ADa - /api/products/category/Joyer%C3%ADa","timestamp":"2025-11-18T16:01:22.377Z"}
{"level":"info","message":"GET - /api/category - /api/category","timestamp":"2025-11-18T16:01:23.955Z"}
{"level":"info","message":"GET - /api/products/category/Ropamasculina - /api/products/category/Ropamasculina","timestamp":"2025-11-18T16:01:24.566Z"}
{"level":"info","message":"OPTIONS - /api/category - /api/category","timestamp":"2025-11-18T16:01:34.234Z"}
{"level":"info","message":"GET - /api/category - /api/category","timestamp":"2025-11-18T16:01:34.236Z"}
{"level":"info","message":"GET - /api/products/category/Joyer%C3%ADa - /api/products/category/Joyer%C3%ADa","timestamp":"2025-11-18T16:01:36.817Z"}
{"level":"info","message":"GET - /api/products/category/Joyer%C3%ADa - /api/products/category/Joyer%C3%ADa","timestamp":"2025-11-18T16:01:52.699Z"}
{"level":"info","message":"OPTIONS - /api/category - /api/category","timestamp":"2025-11-18T16:01:56.640Z"}
{"level":"info","message":"GET - /api/category - /api/category","timestamp":"2025-11-18T16:01:56.644Z"}
{"level":"info","message":"GET - /api/products/category/Joyer%C3%ADa - /api/products/category/Joyer%C3%ADa","timestamp":"2025-11-18T16:01:58.755Z"}
{"level":"info","message":"GET - /api/products/category/Joyer%C3%ADa - /api/products/category/Joyer%C3%ADa","timestamp":"2025-11-18T16:02:23.948Z"}
{"level":"info","message":"OPTIONS - /api/category - /api/category","timestamp":"2025-11-18T16:02:27.235Z"}
{"level":"info","message":"GET - /api/category - /api/category","timestamp":"2025-11-18T16:02:27.242Z"}
{"level":"info","message":"GET - /api/products/category/Joyer%C3%ADa - /api/products/category/Joyer%C3%ADa","timestamp":"2025-11-18T16:02:29.176Z"}
{"level":"info","message":"GET - /api/products/category/Joyer%C3%ADa - /api/products/category/Joyer%C3%ADa","timestamp":"2025-11-18T16:02:35.237Z"}
{"level":"info","message":"OPTIONS - /api/category - /api/category","timestamp":"2025-11-18T16:02:37.311Z"}
{"level":"info","message":"GET - /api/category - /api/category","timestamp":"2025-11-18T16:02:37.318Z"}
{"level":"info","message":"GET - /api/products/category/Joyer%C3%ADa - /api/products/category/Joyer%C3%ADa","timestamp":"2025-11-18T16:02:38.997Z"}
{"level":"info","message":"GET - /api/products/category/Joyer%C3%ADa - /api/products/category/Joyer%C3%ADa","timestamp":"2025-11-18T16:02:58.424Z"}
{"level":"info","message":"OPTIONS - /api/category - /api/category","timestamp":"2025-11-18T16:03:01.459Z"}
{"level":"info","message":"GET - /api/category - /api/category","timestamp":"2025-11-18T16:03:01.462Z"}
{"level":"info","message":"GET - /api/products/category/Joyer%C3%ADa - /api/products/category/Joyer%C3%ADa","timestamp":"2025-11-18T16:03:03.673Z"}
{"level":"info","message":"GET - /api/category/Joyer%C3%ADa - /api/category/Joyer%C3%ADa","timestamp":"2025-11-18T16:03:14.035Z"}
{"level":"error","message":"GET - /api/category/Joyer%C3%ADa - Cast to ObjectId failed for value \"Joyería\" (type string) at path \"_id\" for model \"Category\"","timestamp":"2025-11-18T16:03:14.036Z"}
{"level":"info","message":"GET - /api/products/category/Joyer%C3%ADa - /api/products/category/Joyer%C3%ADa","timestamp":"2025-11-18T16:03:24.332Z"}
{"level":"info","message":"GET - /favicon.ico - /favicon.ico","timestamp":"2025-11-18T16:03:24.425Z"}
{"level":"info","message":"GET - /api/category/Joyer%C3%ADa - /api/category/Joyer%C3%ADa","timestamp":"2025-11-18T16:03:47.564Z"}
{"level":"error","message":"GET - /api/category/Joyer%C3%ADa - Cast to ObjectId failed for value \"Joyería\" (type string) at path \"_id\" for model \"Category\"","timestamp":"2025-11-18T16:03:47.565Z"}
{"level":"info","message":"GET - /api/products/category/691c96e3427baf74634340eb - /api/products/category/691c96e3427baf74634340eb","timestamp":"2025-11-18T16:11:15.409Z"}
{"level":"info","message":"GET - /api/products/category/691c96f3427baf74634340ed - /api/products/category/691c96f3427baf74634340ed","timestamp":"2025-11-18T16:11:34.557Z"}
{"level":"info","message":"GET - /api/category/691c96f3427baf74634340ed - /api/category/691c96f3427baf74634340ed","timestamp":"2025-11-18T16:11:43.009Z"}
{"level":"info","message":"GET - /api/products/category/Joyer%C3%ADa - /api/products/category/Joyer%C3%ADa","timestamp":"2025-11-18T16:26:18.214Z"}
{"level":"info","message":"OPTIONS - /api/cart - /api/cart","timestamp":"2025-11-18T16:26:18.229Z"}
{"level":"info","message":"GET - /api/cart - /api/cart","timestamp":"2025-11-18T16:26:18.232Z"}
{"level":"info","message":"GET - /api/products/paginado?limit=2&page=1 - /api/products/paginado?limit=2&page=1","timestamp":"2025-11-18T16:57:56.324Z"}
{"level":"info","message":"OPTIONS - /api/cart - /api/cart","timestamp":"2025-11-18T16:57:56.334Z"}
{"level":"info","message":"GET - /api/cart - /api/cart","timestamp":"2025-11-18T16:57:56.337Z"}
{"level":"info","message":"OPTIONS - /api/category - /api/category","timestamp":"2025-11-18T16:58:00.179Z"}
{"level":"info","message":"GET - /api/category - /api/category","timestamp":"2025-11-18T16:58:00.181Z"}
{"level":"info","message":"GET - /api/category - /api/category","timestamp":"2025-11-18T16:58:01.549Z"}
{"level":"info","message":"GET - /api/products/paginado?limit=2&page=1 - /api/products/paginado?limit=2&page=1","timestamp":"2025-11-18T16:59:26.492Z"}
{"level":"info","message":"OPTIONS - /api/category - /api/category","timestamp":"2025-11-18T16:59:28.651Z"}
{"level":"info","message":"GET - /api/category - /api/category","timestamp":"2025-11-18T16:59:28.655Z"}
{"level":"info","message":"OPTIONS - /api/category - /api/category","timestamp":"2025-11-18T16:59:42.345Z"}
{"level":"info","message":"OPTIONS - /api/cart - /api/cart","timestamp":"2025-11-18T16:59:42.346Z"}
{"level":"info","message":"GET - /api/category - /api/category","timestamp":"2025-11-18T16:59:42.349Z"}
{"level":"info","message":"GET - /api/cart - /api/cart","timestamp":"2025-11-18T16:59:42.350Z"}
{"level":"info","message":"OPTIONS - /api/products - /api/products","timestamp":"2025-11-18T16:59:43.396Z"}
{"level":"info","message":"GET - /api/products - /api/products","timestamp":"2025-11-18T16:59:43.399Z"}
{"level":"info","message":"GET - /api/category - /api/category","timestamp":"2025-11-18T16:59:46.257Z"}
{"level":"info","message":"GET - /api/products/paginado?limit=2&page=1 - /api/products/paginado?limit=2&page=1","timestamp":"2025-11-18T16:59:50.826Z"}
{"level":"info","message":"OPTIONS - /api/category - /api/category","timestamp":"2025-11-18T16:59:54.427Z"}
{"level":"info","message":"GET - /api/category - /api/category","timestamp":"2025-11-18T16:59:54.429Z"}
{"level":"info","message":"GET - /api/products/category/Joyer%C3%ADa - /api/products/category/Joyer%C3%ADa","timestamp":"2025-11-18T16:59:59.418Z"}
{"level":"info","message":"GET - /api/products/category/Joyer%C3%ADa - /api/products/category/Joyer%C3%ADa","timestamp":"2025-11-18T17:00:39.803Z"}
{"level":"info","message":"OPTIONS - /api/cart - /api/cart","timestamp":"2025-11-18T17:00:39.809Z"}
{"level":"info","message":"GET - /api/cart - /api/cart","timestamp":"2025-11-18T17:00:39.815Z"}
{"level":"info","message":"GET - /api/products/category/Joyer%C3%ADa - /api/products/category/Joyer%C3%ADa","timestamp":"2025-11-18T17:18:03.253Z"}
{"level":"info","message":"OPTIONS - /api/cart - /api/cart","timestamp":"2025-11-18T17:18:03.260Z"}
{"level":"info","message":"GET - /api/cart - /api/cart","timestamp":"2025-11-18T17:18:03.266Z"}
{"level":"info","message":"OPTIONS - /api/category - /api/category","timestamp":"2025-11-18T17:19:01.322Z"}
{"level":"info","message":"GET - /api/category - /api/category","timestamp":"2025-11-18T17:19:01.325Z"}
{"level":"info","message":"GET - /api/products/category/Electr%C3%B3nica - /api/products/category/Electr%C3%B3nica","timestamp":"2025-11-18T17:19:02.319Z"}
{"level":"info","message":"OPTIONS - /api/cart/add - /api/cart/add","timestamp":"2025-11-18T17:19:16.172Z"}
{"level":"info","message":"POST - /api/cart/add - /api/cart/add","timestamp":"2025-11-18T17:19:16.176Z"}
{"level":"info","message":"OPTIONS - /api/category - /api/category","timestamp":"2025-11-18T17:19:28.519Z"}
{"level":"info","message":"GET - /api/category - /api/category","timestamp":"2025-11-18T17:19:28.524Z"}
{"level":"info","message":"GET - /api/products/category/Electr%C3%B3nica - /api/products/category/Electr%C3%B3nica","timestamp":"2025-11-18T17:19:31.264Z"}
{"level":"info","message":"GET - /api/products/paginado?limit=2&page=1 - /api/products/paginado?limit=2&page=1","timestamp":"2025-11-18T17:21:13.364Z"}
{"level":"info","message":"OPTIONS - /api/user/login - /api/user/login","timestamp":"2025-11-18T17:21:18.457Z"}
{"level":"info","message":"POST - /api/user/login - /api/user/login","timestamp":"2025-11-18T17:21:18.461Z"}
{"level":"info","message":"OPTIONS - /api/cart - /api/cart","timestamp":"2025-11-18T17:21:18.525Z"}
{"level":"info","message":"GET - /api/cart - /api/cart","timestamp":"2025-11-18T17:21:18.528Z"}
{"level":"info","message":"OPTIONS - /api/category - /api/category","timestamp":"2025-11-18T17:21:18.537Z"}
{"level":"info","message":"GET - /api/category - /api/category","timestamp":"2025-11-18T17:21:18.540Z"}
{"level":"info","message":"OPTIONS - /api/products - /api/products","timestamp":"2025-11-18T17:21:20.476Z"}
{"level":"info","message":"GET - /api/products - /api/products","timestamp":"2025-11-18T17:21:20.483Z"}
{"level":"info","message":"OPTIONS - /api/category - /api/category","timestamp":"2025-11-18T17:21:28.813Z"}
{"level":"info","message":"GET - /api/category - /api/category","timestamp":"2025-11-18T17:21:28.818Z"}
{"level":"info","message":"GET - /api/products/category/Electr%C3%B3nica - /api/products/category/Electr%C3%B3nica","timestamp":"2025-11-18T17:21:30.117Z"}
{"level":"info","message":"OPTIONS - /api/category - /api/category","timestamp":"2025-11-18T17:21:44.236Z"}
{"level":"info","message":"GET - /api/category - /api/category","timestamp":"2025-11-18T17:21:44.240Z"}
{"level":"info","message":"GET - /api/products/category/Electr%C3%B3nica - /api/products/category/Electr%C3%B3nica","timestamp":"2025-11-18T17:21:45.347Z"}
{"level":"info","message":"GET - /api/products/paginado?limit=2&page=1 - /api/products/paginado?limit=2&page=1","timestamp":"2025-11-18T17:28:06.501Z"}
{"level":"info","message":"OPTIONS - /api/cart - /api/cart","timestamp":"2025-11-18T17:28:06.514Z"}
{"level":"info","message":"GET - /api/cart - /api/cart","timestamp":"2025-11-18T17:28:06.517Z"}
{"level":"info","message":"OPTIONS - /api/category - /api/category","timestamp":"2025-11-18T17:28:07.782Z"}
{"level":"info","message":"GET - /api/category - /api/category","timestamp":"2025-11-18T17:28:07.787Z"}
{"level":"info","message":"GET - /api/products/category/Electr%C3%B3nica - /api/products/category/Electr%C3%B3nica","timestamp":"2025-11-18T17:28:08.872Z"}
{"level":"info","message":"GET - /api/products/691c9740427baf74634340f4 - /api/products/691c9740427baf74634340f4","timestamp":"2025-11-18T17:28:45.851Z"}
{"level":"info","message":"OPTIONS - /api/cart - /api/cart","timestamp":"2025-11-18T17:28:45.861Z"}
{"level":"info","message":"GET - /api/cart - /api/cart","timestamp":"2025-11-18T17:28:45.864Z"}
{"level":"info","message":"GET - /api/products/691c9740427baf74634340f4 - /api/products/691c9740427baf74634340f4","timestamp":"2025-11-18T17:30:04.354Z"}
{"level":"info","message":"OPTIONS - /api/cart - /api/cart","timestamp":"2025-11-18T17:30:04.363Z"}
{"level":"info","message":"GET - /api/cart - /api/cart","timestamp":"2025-11-18T17:30:04.365Z"}
{"level":"info","message":"GET - /api/products/691c9740427baf74634340f4 - /api/products/691c9740427baf74634340f4","timestamp":"2025-11-18T17:31:03.138Z"}
{"level":"info","message":"OPTIONS - /api/cart - /api/cart","timestamp":"2025-11-18T17:31:03.155Z"}
{"level":"info","message":"GET - /api/cart - /api/cart","timestamp":"2025-11-18T17:31:03.159Z"}
{"level":"info","message":"OPTIONS - /api/category - /api/category","timestamp":"2025-11-18T17:33:52.187Z"}
{"level":"info","message":"GET - /api/category - /api/category","timestamp":"2025-11-18T17:33:52.191Z"}
{"level":"info","message":"GET - /api/products/category/Joyer%C3%ADa - /api/products/category/Joyer%C3%ADa","timestamp":"2025-11-18T17:33:53.072Z"}
{"level":"info","message":"GET - /api/products/691c9766427baf74634340f7 - /api/products/691c9766427baf74634340f7","timestamp":"2025-11-18T17:33:54.830Z"}
{"level":"info","message":"OPTIONS - /api/category - /api/category","timestamp":"2025-11-18T17:34:02.095Z"}
{"level":"info","message":"GET - /api/category - /api/category","timestamp":"2025-11-18T17:34:02.099Z"}
{"level":"info","message":"GET - /api/products/category/Ropamasculina - /api/products/category/Ropamasculina","timestamp":"2025-11-18T17:34:03.618Z"}
{"level":"info","message":"GET - /api/products/691c9740427baf74634340f4 - /api/products/691c9740427baf74634340f4","timestamp":"2025-11-18T17:34:04.522Z"}
{"level":"info","message":"OPTIONS - /api/category - /api/category","timestamp":"2025-11-18T17:34:07.463Z"}
{"level":"info","message":"GET - /api/category - /api/category","timestamp":"2025-11-18T17:34:07.468Z"}
{"level":"info","message":"GET - /api/products/paginado?limit=2&page=1 - /api/products/paginado?limit=2&page=1","timestamp":"2025-11-18T18:46:11.801Z"}
{"level":"info","message":"OPTIONS - /api/cart - /api/cart","timestamp":"2025-11-18T18:46:11.820Z"}
{"level":"info","message":"GET - /api/cart - /api/cart","timestamp":"2025-11-18T18:46:11.823Z"}
{"level":"info","message":"OPTIONS - /api/category - /api/category","timestamp":"2025-11-18T18:46:14.296Z"}
{"level":"info","message":"GET - /api/category - /api/category","timestamp":"2025-11-18T18:46:14.299Z"}
{"level":"info","message":"OPTIONS - /api/products - /api/products","timestamp":"2025-11-18T18:46:15.711Z"}
{"level":"info","message":"GET - /api/products - /api/products","timestamp":"2025-11-18T18:46:15.717Z"}
{"level":"info","message":"GET - /api/category - /api/category","timestamp":"2025-11-18T18:46:16.559Z"}
{"level":"info","message":"GET - /api/products/category/Electr%C3%B3nica - /api/products/category/Electr%C3%B3nica","timestamp":"2025-11-18T18:46:18.294Z"}
{"level":"info","message":"GET - /api/products/691c9740427baf74634340f4 - /api/products/691c9740427baf74634340f4","timestamp":"2025-11-18T18:46:19.298Z"}
{"level":"info","message":"OPTIONS - /api/category - /api/category","timestamp":"2025-11-18T18:53:29.623Z"}
{"level":"info","message":"GET - /api/category - /api/category","timestamp":"2025-11-18T18:53:29.629Z"}
{"level":"info","message":"GET - /api/products/category/Electr%C3%B3nica - /api/products/category/Electr%C3%B3nica","timestamp":"2025-11-18T18:53:30.571Z"}
{"level":"info","message":"GET - /api/products/691c97ab427baf746343410a - /api/products/691c97ab427baf746343410a","timestamp":"2025-11-18T18:53:32.633Z"}
{"level":"info","message":"GET - /api/products/691c97ab427baf746343410a - /api/products/691c97ab427baf746343410a","timestamp":"2025-11-18T18:54:18.950Z"}
{"level":"info","message":"OPTIONS - /api/cart - /api/cart","timestamp":"2025-11-18T18:54:18.964Z"}
{"level":"info","message":"GET - /api/cart - /api/cart","timestamp":"2025-11-18T18:54:18.969Z"}
{"level":"info","message":"GET - /api/products/691c97ab427baf746343410a - /api/products/691c97ab427baf746343410a","timestamp":"2025-11-18T18:54:34.471Z"}
{"level":"info","message":"OPTIONS - /api/cart - /api/cart","timestamp":"2025-11-18T18:54:34.491Z"}
{"level":"info","message":"GET - /api/cart - /api/cart","timestamp":"2025-11-18T18:54:34.496Z"}
{"level":"info","message":"GET - /api/products/691c97ab427baf746343410a - /api/products/691c97ab427baf746343410a","timestamp":"2025-11-18T18:54:41.839Z"}
{"level":"info","message":"OPTIONS - /api/cart - /api/cart","timestamp":"2025-11-18T18:54:41.851Z"}
{"level":"info","message":"GET - /api/cart - /api/cart","timestamp":"2025-11-18T18:54:41.855Z"}
{"level":"info","message":"GET - /api/products/6919fe67f9c826abe6503731 - /api/products/6919fe67f9c826abe6503731","timestamp":"2025-11-18T18:54:56.737Z"}
{"level":"info","message":"GET - /api/products/691c97ab427baf746343410a - /api/products/691c97ab427baf746343410a","timestamp":"2025-11-18T18:55:18.200Z"}
{"level":"info","message":"OPTIONS - /api/cart - /api/cart","timestamp":"2025-11-18T18:55:18.221Z"}
{"level":"info","message":"GET - /api/cart - /api/cart","timestamp":"2025-11-18T18:55:18.265Z"}
{"level":"info","message":"GET - /api/products/691c97ab427baf746343410a - /api/products/691c97ab427baf746343410a","timestamp":"2025-11-18T18:58:37.937Z"}
{"level":"info","message":"OPTIONS - /api/cart - /api/cart","timestamp":"2025-11-18T18:58:37.948Z"}
{"level":"info","message":"GET - /api/cart - /api/cart","timestamp":"2025-11-18T18:58:37.955Z"}
{"level":"info","message":"GET - /api/products/691c97ab427baf746343410a - /api/products/691c97ab427baf746343410a","timestamp":"2025-11-18T19:00:24.641Z"}
{"level":"info","message":"OPTIONS - /api/cart - /api/cart","timestamp":"2025-11-18T19:00:24.647Z"}
{"level":"info","message":"GET - /api/cart - /api/cart","timestamp":"2025-11-18T19:00:24.655Z"}
{"level":"info","message":"POST - /api/cart/add - /api/cart/add","timestamp":"2025-11-18T19:09:35.449Z"}
{"level":"info","message":"OPTIONS - /api/cart - /api/cart","timestamp":"2025-11-18T19:10:22.166Z"}
{"level":"info","message":"GET - /api/cart - /api/cart","timestamp":"2025-11-18T19:10:22.169Z"}
{"level":"info","message":"GET - /api/products/691c97ab427baf746343410a - /api/products/691c97ab427baf746343410a","timestamp":"2025-11-18T19:11:27.788Z"}
{"level":"info","message":"OPTIONS - /api/cart/add - /api/cart/add","timestamp":"2025-11-18T19:11:41.159Z"}
{"level":"info","message":"POST - /api/cart/add - /api/cart/add","timestamp":"2025-11-18T19:11:41.164Z"}
{"level":"info","message":"POST - /api/cart/add - /api/cart/add","timestamp":"2025-11-18T19:13:51.891Z"}
{"level":"error","message":"POST - /api/cart/add - producto no encontrado","timestamp":"2025-11-18T19:13:51.897Z"}
{"level":"info","message":"GET - /api/products/691c97ab427baf746343410a - /api/products/691c97ab427baf746343410a","timestamp":"2025-11-18T19:15:28.205Z"}
{"level":"info","message":"OPTIONS - /api/cart - /api/cart","timestamp":"2025-11-18T19:15:28.221Z"}
{"level":"info","message":"GET - /api/cart - /api/cart","timestamp":"2025-11-18T19:15:28.224Z"}
{"level":"info","message":"POST - /api/cart/add - /api/cart/add","timestamp":"2025-11-18T19:16:41.719Z"}
{"level":"error","message":"POST - /api/cart/add - producto no encontrado","timestamp":"2025-11-18T19:16:41.723Z"}
{"level":"info","message":"POST - /api/cart/add - /api/cart/add","timestamp":"2025-11-18T19:16:57.387Z"}
{"level":"error","message":"POST - /api/cart/add - producto no encontrado","timestamp":"2025-11-18T19:16:57.392Z"}
{"level":"info","message":"POST - /api/cart/add - /api/cart/add","timestamp":"2025-11-18T19:17:41.026Z"}
{"level":"error","message":"POST - /api/cart/add - producto no encontrado","timestamp":"2025-11-18T19:17:41.047Z"}
{"level":"info","message":"POST - /api/cart/add - /api/cart/add","timestamp":"2025-11-18T19:17:59.275Z"}
{"level":"error","message":"POST - /api/cart/add - producto no encontrado","timestamp":"2025-11-18T19:17:59.299Z"}
{"level":"info","message":"POST - /api/cart/add - /api/cart/add","timestamp":"2025-11-18T19:18:05.118Z"}
{"level":"error","message":"POST - /api/cart/add - producto no encontrado","timestamp":"2025-11-18T19:18:05.142Z"}
{"level":"info","message":"POST - /api/cart/add - /api/cart/add","timestamp":"2025-11-18T19:19:11.404Z"}
{"level":"error","message":"POST - /api/cart/add - producto no encontrado","timestamp":"2025-11-18T19:19:11.422Z"}
{"level":"info","message":"POST - /api/cart/add - /api/cart/add","timestamp":"2025-11-18T19:19:21.946Z"}
{"level":"error","message":"POST - /api/cart/add - producto no encontrado","timestamp":"2025-11-18T19:19:21.965Z"}
{"level":"info","message":"POST - /api/cart/add - /api/cart/add","timestamp":"2025-11-18T19:19:38.266Z"}
{"level":"info","message":"POST - /api/cart/add - /api/cart/add","timestamp":"2025-11-18T19:22:47.225Z"}
{"level":"info","message":"POST - /api/cart/add - /api/cart/add","timestamp":"2025-11-18T19:23:14.169Z"}
{"level":"error","message":"POST - /api/cart/add - producto no encontrado","timestamp":"2025-11-18T19:23:14.194Z"}
{"level":"info","message":"POST - /api/cart/add - /api/cart/add","timestamp":"2025-11-18T19:24:06.888Z"}
{"level":"error","message":"POST - /api/cart/add - producto no encontrado","timestamp":"2025-11-18T19:24:06.914Z"}
{"level":"info","message":"POST - /api/cart/add - /api/cart/add","timestamp":"2025-11-18T19:24:51.440Z"}
{"level":"error","message":"POST - /api/cart/add - producto no encontrado","timestamp":"2025-11-18T19:24:51.457Z"}
{"level":"info","message":"POST - /api/cart/add - /api/cart/add","timestamp":"2025-11-18T19:26:26.127Z"}
{"level":"error","message":"POST - /api/cart/add - productsService.getOne is not a function","timestamp":"2025-11-18T19:26:26.142Z"}
{"level":"info","message":"POST - /api/cart/add - /api/cart/add","timestamp":"2025-11-18T19:26:56.594Z"}
{"level":"error","message":"POST - /api/cart/add - producto no encontrado","timestamp":"2025-11-18T19:26:56.614Z"}
{"level":"info","message":"POST - /api/cart/add - /api/cart/add","timestamp":"2025-11-18T19:27:23.369Z"}
{"level":"error","message":"POST - /api/cart/add - producto no encontrado","timestamp":"2025-11-18T19:27:23.388Z"}
{"level":"info","message":"POST - /api/cart/add - /api/cart/add","timestamp":"2025-11-18T19:27:52.868Z"}
{"level":"error","message":"POST - /api/cart/add - producto no encontrado","timestamp":"2025-11-18T19:27:52.886Z"}
{"level":"info","message":"GET - /api/products - /api/products","timestamp":"2025-11-18T19:28:04.471Z"}
{"level":"info","message":"POST - /api/cart/add - /api/cart/add","timestamp":"2025-11-18T19:28:22.697Z"}
{"level":"info","message":"GET - /api/products/691c97ab427baf746343410a - /api/products/691c97ab427baf746343410a","timestamp":"2025-11-18T19:29:16.792Z"}
{"level":"info","message":"OPTIONS - /api/cart - /api/cart","timestamp":"2025-11-18T19:29:16.813Z"}
{"level":"info","message":"GET - /api/cart - /api/cart","timestamp":"2025-11-18T19:29:16.818Z"}
{"level":"info","message":"OPTIONS - /api/cart - /api/cart","timestamp":"2025-11-18T19:54:17.352Z"}
{"level":"info","message":"GET - /api/cart - /api/cart","timestamp":"2025-11-18T19:54:17.360Z"}
{"level":"info","message":"OPTIONS - /api/category - /api/category","timestamp":"2025-11-18T19:54:18.431Z"}
{"level":"info","message":"GET - /api/category - /api/category","timestamp":"2025-11-18T19:54:18.445Z"}
{"level":"info","message":"GET - /api/products/category/Electr%C3%B3nica - /api/products/category/Electr%C3%B3nica","timestamp":"2025-11-18T19:54:19.818Z"}
{"level":"info","message":"OPTIONS - /api/cart - /api/cart","timestamp":"2025-11-18T20:04:43.628Z"}
{"level":"info","message":"GET - /api/cart - /api/cart","timestamp":"2025-11-18T20:04:43.634Z"}
{"level":"info","message":"OPTIONS - /api/category - /api/category","timestamp":"2025-11-18T20:04:45.599Z"}
{"level":"info","message":"GET - /api/category - /api/category","timestamp":"2025-11-18T20:04:45.607Z"}
{"level":"info","message":"GET - /api/category - /api/category","timestamp":"2025-11-18T20:04:48.106Z"}
{"level":"info","message":"OPTIONS - /create-payment-intent - /create-payment-intent","timestamp":"2025-11-18T20:04:48.850Z"}
{"level":"info","message":"POST - /create-payment-intent - /create-payment-intent","timestamp":"2025-11-18T20:04:48.854Z"}
{"level":"error","message":"POST - /create-payment-intent - Invalid API Key provided: sk_test_************cdef","timestamp":"2025-11-18T20:04:49.573Z"}
{"level":"info","message":"OPTIONS - /api/cart/remove - /api/cart/remove","timestamp":"2025-11-18T20:05:07.831Z"}
{"level":"info","message":"POST - /api/cart/remove - /api/cart/remove","timestamp":"2025-11-18T20:05:07.835Z"}
{"level":"info","message":"OPTIONS - /api/category - /api/category","timestamp":"2025-11-18T20:05:14.296Z"}
{"level":"info","message":"GET - /api/category - /api/category","timestamp":"2025-11-18T20:05:14.303Z"}
{"level":"info","message":"GET - /api/products/category/Electr%C3%B3nica - /api/products/category/Electr%C3%B3nica","timestamp":"2025-11-18T20:05:15.044Z"}
{"level":"info","message":"GET - /api/products/691c9740427baf74634340f4 - /api/products/691c9740427baf74634340f4","timestamp":"2025-11-18T20:05:31.854Z"}
{"level":"info","message":"OPTIONS - /api/cart - /api/cart","timestamp":"2025-11-18T20:05:31.866Z"}
{"level":"info","message":"GET - /api/cart - /api/cart","timestamp":"2025-11-18T20:05:31.874Z"}
{"level":"info","message":"GET - /api/products/691c9740427baf74634340f4 - /api/products/691c9740427baf74634340f4","timestamp":"2025-11-18T20:05:43.986Z"}
{"level":"info","message":"OPTIONS - /api/cart - /api/cart","timestamp":"2025-11-18T20:05:44.029Z"}
{"level":"info","message":"GET - /api/cart - /api/cart","timestamp":"2025-11-18T20:05:44.036Z"}
{"level":"info","message":"GET - /api/products/691c9740427baf74634340f4 - /api/products/691c9740427baf74634340f4","timestamp":"2025-11-18T20:08:06.554Z"}
{"level":"info","message":"OPTIONS - /api/cart - /api/cart","timestamp":"2025-11-18T20:08:06.563Z"}
{"level":"info","message":"GET - /api/cart - /api/cart","timestamp":"2025-11-18T20:08:06.569Z"}
{"level":"info","message":"OPTIONS - /api/cart/add - /api/cart/add","timestamp":"2025-11-18T20:08:12.387Z"}
{"level":"info","message":"POST - /api/cart/add - /api/cart/add","timestamp":"2025-11-18T20:08:12.392Z"}
{"level":"info","message":"OPTIONS - /api/cart - /api/cart","timestamp":"2025-11-18T20:08:50.067Z"}
{"level":"info","message":"GET - /api/cart - /api/cart","timestamp":"2025-11-18T20:08:50.071Z"}
{"level":"info","message":"OPTIONS - /api/cart - /api/cart","timestamp":"2025-11-18T20:09:17.446Z"}
{"level":"info","message":"GET - /api/cart - /api/cart","timestamp":"2025-11-18T20:09:17.452Z"}
{"level":"info","message":"OPTIONS - /api/cart - /api/cart","timestamp":"2025-11-18T20:09:24.804Z"}
{"level":"info","message":"GET - /api/cart - /api/cart","timestamp":"2025-11-18T20:09:24.809Z"}
{"level":"info","message":"OPTIONS - /api/cart - /api/cart","timestamp":"2025-11-18T20:09:30.372Z"}
{"level":"info","message":"GET - /api/cart - /api/cart","timestamp":"2025-11-18T20:09:30.379Z"}
{"level":"info","message":"OPTIONS - /api/cart/add - /api/cart/add","timestamp":"2025-11-18T20:09:36.231Z"}
{"level":"info","message":"POST - /api/cart/add - /api/cart/add","timestamp":"2025-11-18T20:09:36.237Z"}
{"level":"info","message":"POST - /api/cart/add - /api/cart/add","timestamp":"2025-11-18T20:09:39.773Z"}
{"level":"info","message":"POST - /api/cart/add - /api/cart/add","timestamp":"2025-11-18T20:09:40.870Z"}
{"level":"info","message":"OPTIONS - /api/cart/add - /api/cart/add","timestamp":"2025-11-18T20:09:41.604Z"}
{"level":"info","message":"POST - /api/cart/add - /api/cart/add","timestamp":"2025-11-18T20:09:41.609Z"}
{"level":"info","message":"POST - /api/cart/add - /api/cart/add","timestamp":"2025-11-18T20:09:42.526Z"}
{"level":"info","message":"POST - /api/cart/add - /api/cart/add","timestamp":"2025-11-18T20:09:42.701Z"}
{"level":"info","message":"POST - /api/cart/add - /api/cart/add","timestamp":"2025-11-18T20:09:42.851Z"}
{"level":"info","message":"POST - /api/cart/add - /api/cart/add","timestamp":"2025-11-18T20:09:43.030Z"}
{"level":"info","message":"POST - /api/cart/add - /api/cart/add","timestamp":"2025-11-18T20:09:43.205Z"}
{"level":"info","message":"OPTIONS - /create-payment-intent - /create-payment-intent","timestamp":"2025-11-18T20:09:44.113Z"}
{"level":"info","message":"POST - /create-payment-intent - /create-payment-intent","timestamp":"2025-11-18T20:09:44.119Z"}
{"level":"error","message":"POST - /create-payment-intent - Invalid API Key provided: sk_test_************cdef","timestamp":"2025-11-18T20:09:45.701Z"}
{"level":"info","message":"OPTIONS - /create-payment-intent - /create-payment-intent","timestamp":"2025-11-18T20:10:26.961Z"}
{"level":"info","message":"POST - /create-payment-intent - /create-payment-intent","timestamp":"2025-11-18T20:10:26.967Z"}
{"level":"error","message":"POST - /create-payment-intent - Invalid API Key provided: sk_test_************cdef","timestamp":"2025-11-18T20:10:27.183Z"}
{"level":"info","message":"OPTIONS - /api/category - /api/category","timestamp":"2025-11-18T20:10:27.763Z"}
{"level":"info","message":"GET - /api/category - /api/category","timestamp":"2025-11-18T20:10:27.769Z"}
{"level":"info","message":"GET - /api/products/category/Electr%C3%B3nica - /api/products/category/Electr%C3%B3nica","timestamp":"2025-11-18T20:10:28.775Z"}
{"level":"info","message":"GET - /api/products/691c97ab427baf746343410a - /api/products/691c97ab427baf746343410a","timestamp":"2025-11-18T20:10:30.813Z"}
{"level":"info","message":"OPTIONS - /api/cart/add - /api/cart/add","timestamp":"2025-11-18T20:10:32.403Z"}
{"level":"info","message":"POST - /api/cart/add - /api/cart/add","timestamp":"2025-11-18T20:10:32.408Z"}
{"level":"info","message":"POST - /api/cart/add - /api/cart/add","timestamp":"2025-11-18T20:10:33.211Z"}
{"level":"info","message":"OPTIONS - /create-payment-intent - /create-payment-intent","timestamp":"2025-11-18T20:10:34.214Z"}
{"level":"info","message":"POST - /create-payment-intent - /create-payment-intent","timestamp":"2025-11-18T20:10:34.219Z"}
{"level":"error","message":"POST - /create-payment-intent - Invalid API Key provided: sk_test_************cdef","timestamp":"2025-11-18T20:10:34.457Z"}
{"level":"info","message":"OPTIONS - /api/cart/removeOne - /api/cart/removeOne","timestamp":"2025-11-18T20:10:40.791Z"}
{"level":"info","message":"POST - /api/cart/removeOne - /api/cart/removeOne","timestamp":"2025-11-18T20:10:40.796Z"}
{"level":"info","message":"OPTIONS - /api/category - /api/category","timestamp":"2025-11-18T20:10:48.330Z"}
{"level":"info","message":"GET - /api/category - /api/category","timestamp":"2025-11-18T20:10:48.336Z"}
{"level":"info","message":"GET - /api/products/paginado?limit=2&page=1 - /api/products/paginado?limit=2&page=1","timestamp":"2025-11-18T20:10:51.322Z"}
{"level":"info","message":"GET - /api/category - /api/category","timestamp":"2025-11-18T20:10:52.932Z"}
{"level":"info","message":"GET - /api/products/paginado?limit=2&page=1 - /api/products/paginado?limit=2&page=1","timestamp":"2025-11-18T20:10:53.707Z"}
{"level":"info","message":"OPTIONS - /api/cart - /api/cart","timestamp":"2025-11-18T20:21:36.838Z"}
{"level":"info","message":"GET - /api/cart - /api/cart","timestamp":"2025-11-18T20:21:36.843Z"}
{"level":"info","message":"OPTIONS - /api/cart - /api/cart","timestamp":"2025-11-18T20:38:28.719Z"}
{"level":"info","message":"GET - /api/cart - /api/cart","timestamp":"2025-11-18T20:38:28.725Z"}
{"level":"info","message":"OPTIONS - /api/cart - /api/cart","timestamp":"2025-11-18T20:39:54.210Z"}
{"level":"info","message":"GET - /api/cart - /api/cart","timestamp":"2025-11-18T20:39:54.219Z"}
{"level":"info","message":"OPTIONS - /api/cart - /api/cart","timestamp":"2025-11-18T20:45:03.328Z"}
{"level":"info","message":"GET - /api/cart - /api/cart","timestamp":"2025-11-18T20:45:03.332Z"}
{"level":"info","message":"OPTIONS - /api/cart - /api/cart","timestamp":"2025-11-18T20:45:38.530Z"}
{"level":"info","message":"GET - /api/cart - /api/cart","timestamp":"2025-11-18T20:45:38.534Z"}
{"level":"info","message":"OPTIONS - /api/cart - /api/cart","timestamp":"2025-11-18T21:35:25.494Z"}
{"level":"info","message":"GET - /api/cart - /api/cart","timestamp":"2025-11-18T21:35:25.499Z"}
{"level":"info","message":"OPTIONS - /api/category - /api/category","timestamp":"2025-11-18T21:38:36.034Z"}
{"level":"info","message":"GET - /api/category - /api/category","timestamp":"2025-11-18T21:38:36.040Z"}
{"level":"info","message":"OPTIONS - /api/cart - /api/cart","timestamp":"2025-11-18T21:41:18.901Z"}
{"level":"info","message":"GET - /api/cart - /api/cart","timestamp":"2025-11-18T21:41:18.906Z"}
{"level":"info","message":"OPTIONS - /api/cart - /api/cart","timestamp":"2025-11-18T21:41:32.536Z"}
{"level":"info","message":"GET - /api/cart - /api/cart","timestamp":"2025-11-18T21:41:32.545Z"}
{"level":"info","message":"OPTIONS - /api/cart - /api/cart","timestamp":"2025-11-18T21:56:21.333Z"}
{"level":"info","message":"GET - /api/cart - /api/cart","timestamp":"2025-11-18T21:56:21.339Z"}
{"level":"info","message":"OPTIONS - /api/cart - /api/cart","timestamp":"2025-11-18T21:56:51.535Z"}
{"level":"info","message":"GET - /api/cart - /api/cart","timestamp":"2025-11-18T21:56:51.541Z"}
{"level":"info","message":"OPTIONS - /api/cart - /api/cart","timestamp":"2025-11-18T21:57:16.722Z"}
{"level":"info","message":"GET - /api/cart - /api/cart","timestamp":"2025-11-18T21:57:16.727Z"}
{"level":"info","message":"OPTIONS - /api/cart - /api/cart","timestamp":"2025-11-18T21:57:52.955Z"}
{"level":"info","message":"GET - /api/cart - /api/cart","timestamp":"2025-11-18T21:57:52.962Z"}
{"level":"info","message":"GET - /api/cart - /api/cart","timestamp":"2025-11-18T21:57:56.207Z"}
{"level":"info","message":"OPTIONS - /api/cart - /api/cart","timestamp":"2025-11-18T21:58:12.457Z"}
{"level":"info","message":"GET - /api/cart - /api/cart","timestamp":"2025-11-18T21:58:12.468Z"}
{"level":"info","message":"OPTIONS - /api/category - /api/category","timestamp":"2025-11-18T21:58:16.772Z"}
{"level":"info","message":"GET - /api/category - /api/category","timestamp":"2025-11-18T21:58:16.779Z"}
{"level":"info","message":"GET - /api/category - /api/category","timestamp":"2025-11-18T21:58:18.767Z"}
{"level":"info","message":"OPTIONS - /api/cart - /api/cart","timestamp":"2025-11-18T22:00:17.029Z"}
{"level":"info","message":"GET - /api/cart - /api/cart","timestamp":"2025-11-18T22:00:17.036Z"}
{"level":"info","message":"OPTIONS - /api/cart - /api/cart","timestamp":"2025-11-18T22:00:25.036Z"}
{"level":"info","message":"GET - /api/cart - /api/cart","timestamp":"2025-11-18T22:00:25.043Z"}
{"level":"info","message":"OPTIONS - /api/cart - /api/cart","timestamp":"2025-11-18T22:00:30.353Z"}
{"level":"info","message":"GET - /api/cart - /api/cart","timestamp":"2025-11-18T22:00:30.360Z"}
{"level":"info","message":"GET - /api/cart - /api/cart","timestamp":"2025-11-18T22:00:31.608Z"}
{"level":"info","message":"OPTIONS - /create-payment-intent - /create-payment-intent","timestamp":"2025-11-18T22:00:32.314Z"}
{"level":"info","message":"POST - /create-payment-intent - /create-payment-intent","timestamp":"2025-11-18T22:00:32.320Z"}
{"level":"error","message":"POST - /create-payment-intent - Invalid API Key provided: sk_test_************cdef","timestamp":"2025-11-18T22:00:34.616Z"}
{"level":"info","message":"OPTIONS - /api/category - /api/category","timestamp":"2025-11-18T22:00:36.590Z"}
{"level":"info","message":"GET - /api/category - /api/category","timestamp":"2025-11-18T22:00:36.596Z"}
{"level":"info","message":"POST - /create-payment-intent - /create-payment-intent","timestamp":"2025-11-18T22:00:37.207Z"}
{"level":"error","message":"POST - /create-payment-intent - Invalid API Key provided: sk_test_************cdef","timestamp":"2025-11-18T22:00:37.483Z"}
{"level":"info","message":"GET - /api/category - /api/category","timestamp":"2025-11-18T22:00:40.092Z"}
{"level":"info","message":"OPTIONS - /api/user/login - /api/user/login","timestamp":"2025-11-18T22:00:43.464Z"}
{"level":"info","message":"POST - /api/user/login - /api/user/login","timestamp":"2025-11-18T22:00:43.468Z"}
{"level":"info","message":"OPTIONS - /api/cart - /api/cart","timestamp":"2025-11-18T22:00:43.601Z"}
{"level":"info","message":"GET - /api/cart - /api/cart","timestamp":"2025-11-18T22:00:43.605Z"}
{"level":"info","message":"OPTIONS - /api/category - /api/category","timestamp":"2025-11-18T22:00:50.645Z"}
{"level":"info","message":"GET - /api/category - /api/category","timestamp":"2025-11-18T22:00:50.650Z"}
{"level":"info","message":"GET - /api/category - /api/category","timestamp":"2025-11-18T22:00:54.935Z"}
{"level":"info","message":"OPTIONS - /api/category - /api/category","timestamp":"2025-11-18T22:01:05.112Z"}
{"level":"info","message":"GET - /api/category - /api/category","timestamp":"2025-11-18T22:01:05.119Z"}
{"level":"info","message":"OPTIONS - /api/cart - /api/cart","timestamp":"2025-11-18T22:01:05.133Z"}
{"level":"info","message":"GET - /api/cart - /api/cart","timestamp":"2025-11-18T22:01:05.137Z"}
{"level":"info","message":"OPTIONS - /api/cart - /api/cart","timestamp":"2025-11-18T23:05:16.005Z"}
{"level":"info","message":"GET - /api/cart - /api/cart","timestamp":"2025-11-18T23:05:16.010Z"}
{"level":"info","message":"OPTIONS - /api/cart - /api/cart","timestamp":"2025-11-18T23:07:44.428Z"}
{"level":"info","message":"GET - /api/cart - /api/cart","timestamp":"2025-11-18T23:07:44.434Z"}
{"level":"info","message":"OPTIONS - /api/category - /api/category","timestamp":"2025-11-18T23:08:14.466Z"}
{"level":"info","message":"GET - /api/category - /api/category","timestamp":"2025-11-18T23:08:14.472Z"}
{"level":"info","message":"GET - /api/products/category/Electr%C3%B3nica - /api/products/category/Electr%C3%B3nica","timestamp":"2025-11-18T23:08:15.575Z"}
{"level":"info","message":"GET - /api/products/691c9740427baf74634340f4 - /api/products/691c9740427baf74634340f4","timestamp":"2025-11-18T23:08:16.835Z"}
{"level":"info","message":"OPTIONS - /api/cart/add - /api/cart/add","timestamp":"2025-11-18T23:08:17.842Z"}
{"level":"info","message":"POST - /api/cart/add - /api/cart/add","timestamp":"2025-11-18T23:08:17.846Z"}
{"level":"info","message":"POST - /api/cart/add - /api/cart/add","timestamp":"2025-11-18T23:08:18.777Z"}
{"level":"info","message":"POST - /api/cart/add - /api/cart/add","timestamp":"2025-11-18T23:08:18.993Z"}
{"level":"info","message":"POST - /api/cart/add - /api/cart/add","timestamp":"2025-11-18T23:08:19.177Z"}
{"level":"info","message":"POST - /api/cart/add - /api/cart/add","timestamp":"2025-11-18T23:08:19.370Z"}
{"level":"info","message":"POST - /api/cart/add - /api/cart/add","timestamp":"2025-11-18T23:08:19.545Z"}
{"level":"info","message":"POST - /api/cart/add - /api/cart/add","timestamp":"2025-11-18T23:08:19.730Z"}
{"level":"info","message":"POST - /api/cart/add - /api/cart/add","timestamp":"2025-11-18T23:08:19.906Z"}
{"level":"info","message":"POST - /api/cart/add - /api/cart/add","timestamp":"2025-11-18T23:08:20.089Z"}
{"level":"info","message":"POST - /api/cart/add - /api/cart/add","timestamp":"2025-11-18T23:08:20.273Z"}
{"level":"info","message":"POST - /api/cart/add - /api/cart/add","timestamp":"2025-11-18T23:08:20.465Z"}
{"level":"info","message":"OPTIONS - /api/category - /api/category","timestamp":"2025-11-18T23:08:23.929Z"}
{"level":"info","message":"GET - /api/category - /api/category","timestamp":"2025-11-18T23:08:23.934Z"}
{"level":"info","message":"OPTIONS - /create-payment-intent - /create-payment-intent","timestamp":"2025-11-18T23:08:25.738Z"}
{"level":"info","message":"POST - /create-payment-intent - /create-payment-intent","timestamp":"2025-11-18T23:08:25.743Z"}
{"level":"error","message":"POST - /create-payment-intent - Invalid API Key provided: sk_test_************cdef","timestamp":"2025-11-18T23:08:26.422Z"}
{"level":"info","message":"OPTIONS - /api/user/login - /api/user/login","timestamp":"2025-11-18T23:08:32.205Z"}
{"level":"info","message":"POST - /api/user/login - /api/user/login","timestamp":"2025-11-18T23:08:32.210Z"}
{"level":"info","message":"OPTIONS - /api/cart - /api/cart","timestamp":"2025-11-18T23:08:32.341Z"}
{"level":"info","message":"GET - /api/cart - /api/cart","timestamp":"2025-11-18T23:08:32.345Z"}
{"level":"info","message":"OPTIONS - /api/category - /api/category","timestamp":"2025-11-18T23:08:32.380Z"}
{"level":"info","message":"GET - /api/category - /api/category","timestamp":"2025-11-18T23:08:32.386Z"}
{"level":"info","message":"GET - /api/category - /api/category","timestamp":"2025-11-18T23:08:34.482Z"}
{"level":"info","message":"OPTIONS - /create-payment-intent - /create-payment-intent","timestamp":"2025-11-18T23:08:37.645Z"}
{"level":"info","message":"POST - /create-payment-intent - /create-payment-intent","timestamp":"2025-11-18T23:08:37.650Z"}
{"level":"error","message":"POST - /create-payment-intent - Invalid API Key provided: sk_test_************cdef","timestamp":"2025-11-18T23:08:37.921Z"}
{"level":"info","message":"POST - /api/user/register - /api/user/register","timestamp":"2025-11-18T23:16:27.095Z"}
{"level":"info","message":"OPTIONS - /api/category - /api/category","timestamp":"2025-11-18T23:21:22.211Z"}
{"level":"info","message":"GET - /api/category - /api/category","timestamp":"2025-11-18T23:21:22.219Z"}
{"level":"info","message":"GET - /api/category - /api/category","timestamp":"2025-11-18T23:21:26.417Z"}
{"level":"info","message":"OPTIONS - /api/user/login - /api/user/login","timestamp":"2025-11-18T23:21:41.667Z"}
{"level":"info","message":"POST - /api/user/login - /api/user/login","timestamp":"2025-11-18T23:21:41.673Z"}
{"level":"info","message":"OPTIONS - /api/cart - /api/cart","timestamp":"2025-11-18T23:21:43.881Z"}
{"level":"info","message":"GET - /api/cart - /api/cart","timestamp":"2025-11-18T23:21:43.887Z"}
{"level":"info","message":"OPTIONS - /api/category - /api/category","timestamp":"2025-11-18T23:21:43.913Z"}
{"level":"info","message":"GET - /api/category - /api/category","timestamp":"2025-11-18T23:21:43.920Z"}
