{"level":"info","message":"OPTIONS - /api/category - /api/category","timestamp":"2025-11-24T18:30:33.918Z"}
{"level":"info","message":"OPTIONS - /api/cart - /api/cart","timestamp":"2025-11-24T18:30:33.928Z"}
{"level":"info","message":"OPTIONS - /api/cart - /api/cart","timestamp":"2025-11-24T18:30:43.507Z"}
{"level":"info","message":"GET - /api/cart - /api/cart","timestamp":"2025-11-24T18:30:43.512Z"}
{"level":"info","message":"OPTIONS - /api/category - /api/category","timestamp":"2025-11-24T18:30:53.511Z"}
{"level":"info","message":"GET - /api/category - /api/category","timestamp":"2025-11-24T18:30:53.517Z"}
{"level":"info","message":"GET - /api/products - /api/products","timestamp":"2025-11-24T18:31:03.947Z"}
{"level":"info","message":"OPTIONS - /api/category - /api/category","timestamp":"2025-11-24T18:31:07.028Z"}
{"level":"info","message":"GET - /api/category - /api/category","timestamp":"2025-11-24T18:31:07.035Z"}
{"level":"info","message":"GET - /api/products - /api/products","timestamp":"2025-11-24T18:31:10.573Z"}
{"level":"info","message":"GET - /api/products - /api/products","timestamp":"2025-11-24T18:38:55.466Z"}
{"level":"info","message":"OPTIONS - /api/category - /api/category","timestamp":"2025-11-24T18:39:11.576Z"}
{"level":"info","message":"GET - /api/category - /api/category","timestamp":"2025-11-24T18:39:11.584Z"}
{"level":"info","message":"GET - /api/category - /api/category","timestamp":"2025-11-24T18:39:15.907Z"}
{"level":"info","message":"GET - /api/products - /api/products","timestamp":"2025-11-24T18:39:18.544Z"}
{"level":"info","message":"OPTIONS - /api/category - /api/category","timestamp":"2025-11-24T18:40:40.343Z"}
{"level":"info","message":"GET - /api/category - /api/category","timestamp":"2025-11-24T18:40:40.350Z"}
{"level":"info","message":"GET - /api/products/category/Calzado - /api/products/category/Calzado","timestamp":"2025-11-24T18:40:41.644Z"}
{"level":"info","message":"GET - /api/products - /api/products","timestamp":"2025-11-24T18:40:44.882Z"}
{"level":"info","message":"GET - /api/products - /api/products","timestamp":"2025-11-24T18:41:06.173Z"}
{"level":"info","message":"OPTIONS - /api/category - /api/category","timestamp":"2025-11-24T18:41:10.564Z"}
{"level":"info","message":"GET - /api/category - /api/category","timestamp":"2025-11-24T18:41:10.570Z"}
{"level":"info","message":"GET - /api/products/category/Calzado - /api/products/category/Calzado","timestamp":"2025-11-24T18:41:11.476Z"}
{"level":"info","message":"GET - /api/products - /api/products","timestamp":"2025-11-24T18:41:14.631Z"}
{"level":"info","message":"GET - /api/products - /api/products","timestamp":"2025-11-24T18:43:33.463Z"}
{"level":"info","message":"OPTIONS - /api/category - /api/category","timestamp":"2025-11-24T18:43:37.149Z"}
{"level":"info","message":"GET - /api/category - /api/category","timestamp":"2025-11-24T18:43:37.156Z"}
{"level":"info","message":"GET - /api/products/category/Calzado - /api/products/category/Calzado","timestamp":"2025-11-24T18:43:38.186Z"}
{"level":"info","message":"GET - /api/products - /api/products","timestamp":"2025-11-24T18:43:41.229Z"}
{"level":"info","message":"OPTIONS - /api/category - /api/category","timestamp":"2025-11-24T18:46:28.698Z"}
{"level":"info","message":"GET - /api/category - /api/category","timestamp":"2025-11-24T18:46:28.702Z"}
{"level":"info","message":"GET - /api/products - /api/products","timestamp":"2025-11-24T18:46:29.416Z"}
{"level":"info","message":"GET - /api/products - /api/products","timestamp":"2025-11-24T18:46:36.434Z"}
{"level":"info","message":"GET - /api/products - /api/products","timestamp":"2025-11-24T18:46:39.201Z"}
{"level":"info","message":"OPTIONS - /api/category - /api/category","timestamp":"2025-11-24T18:46:42.269Z"}
{"level":"info","message":"GET - /api/category - /api/category","timestamp":"2025-11-24T18:46:42.274Z"}
{"level":"info","message":"GET - /api/products - /api/products","timestamp":"2025-11-24T18:46:43.723Z"}
{"level":"info","message":"GET - /api/products - /api/products","timestamp":"2025-11-24T18:46:49.105Z"}
{"level":"info","message":"OPTIONS - /api/category - /api/category","timestamp":"2025-11-24T18:48:45.387Z"}
{"level":"info","message":"GET - /api/category - /api/category","timestamp":"2025-11-24T18:48:45.393Z"}
{"level":"info","message":"GET - /api/products/category/Calzado - /api/products/category/Calzado","timestamp":"2025-11-24T18:48:46.754Z"}
{"level":"info","message":"GET - /api/products - /api/products","timestamp":"2025-11-24T18:51:39.793Z"}
{"level":"error","message":"GET - /api/products - Socket 'secureConnect' timed out after 30002ms (connectTimeoutMS: 30000)","timestamp":"2025-11-24T18:52:09.805Z"}
{"level":"info","message":"OPTIONS - /api/category - /api/category","timestamp":"2025-11-24T18:52:14.620Z"}
{"level":"info","message":"GET - /api/category - /api/category","timestamp":"2025-11-24T18:52:14.625Z"}
{"level":"info","message":"GET - /api/products - /api/products","timestamp":"2025-11-24T18:52:41.205Z"}
{"level":"info","message":"OPTIONS - /api/category - /api/category","timestamp":"2025-11-24T18:52:55.410Z"}
{"level":"info","message":"GET - /api/category - /api/category","timestamp":"2025-11-24T18:52:55.417Z"}
{"level":"info","message":"OPTIONS - /api/products - /api/products","timestamp":"2025-11-24T18:52:58.076Z"}
{"level":"info","message":"GET - /api/products - /api/products","timestamp":"2025-11-24T18:52:58.080Z"}
{"level":"info","message":"OPTIONS - /api/products/691f7755d9382a7af6e68fcc - /api/products/691f7755d9382a7af6e68fcc","timestamp":"2025-11-24T18:53:15.642Z"}
{"level":"info","message":"PATCH - /api/products/691f7755d9382a7af6e68fcc - /api/products/691f7755d9382a7af6e68fcc","timestamp":"2025-11-24T18:53:15.648Z"}
{"level":"info","message":"OPTIONS - /api/products - /api/products","timestamp":"2025-11-24T18:53:21.776Z"}
{"level":"info","message":"GET - /api/products - /api/products","timestamp":"2025-11-24T18:53:21.783Z"}
{"level":"info","message":"OPTIONS - /api/category - /api/category","timestamp":"2025-11-24T18:53:35.596Z"}
{"level":"info","message":"GET - /api/category - /api/category","timestamp":"2025-11-24T18:53:35.600Z"}
{"level":"info","message":"GET - /api/products - /api/products","timestamp":"2025-11-24T18:53:43.286Z"}
{"level":"info","message":"GET - /api/products - /api/products","timestamp":"2025-11-24T18:55:48.731Z"}
{"level":"info","message":"OPTIONS - /api/cart - /api/cart","timestamp":"2025-11-24T18:56:05.433Z"}
{"level":"info","message":"GET - /api/cart - /api/cart","timestamp":"2025-11-24T18:56:05.439Z"}
{"level":"info","message":"OPTIONS - /api/category - /api/category","timestamp":"2025-11-24T18:56:07.984Z"}
{"level":"info","message":"GET - /api/category - /api/category","timestamp":"2025-11-24T18:56:07.992Z"}
{"level":"info","message":"OPTIONS - /api/cart - /api/cart","timestamp":"2025-11-24T18:56:18.166Z"}
{"level":"info","message":"GET - /api/cart - /api/cart","timestamp":"2025-11-24T18:56:18.170Z"}
{"level":"info","message":"OPTIONS - /api/category - /api/category","timestamp":"2025-11-24T18:56:23.032Z"}
{"level":"info","message":"GET - /api/category - /api/category","timestamp":"2025-11-24T18:56:23.038Z"}
{"level":"info","message":"GET - /api/products - /api/products","timestamp":"2025-11-24T18:56:35.982Z"}
{"level":"info","message":"OPTIONS - /api/cart - /api/cart","timestamp":"2025-11-24T18:56:35.996Z"}
{"level":"info","message":"GET - /api/cart - /api/cart","timestamp":"2025-11-24T18:56:36.001Z"}
{"level":"info","message":"OPTIONS - /api/cart - /api/cart","timestamp":"2025-11-24T18:59:32.542Z"}
{"level":"info","message":"GET - /api/cart - /api/cart","timestamp":"2025-11-24T18:59:32.549Z"}
{"level":"info","message":"GET - /api/products - /api/products","timestamp":"2025-11-24T18:59:47.992Z"}
{"level":"info","message":"OPTIONS - /api/category - /api/category","timestamp":"2025-11-24T19:01:03.328Z"}
{"level":"info","message":"GET - /api/category - /api/category","timestamp":"2025-11-24T19:01:03.335Z"}
{"level":"info","message":"GET - /api/products/category/Calzado - /api/products/category/Calzado","timestamp":"2025-11-24T19:01:06.325Z"}
