{"level":"info","message":"POST - /api/user/token - /api/user/token","timestamp":"2025-11-16T15:23:40.283Z"}
{"level":"info","message":"POST - /api/user/register - /api/user/register","timestamp":"2025-11-16T15:29:09.383Z"}
{"level":"error","message":"POST - /api/user/register - El usuario ya existe","timestamp":"2025-11-16T15:29:09.403Z"}
{"level":"info","message":"POST - /api/user/login - /api/user/login","timestamp":"2025-11-16T15:29:20.189Z"}
{"level":"info","message":"POST - /api/user/token - /api/user/token","timestamp":"2025-11-16T15:29:22.964Z"}
{"level":"info","message":"POST - /api/user/token - /api/user/token","timestamp":"2025-11-16T15:29:58.029Z"}
{"level":"info","message":"GET - /api/products - /api/products","timestamp":"2025-11-16T15:31:06.739Z"}
{"level":"error","message":"GET - /api/products - error de base de datos","timestamp":"2025-11-16T15:31:06.740Z"}
{"level":"info","message":"GET - /api/products - /api/products","timestamp":"2025-11-16T15:31:40.145Z"}
{"level":"error","message":"GET - /api/products - error de base de datos","timestamp":"2025-11-16T15:31:40.149Z"}
{"level":"info","message":"GET - /api/products - /api/products","timestamp":"2025-11-16T15:31:57.502Z"}
{"level":"info","message":"GET - /api/products - /api/products","timestamp":"2025-11-16T15:31:58.828Z"}
{"level":"info","message":"GET - /api/products - /api/products","timestamp":"2025-11-16T15:33:49.958Z"}
{"level":"error","message":"GET - /api/products - res.status is not a function","timestamp":"2025-11-16T15:33:49.969Z"}
{"level":"info","message":"GET - /api/products - /api/products","timestamp":"2025-11-16T15:34:35.974Z"}
{"level":"info","message":"GET - /api/products - /api/products","timestamp":"2025-11-16T15:36:05.525Z"}
{"level":"info","message":"GET - /api/products/paginado - /api/products/paginado","timestamp":"2025-11-16T15:36:47.586Z"}
{"level":"info","message":"GET - /api/products/filtrado - /api/products/filtrado","timestamp":"2025-11-16T15:37:16.111Z"}
{"level":"error","message":"GET - /api/products/filtrado - ps.getAllFiltrado is not a function","timestamp":"2025-11-16T15:37:16.112Z"}
{"level":"info","message":"GET - /api/products/filtrado - /api/products/filtrado","timestamp":"2025-11-16T15:38:29.217Z"}
{"level":"info","message":"GET - /api/products/:id - /api/products/:id","timestamp":"2025-11-16T15:39:05.298Z"}
{"level":"error","message":"GET - /api/products/:id - Cast to ObjectId failed for value \":id\" (type string) at path \"_id\" for model \"Product\"","timestamp":"2025-11-16T15:39:05.302Z"}
{"level":"info","message":"GET - /api/products/1 - /api/products/1","timestamp":"2025-11-16T15:39:10.358Z"}
{"level":"error","message":"GET - /api/products/1 - Cast to ObjectId failed for value \"1\" (type string) at path \"_id\" for model \"Product\"","timestamp":"2025-11-16T15:39:10.359Z"}
{"level":"info","message":"GET - /api/products/1 - /api/products/1","timestamp":"2025-11-16T15:39:32.031Z"}
{"level":"error","message":"GET - /api/products/1 - Cast to ObjectId failed for value \"1\" (type string) at path \"_id\" for model \"Product\"","timestamp":"2025-11-16T15:39:32.040Z"}
{"level":"info","message":"GET - /api/products/1 - /api/products/1","timestamp":"2025-11-16T15:39:42.926Z"}
{"level":"error","message":"GET - /api/products/1 - Cast to ObjectId failed for value \"1\" (type string) at path \"_id\" for model \"Product\"","timestamp":"2025-11-16T15:39:42.929Z"}
{"level":"info","message":"GET - /api/products/1 - /api/products/1","timestamp":"2025-11-16T15:40:01.612Z"}
{"level":"error","message":"GET - /api/products/1 - Cast to ObjectId failed for value \"1\" (type number) at path \"_id\" for model \"Product\"","timestamp":"2025-11-16T15:40:01.618Z"}
{"level":"info","message":"GET - /api/products/1 - /api/products/1","timestamp":"2025-11-16T15:40:34.732Z"}
{"level":"error","message":"GET - /api/products/1 - Cast to ObjectId failed for value \"{ _id: 1 }\" (type Object) at path \"_id\" for model \"Product\"","timestamp":"2025-11-16T15:40:34.738Z"}
{"level":"info","message":"POST - /api/products - /api/products","timestamp":"2025-11-16T15:41:51.383Z"}
{"level":"info","message":"POST - /api/products - /api/products","timestamp":"2025-11-16T15:42:33.649Z"}
{"level":"info","message":"POST - /api/products - /api/products","timestamp":"2025-11-16T15:42:48.199Z"}
{"level":"info","message":"POST - /api/user/token - /api/user/token","timestamp":"2025-11-16T15:42:54.148Z"}
{"level":"info","message":"POST - /api/products - /api/products","timestamp":"2025-11-16T15:43:02.732Z"}
{"level":"info","message":"POST - /api/user/token - /api/user/token","timestamp":"2025-11-16T15:43:12.789Z"}
{"level":"info","message":"POST - /api/products - /api/products","timestamp":"2025-11-16T15:43:15.735Z"}
{"level":"info","message":"POST - /api/user/login - /api/user/login","timestamp":"2025-11-16T15:43:30.481Z"}
{"level":"info","message":"POST - /api/products - /api/products","timestamp":"2025-11-16T15:43:37.903Z"}
{"level":"info","message":"POST - /api/products - /api/products","timestamp":"2025-11-16T15:43:51.410Z"}
{"level":"info","message":"POST - /api/products - /api/products","timestamp":"2025-11-16T15:44:29.313Z"}
{"level":"info","message":"POST - /api/products - /api/products","timestamp":"2025-11-16T15:44:50.777Z"}
{"level":"info","message":"POST - /api/products - /api/products","timestamp":"2025-11-16T15:47:59.062Z"}
{"level":"info","message":"POST - /api/products - /api/products","timestamp":"2025-11-16T15:48:38.913Z"}
{"level":"info","message":"POST - /api/products - /api/products","timestamp":"2025-11-16T15:48:51.613Z"}
{"level":"error","message":"POST - /api/products - Cannot read properties of null (reading '_id')","timestamp":"2025-11-16T15:48:51.623Z"}
{"level":"info","message":"POST - /api/products - /api/products","timestamp":"2025-11-16T15:49:10.330Z"}
{"level":"error","message":"POST - /api/products - Cannot read properties of null (reading '_id')","timestamp":"2025-11-16T15:49:10.335Z"}
{"level":"info","message":"POST - /api/products - /api/products","timestamp":"2025-11-16T15:49:32.543Z"}
{"level":"info","message":"POST - /api/products - /api/products","timestamp":"2025-11-16T15:49:44.990Z"}
{"level":"error","message":"POST - /api/products - Cannot read properties of null (reading '_id')","timestamp":"2025-11-16T15:49:44.999Z"}
{"level":"info","message":"POST - /api/products - /api/products","timestamp":"2025-11-16T15:50:31.607Z"}
{"level":"info","message":"POST - /api/products - /api/products","timestamp":"2025-11-16T15:50:49.589Z"}
{"level":"error","message":"POST - /api/products - Cannot read properties of null (reading '_id')","timestamp":"2025-11-16T15:50:49.607Z"}
{"level":"info","message":"POST - /api/products - /api/products","timestamp":"2025-11-16T15:51:39.627Z"}
{"level":"error","message":"POST - /api/products - Cannot read properties of null (reading '_id')","timestamp":"2025-11-16T15:51:39.645Z"}
{"level":"info","message":"POST - /api/products - /api/products","timestamp":"2025-11-16T15:51:52.698Z"}
{"level":"error","message":"POST - /api/products - Category no existe","timestamp":"2025-11-16T15:51:52.717Z"}
{"level":"info","message":"POST - /api/products - /api/products","timestamp":"2025-11-16T15:53:01.950Z"}
{"level":"error","message":"POST - /api/products - ApiError is not defined","timestamp":"2025-11-16T15:53:01.968Z"}
{"level":"info","message":"POST - /api/products - /api/products","timestamp":"2025-11-16T15:53:12.664Z"}
{"level":"error","message":"POST - /api/products - la categoria no existe","timestamp":"2025-11-16T15:53:12.686Z"}
{"level":"info","message":"POST - /api/products - /api/products","timestamp":"2025-11-16T16:00:01.796Z"}
{"level":"error","message":"POST - /api/products - Unexpected non-whitespace character after JSON at position 155 (line 11 column 1)","timestamp":"2025-11-16T16:00:01.807Z"}
{"level":"info","message":"POST - /api/products - /api/products","timestamp":"2025-11-16T16:00:11.164Z"}
{"level":"info","message":"POST - /api/user/token - /api/user/token","timestamp":"2025-11-16T16:00:26.920Z"}
{"level":"info","message":"POST - /api/products - /api/products","timestamp":"2025-11-16T16:00:35.678Z"}
{"level":"error","message":"POST - /api/products - la categoria no existe","timestamp":"2025-11-16T16:00:35.684Z"}
{"level":"info","message":"POST - /api/products - /api/products","timestamp":"2025-11-16T16:01:00.792Z"}
{"level":"error","message":"POST - /api/products - la categoria no existe","timestamp":"2025-11-16T16:01:00.809Z"}
{"level":"info","message":"POST - /api/products - /api/products","timestamp":"2025-11-16T16:01:11.706Z"}
{"level":"error","message":"POST - /api/products - la categoria no existe","timestamp":"2025-11-16T16:01:11.723Z"}
{"level":"info","message":"POST - /api/products - /api/products","timestamp":"2025-11-16T16:25:42.604Z"}
{"level":"info","message":"POST - /api/user/login - /api/user/login","timestamp":"2025-11-16T16:25:57.796Z"}
{"level":"info","message":"POST - /api/products - /api/products","timestamp":"2025-11-16T16:26:03.282Z"}
{"level":"info","message":"POST - /api/products - /api/products","timestamp":"2025-11-16T16:26:21.143Z"}
{"level":"info","message":"POST - /api/products - /api/products","timestamp":"2025-11-16T16:27:05.165Z"}
{"level":"error","message":"POST - /api/products - la categoria no existe","timestamp":"2025-11-16T16:27:05.190Z"}
{"level":"info","message":"POST - /api/category - /api/category","timestamp":"2025-11-16T16:33:20.431Z"}
{"level":"info","message":"POST - /api/products - /api/products","timestamp":"2025-11-16T16:33:29.018Z"}
{"level":"error","message":"POST - /api/products - la categoria no existe","timestamp":"2025-11-16T16:33:29.029Z"}
{"level":"info","message":"GET - /api/category - /api/category","timestamp":"2025-11-16T16:33:58.289Z"}
{"level":"info","message":"GET - /api/category/1 - /api/category/1","timestamp":"2025-11-16T16:34:38.532Z"}
{"level":"info","message":"GET - /api/category/691481bfdea6bb3f3e477828 - /api/category/691481bfdea6bb3f3e477828","timestamp":"2025-11-16T16:34:50.230Z"}
{"level":"info","message":"POST - /api/products - /api/products","timestamp":"2025-11-16T16:34:59.318Z"}
{"level":"error","message":"POST - /api/products - la categoria no existe","timestamp":"2025-11-16T16:34:59.323Z"}
{"level":"info","message":"POST - /api/products - /api/products","timestamp":"2025-11-16T16:35:32.846Z"}
{"level":"error","message":"POST - /api/products - la categoria no existe","timestamp":"2025-11-16T16:35:32.871Z"}
{"level":"info","message":"POST - /api/products - /api/products","timestamp":"2025-11-16T16:36:02.074Z"}
{"level":"error","message":"POST - /api/products - Product validation failed: userid: Path `userid` is required., category: Path `category` is required.","timestamp":"2025-11-16T16:36:02.099Z"}
{"level":"info","message":"POST - /api/products - /api/products","timestamp":"2025-11-16T16:36:19.405Z"}
{"level":"error","message":"POST - /api/products - Product validation failed: userid: Path `userid` is required.","timestamp":"2025-11-16T16:36:19.433Z"}
{"level":"info","message":"POST - /api/products - /api/products","timestamp":"2025-11-16T16:38:20.231Z"}
{"level":"error","message":"POST - /api/products - Product validation failed: userid: Path `userid` is required.","timestamp":"2025-11-16T16:38:20.259Z"}
{"level":"info","message":"POST - /api/products - /api/products","timestamp":"2025-11-16T16:38:59.848Z"}
{"level":"error","message":"POST - /api/products - Product validation failed: userid: Path `userid` is required.","timestamp":"2025-11-16T16:38:59.873Z"}
{"level":"info","message":"POST - /api/products - /api/products","timestamp":"2025-11-16T16:40:07.679Z"}
{"level":"info","message":"GET - /api/products/filtrado - /api/products/filtrado","timestamp":"2025-11-16T16:40:12.702Z"}
{"level":"info","message":"GET - /api/products/paginado - /api/products/paginado","timestamp":"2025-11-16T16:40:15.111Z"}
{"level":"info","message":"GET - /api/products/1 - /api/products/1","timestamp":"2025-11-16T16:40:19.008Z"}
{"level":"error","message":"GET - /api/products/1 - Cast to ObjectId failed for value \"{ _id: 1 }\" (type Object) at path \"_id\" for model \"Product\"","timestamp":"2025-11-16T16:40:19.010Z"}
{"level":"info","message":"GET - /api/products/6919fe67f9c826abe6503731 - /api/products/6919fe67f9c826abe6503731","timestamp":"2025-11-16T16:40:22.771Z"}
{"level":"error","message":"GET - /api/products/6919fe67f9c826abe6503731 - Cast to ObjectId failed for value \"{ _id: NaN }\" (type Object) at path \"_id\" for model \"Product\"","timestamp":"2025-11-16T16:40:22.773Z"}
{"level":"info","message":"GET - /api/products/6919fe67f9c826abe6503731 - /api/products/6919fe67f9c826abe6503731","timestamp":"2025-11-16T16:40:58.480Z"}
{"level":"info","message":"GET - /api/products/6919fe67f9c826abe6503731 - /api/products/6919fe67f9c826abe6503731","timestamp":"2025-11-16T16:41:00.951Z"}
{"level":"info","message":"GET - /api/products/ - /api/products/","timestamp":"2025-11-16T16:41:03.679Z"}
{"level":"info","message":"GET - /api/products/6919fe67f9c826abe6503731 - /api/products/6919fe67f9c826abe6503731","timestamp":"2025-11-16T16:41:09.664Z"}
{"level":"info","message":"GET - /api/products/filtrado - /api/products/filtrado","timestamp":"2025-11-16T16:42:12.716Z"}
{"level":"info","message":"GET - /api/products/paginado - /api/products/paginado","timestamp":"2025-11-16T16:42:16.601Z"}
{"level":"info","message":"GET - /api/category - /api/category","timestamp":"2025-11-16T16:42:28.004Z"}
{"level":"info","message":"GET - /api/category/691481bfdea6bb3f3e477828 - /api/category/691481bfdea6bb3f3e477828","timestamp":"2025-11-16T16:42:34.160Z"}
{"level":"info","message":"GET - /api/cart - /api/cart","timestamp":"2025-11-16T16:44:30.863Z"}
{"level":"info","message":"GET - /api/cart - /api/cart","timestamp":"2025-11-16T16:44:44.717Z"}
{"level":"info","message":"POST - /api/user/login - /api/user/login","timestamp":"2025-11-16T16:44:48.258Z"}
{"level":"info","message":"GET - /api/cart - /api/cart","timestamp":"2025-11-16T16:44:55.900Z"}
{"level":"info","message":"GET - /api/products/6919fe67f9c826abe6503731 - /api/products/6919fe67f9c826abe6503731","timestamp":"2025-11-16T16:48:17.656Z"}
{"level":"info","message":"GET - /api/category - /api/category","timestamp":"2025-11-16T16:48:20.618Z"}
{"level":"info","message":"GET - /api/cart - /api/cart","timestamp":"2025-11-16T16:50:10.063Z"}
{"level":"info","message":"POST - /api/products - /api/products","timestamp":"2025-11-16T16:50:12.085Z"}
{"level":"error","message":"POST - /api/products - Cast to ObjectId failed for value \"asdasdas\" (type string) at path \"_id\" for model \"Category\"","timestamp":"2025-11-16T16:50:12.112Z"}
{"level":"info","message":"POST - /api/products - /api/products","timestamp":"2025-11-16T18:29:32.182Z"}
{"level":"info","message":"POST - /api/products - /api/products","timestamp":"2025-11-16T18:32:59.610Z"}
{"level":"info","message":"POST - /api/cart/add - /api/cart/add","timestamp":"2025-11-16T18:35:06.325Z"}
{"level":"info","message":"POST - /api/cart/add - /api/cart/add","timestamp":"2025-11-16T18:36:31.264Z"}
{"level":"error","message":"POST - /api/cart/add - producto no encontrado","timestamp":"2025-11-16T18:36:31.273Z"}
{"level":"info","message":"POST - /api/cart/add - /api/cart/add","timestamp":"2025-11-16T18:36:45.082Z"}
{"level":"error","message":"POST - /api/cart/add - producto no encontrado","timestamp":"2025-11-16T18:36:45.088Z"}
{"level":"info","message":"GET - /api/products/filtrado - /api/products/filtrado","timestamp":"2025-11-16T18:36:54.444Z"}
{"level":"info","message":"GET - /api/products - /api/products","timestamp":"2025-11-16T18:37:01.912Z"}
{"level":"info","message":"GET - /api/products - /api/products","timestamp":"2025-11-16T18:37:05.514Z"}
{"level":"info","message":"POST - /api/cart/add - /api/cart/add","timestamp":"2025-11-16T18:37:15.918Z"}
{"level":"error","message":"POST - /api/cart/add - producto no encontrado","timestamp":"2025-11-16T18:37:15.924Z"}
