{"level":"info","message":"OPTIONS - /api/cart - /api/cart","timestamp":"2025-11-25T12:31:33.368Z"}
{"level":"info","message":"GET - /api/cart - /api/cart","timestamp":"2025-11-25T12:31:33.377Z"}
{"level":"info","message":"OPTIONS - /create-payment-intent - /create-payment-intent","timestamp":"2025-11-25T12:32:57.108Z"}
{"level":"info","message":"POST - /create-payment-intent - /create-payment-intent","timestamp":"2025-11-25T12:32:57.112Z"}
{"level":"info","message":"OPTIONS - /api/cart - /api/cart","timestamp":"2025-11-25T12:55:52.154Z"}
{"level":"info","message":"GET - /api/cart - /api/cart","timestamp":"2025-11-25T12:55:52.158Z"}
{"level":"info","message":"OPTIONS - /api/cart - /api/cart","timestamp":"2025-11-25T14:03:32.554Z"}
{"level":"info","message":"GET - /api/cart - /api/cart","timestamp":"2025-11-25T14:03:32.558Z"}
{"level":"info","message":"OPTIONS - /create-payment-intent - /create-payment-intent","timestamp":"2025-11-25T14:16:39.976Z"}
{"level":"info","message":"POST - /create-payment-intent - /create-payment-intent","timestamp":"2025-11-25T14:16:39.980Z"}
{"level":"info","message":"OPTIONS - /api/cart/clear - /api/cart/clear","timestamp":"2025-11-25T14:17:03.855Z"}
{"level":"info","message":"POST - /api/cart/clear - /api/cart/clear","timestamp":"2025-11-25T14:17:03.858Z"}
{"level":"info","message":"GET - /api/products/filter?search=&sort=&page=1&limit=6 - /api/products/filter?search=&sort=&page=1&limit=6","timestamp":"2025-11-25T14:24:33.240Z"}
{"level":"info","message":"OPTIONS - /api/category - /api/category","timestamp":"2025-11-25T14:24:33.872Z"}
{"level":"info","message":"GET - /api/category - /api/category","timestamp":"2025-11-25T14:24:33.876Z"}
{"level":"info","message":"GET - /api/products/filter?search=&sort=&page=1&limit=6 - /api/products/filter?search=&sort=&page=1&limit=6","timestamp":"2025-11-25T14:24:35.515Z"}
{"level":"info","message":"GET - /api/products/691ddb57aacc2ee8de7f3960 - /api/products/691ddb57aacc2ee8de7f3960","timestamp":"2025-11-25T14:24:36.602Z"}
{"level":"info","message":"OPTIONS - /api/cart - /api/cart","timestamp":"2025-11-25T14:24:38.748Z"}
{"level":"info","message":"POST - /api/cart - /api/cart","timestamp":"2025-11-25T14:24:38.751Z"}
{"level":"info","message":"GET - /api/products/691ddb57aacc2ee8de7f3960 - /api/products/691ddb57aacc2ee8de7f3960","timestamp":"2025-11-25T14:24:40.071Z"}
{"level":"info","message":"OPTIONS - /api/cart - /api/cart","timestamp":"2025-11-25T14:24:44.201Z"}
{"level":"info","message":"POST - /api/cart - /api/cart","timestamp":"2025-11-25T14:24:44.205Z"}
{"level":"error","message":"POST - /api/cart - producto sin stock disponible","timestamp":"2025-11-25T14:24:44.929Z"}
{"level":"info","message":"GET - /api/products/691ddb57aacc2ee8de7f3960 - /api/products/691ddb57aacc2ee8de7f3960","timestamp":"2025-11-25T14:24:44.946Z"}
{"level":"info","message":"OPTIONS - /create-payment-intent - /create-payment-intent","timestamp":"2025-11-25T14:24:52.983Z"}
{"level":"info","message":"POST - /create-payment-intent - /create-payment-intent","timestamp":"2025-11-25T14:24:52.986Z"}
{"level":"info","message":"OPTIONS - /api/cart/clear - /api/cart/clear","timestamp":"2025-11-25T14:25:11.358Z"}
{"level":"info","message":"POST - /api/cart/clear - /api/cart/clear","timestamp":"2025-11-25T14:25:11.361Z"}
{"level":"info","message":"GET - /api/products/filter?search=&sort=&page=1&limit=6 - /api/products/filter?search=&sort=&page=1&limit=6","timestamp":"2025-11-25T14:25:15.817Z"}
{"level":"info","message":"GET - /api/products/691ddb57aacc2ee8de7f3960 - /api/products/691ddb57aacc2ee8de7f3960","timestamp":"2025-11-25T14:25:17.570Z"}
{"level":"info","message":"OPTIONS - /api/cart - /api/cart","timestamp":"2025-11-25T14:26:08.402Z"}
{"level":"info","message":"POST - /api/cart - /api/cart","timestamp":"2025-11-25T14:26:08.408Z"}
{"level":"info","message":"GET - /api/products/691ddb57aacc2ee8de7f3960 - /api/products/691ddb57aacc2ee8de7f3960","timestamp":"2025-11-25T14:26:09.221Z"}
{"level":"info","message":"OPTIONS - /create-payment-intent - /create-payment-intent","timestamp":"2025-11-25T14:26:10.674Z"}
{"level":"info","message":"POST - /create-payment-intent - /create-payment-intent","timestamp":"2025-11-25T14:26:10.682Z"}
{"level":"info","message":"OPTIONS - /api/cart/clear - /api/cart/clear","timestamp":"2025-11-25T14:26:27.961Z"}
{"level":"info","message":"POST - /api/cart/clear - /api/cart/clear","timestamp":"2025-11-25T14:26:27.966Z"}
{"level":"info","message":"GET - /api/products/filter?search=&sort=&page=1&limit=6 - /api/products/filter?search=&sort=&page=1&limit=6","timestamp":"2025-11-25T14:27:47.907Z"}
{"level":"info","message":"GET - /api/products/691ddb57aacc2ee8de7f3960 - /api/products/691ddb57aacc2ee8de7f3960","timestamp":"2025-11-25T14:27:50.201Z"}
{"level":"info","message":"OPTIONS - /api/cart - /api/cart","timestamp":"2025-11-25T14:27:51.588Z"}
{"level":"info","message":"POST - /api/cart - /api/cart","timestamp":"2025-11-25T14:27:51.594Z"}
{"level":"info","message":"GET - /api/products/691ddb57aacc2ee8de7f3960 - /api/products/691ddb57aacc2ee8de7f3960","timestamp":"2025-11-25T14:27:52.243Z"}
{"level":"info","message":"OPTIONS - /create-payment-intent - /create-payment-intent","timestamp":"2025-11-25T14:27:52.684Z"}
{"level":"info","message":"POST - /create-payment-intent - /create-payment-intent","timestamp":"2025-11-25T14:27:52.690Z"}
{"level":"info","message":"OPTIONS - /api/cart/clear - /api/cart/clear","timestamp":"2025-11-25T14:28:09.660Z"}
{"level":"info","message":"POST - /api/cart/clear - /api/cart/clear","timestamp":"2025-11-25T14:28:09.664Z"}
{"level":"info","message":"GET - /api/products/filter?search=&sort=&page=1&limit=6 - /api/products/filter?search=&sort=&page=1&limit=6","timestamp":"2025-11-25T14:46:25.929Z"}
{"level":"info","message":"GET - /api/products/691ddb57aacc2ee8de7f3960 - /api/products/691ddb57aacc2ee8de7f3960","timestamp":"2025-11-25T14:46:27.637Z"}
{"level":"info","message":"GET - /api/products/filter?search=&sort=&page=1&limit=6 - /api/products/filter?search=&sort=&page=1&limit=6","timestamp":"2025-11-25T14:46:29.800Z"}
{"level":"info","message":"GET - /api/products/691ddb57aacc2ee8de7f3960 - /api/products/691ddb57aacc2ee8de7f3960","timestamp":"2025-11-25T14:46:31.118Z"}
{"level":"info","message":"OPTIONS - /api/cart - /api/cart","timestamp":"2025-11-25T14:46:32.686Z"}
{"level":"info","message":"POST - /api/cart - /api/cart","timestamp":"2025-11-25T14:46:32.692Z"}
{"level":"info","message":"GET - /api/products/691ddb57aacc2ee8de7f3960 - /api/products/691ddb57aacc2ee8de7f3960","timestamp":"2025-11-25T14:46:33.443Z"}
{"level":"info","message":"OPTIONS - /create-payment-intent - /create-payment-intent","timestamp":"2025-11-25T14:46:33.636Z"}
{"level":"info","message":"POST - /create-payment-intent - /create-payment-intent","timestamp":"2025-11-25T14:46:33.642Z"}
{"level":"info","message":"OPTIONS - /api/cart/clear - /api/cart/clear","timestamp":"2025-11-25T14:46:47.399Z"}
{"level":"info","message":"POST - /api/cart/clear - /api/cart/clear","timestamp":"2025-11-25T14:46:47.403Z"}
{"level":"info","message":"GET - /api/products/filter?search=&sort=&page=1&limit=6 - /api/products/filter?search=&sort=&page=1&limit=6","timestamp":"2025-11-25T14:46:52.849Z"}
{"level":"info","message":"GET - /api/products/691ddb57aacc2ee8de7f3960 - /api/products/691ddb57aacc2ee8de7f3960","timestamp":"2025-11-25T14:46:54.837Z"}
{"level":"info","message":"OPTIONS - /api/cart - /api/cart","timestamp":"2025-11-25T14:47:49.443Z"}
{"level":"info","message":"POST - /api/cart - /api/cart","timestamp":"2025-11-25T14:47:49.449Z"}
{"level":"info","message":"GET - /api/products/691ddb57aacc2ee8de7f3960 - /api/products/691ddb57aacc2ee8de7f3960","timestamp":"2025-11-25T14:47:51.094Z"}
{"level":"info","message":"OPTIONS - /create-payment-intent - /create-payment-intent","timestamp":"2025-11-25T14:48:05.250Z"}
{"level":"info","message":"POST - /create-payment-intent - /create-payment-intent","timestamp":"2025-11-25T14:48:05.257Z"}
{"level":"info","message":"OPTIONS - /api/cart/clear - /api/cart/clear","timestamp":"2025-11-25T14:48:15.358Z"}
{"level":"info","message":"POST - /api/cart/clear - /api/cart/clear","timestamp":"2025-11-25T14:48:15.361Z"}
{"level":"info","message":"GET - /api/products/filter?search=&sort=&page=1&limit=6 - /api/products/filter?search=&sort=&page=1&limit=6","timestamp":"2025-11-25T14:48:17.283Z"}
{"level":"info","message":"GET - /api/products/691ddb57aacc2ee8de7f3960 - /api/products/691ddb57aacc2ee8de7f3960","timestamp":"2025-11-25T14:48:19.113Z"}
{"level":"info","message":"OPTIONS - /api/cart - /api/cart","timestamp":"2025-11-25T14:51:40.011Z"}
{"level":"info","message":"GET - /api/cart - /api/cart","timestamp":"2025-11-25T14:51:40.019Z"}
{"level":"info","message":"OPTIONS - /api/cart - /api/cart","timestamp":"2025-11-25T14:52:02.981Z"}
{"level":"info","message":"GET - /api/cart - /api/cart","timestamp":"2025-11-25T14:52:02.986Z"}
{"level":"info","message":"OPTIONS - /api/cart - /api/cart","timestamp":"2025-11-25T14:52:13.676Z"}
{"level":"info","message":"GET - /api/cart - /api/cart","timestamp":"2025-11-25T14:52:13.680Z"}
{"level":"info","message":"OPTIONS - /api/category - /api/category","timestamp":"2025-11-25T14:52:31.301Z"}
{"level":"info","message":"GET - /api/category - /api/category","timestamp":"2025-11-25T14:52:31.304Z"}
{"level":"info","message":"GET - /api/products/filter?search=&sort=&page=1&limit=6 - /api/products/filter?search=&sort=&page=1&limit=6","timestamp":"2025-11-25T14:52:32.213Z"}
{"level":"info","message":"GET - /api/category - /api/category","timestamp":"2025-11-25T14:52:35.594Z"}
{"level":"info","message":"OPTIONS - /api/products - /api/products","timestamp":"2025-11-25T14:52:37.253Z"}
{"level":"info","message":"GET - /api/products - /api/products","timestamp":"2025-11-25T14:52:37.260Z"}
{"level":"info","message":"OPTIONS - /api/products/691ddb57aacc2ee8de7f3960 - /api/products/691ddb57aacc2ee8de7f3960","timestamp":"2025-11-25T14:52:46.554Z"}
{"level":"info","message":"PATCH - /api/products/691ddb57aacc2ee8de7f3960 - /api/products/691ddb57aacc2ee8de7f3960","timestamp":"2025-11-25T14:52:46.558Z"}
{"level":"info","message":"OPTIONS - /api/products - /api/products","timestamp":"2025-11-25T14:52:48.668Z"}
{"level":"info","message":"GET - /api/products - /api/products","timestamp":"2025-11-25T14:52:48.673Z"}
{"level":"info","message":"GET - /api/products/filter?search=&sort=&page=1&limit=6 - /api/products/filter?search=&sort=&page=1&limit=6","timestamp":"2025-11-25T14:52:51.017Z"}
{"level":"info","message":"GET - /api/products/691ddb57aacc2ee8de7f3960 - /api/products/691ddb57aacc2ee8de7f3960","timestamp":"2025-11-25T14:52:52.142Z"}
{"level":"info","message":"OPTIONS - /api/cart - /api/cart","timestamp":"2025-11-25T14:52:56.428Z"}
{"level":"info","message":"POST - /api/cart - /api/cart","timestamp":"2025-11-25T14:52:56.432Z"}
{"level":"info","message":"GET - /api/products/691ddb57aacc2ee8de7f3960 - /api/products/691ddb57aacc2ee8de7f3960","timestamp":"2025-11-25T14:52:58.084Z"}
{"level":"info","message":"OPTIONS - /api/category - /api/category","timestamp":"2025-11-25T14:53:27.039Z"}
{"level":"info","message":"GET - /api/category - /api/category","timestamp":"2025-11-25T14:53:27.042Z"}
{"level":"info","message":"GET - /api/products/filter?search=&sort=&page=1&limit=6 - /api/products/filter?search=&sort=&page=1&limit=6","timestamp":"2025-11-25T14:53:28.324Z"}
{"level":"info","message":"OPTIONS - /create-payment-intent - /create-payment-intent","timestamp":"2025-11-25T14:53:29.477Z"}
{"level":"info","message":"POST - /create-payment-intent - /create-payment-intent","timestamp":"2025-11-25T14:53:29.482Z"}
{"level":"info","message":"OPTIONS - /api/cart/clear - /api/cart/clear","timestamp":"2025-11-25T14:53:48.568Z"}
{"level":"info","message":"POST - /api/cart/clear - /api/cart/clear","timestamp":"2025-11-25T14:53:48.572Z"}
{"level":"info","message":"OPTIONS - /api/cart - /api/cart","timestamp":"2025-11-25T14:55:01.949Z"}
{"level":"info","message":"GET - /api/cart - /api/cart","timestamp":"2025-11-25T14:55:01.952Z"}
{"level":"info","message":"OPTIONS - /api/category - /api/category","timestamp":"2025-11-25T14:56:18.499Z"}
{"level":"info","message":"GET - /api/category - /api/category","timestamp":"2025-11-25T14:56:18.502Z"}
{"level":"info","message":"GET - /api/category - /api/category","timestamp":"2025-11-25T14:56:20.847Z"}
{"level":"info","message":"OPTIONS - /api/category - /api/category","timestamp":"2025-11-25T14:56:24.982Z"}
{"level":"info","message":"GET - /api/category - /api/category","timestamp":"2025-11-25T14:56:24.985Z"}
{"level":"info","message":"OPTIONS - /api/cart - /api/cart","timestamp":"2025-11-25T14:56:45.438Z"}
{"level":"info","message":"GET - /api/cart - /api/cart","timestamp":"2025-11-25T14:56:45.442Z"}
{"level":"info","message":"OPTIONS - /api/cart - /api/cart","timestamp":"2025-11-25T14:59:47.984Z"}
{"level":"info","message":"GET - /api/cart - /api/cart","timestamp":"2025-11-25T14:59:47.987Z"}
{"level":"info","message":"OPTIONS - /api/cart - /api/cart","timestamp":"2025-11-25T15:00:09.191Z"}
{"level":"info","message":"GET - /api/cart - /api/cart","timestamp":"2025-11-25T15:00:09.194Z"}
{"level":"info","message":"GET - /api/products/filter?search=&sort=&page=1&limit=6 - /api/products/filter?search=&sort=&page=1&limit=6","timestamp":"2025-11-25T15:01:20.672Z"}
{"level":"info","message":"GET - /api/products/filter?search=musculosa&sort=&page=1&limit=6 - /api/products/filter?search=musculosa&sort=&page=1&limit=6","timestamp":"2025-11-25T15:01:39.703Z"}
{"level":"info","message":"GET - /api/products/filter?search=&sort=&page=1&limit=6 - /api/products/filter?search=&sort=&page=1&limit=6","timestamp":"2025-11-25T15:01:47.693Z"}
{"level":"info","message":"OPTIONS - /api/category - /api/category","timestamp":"2025-11-25T15:01:48.507Z"}
{"level":"info","message":"GET - /api/category - /api/category","timestamp":"2025-11-25T15:01:48.512Z"}
{"level":"info","message":"GET - /api/products/filter?search=&sort=&page=1&limit=6 - /api/products/filter?search=&sort=&page=1&limit=6","timestamp":"2025-11-25T15:01:53.045Z"}
{"level":"info","message":"GET - /api/products/filter?search=&sort=&page=2&limit=6 - /api/products/filter?search=&sort=&page=2&limit=6","timestamp":"2025-11-25T15:02:01.378Z"}
{"level":"info","message":"GET - /api/products/filter?search=&sort=&page=1&limit=6 - /api/products/filter?search=&sort=&page=1&limit=6","timestamp":"2025-11-25T15:02:03.473Z"}
{"level":"info","message":"GET - /api/products/691ddb57aacc2ee8de7f3960 - /api/products/691ddb57aacc2ee8de7f3960","timestamp":"2025-11-25T15:02:05.464Z"}
{"level":"info","message":"OPTIONS - /api/cart - /api/cart","timestamp":"2025-11-25T15:02:09.605Z"}
{"level":"info","message":"POST - /api/cart - /api/cart","timestamp":"2025-11-25T15:02:09.610Z"}
{"level":"info","message":"GET - /api/products/691ddb57aacc2ee8de7f3960 - /api/products/691ddb57aacc2ee8de7f3960","timestamp":"2025-11-25T15:02:10.963Z"}
{"level":"info","message":"OPTIONS - /create-payment-intent - /create-payment-intent","timestamp":"2025-11-25T15:02:15.534Z"}
{"level":"info","message":"POST - /create-payment-intent - /create-payment-intent","timestamp":"2025-11-25T15:02:15.537Z"}
{"level":"info","message":"OPTIONS - /api/cart - /api/cart","timestamp":"2025-11-25T15:49:55.558Z"}
{"level":"info","message":"GET - /api/cart - /api/cart","timestamp":"2025-11-25T15:49:55.562Z"}
{"level":"info","message":"GET - /api/products/filter?search=&sort=&page=1&limit=6 - /api/products/filter?search=&sort=&page=1&limit=6","timestamp":"2025-11-25T15:49:57.858Z"}
{"level":"info","message":"GET - /api/products/filter?search=&sort=&page=1&limit=6 - /api/products/filter?search=&sort=&page=1&limit=6","timestamp":"2025-11-25T15:51:25.815Z"}
{"level":"info","message":"OPTIONS - /api/user/login - /api/user/login","timestamp":"2025-11-25T15:51:30.580Z"}
{"level":"info","message":"POST - /api/user/login - /api/user/login","timestamp":"2025-11-25T15:51:30.583Z"}
{"level":"info","message":"OPTIONS - /api/cart - /api/cart","timestamp":"2025-11-25T15:51:30.721Z"}
{"level":"info","message":"GET - /api/cart - /api/cart","timestamp":"2025-11-25T15:51:30.725Z"}
{"level":"info","message":"OPTIONS - /api/category - /api/category","timestamp":"2025-11-25T15:51:30.747Z"}
{"level":"info","message":"GET - /api/category - /api/category","timestamp":"2025-11-25T15:51:30.751Z"}
{"level":"info","message":"OPTIONS - /create-payment-intent - /create-payment-intent","timestamp":"2025-11-25T15:51:32.589Z"}
{"level":"info","message":"POST - /create-payment-intent - /create-payment-intent","timestamp":"2025-11-25T15:51:32.592Z"}
{"level":"info","message":"GET - /api/products/filter?search=&sort=&page=1&limit=6 - /api/products/filter?search=&sort=&page=1&limit=6","timestamp":"2025-11-25T15:55:55.480Z"}
{"level":"info","message":"GET - /api/products/filter?search=&sort=&page=1&limit=6 - /api/products/filter?search=&sort=&page=1&limit=6","timestamp":"2025-11-25T15:56:37.785Z"}
{"level":"info","message":"OPTIONS - /api/user/login - /api/user/login","timestamp":"2025-11-25T15:56:53.292Z"}
{"level":"info","message":"POST - /api/user/login - /api/user/login","timestamp":"2025-11-25T15:56:53.297Z"}
{"level":"info","message":"OPTIONS - /api/cart - /api/cart","timestamp":"2025-11-25T15:56:53.487Z"}
{"level":"info","message":"GET - /api/cart - /api/cart","timestamp":"2025-11-25T15:56:53.490Z"}
{"level":"info","message":"OPTIONS - /api/category - /api/category","timestamp":"2025-11-25T15:56:53.505Z"}
{"level":"info","message":"GET - /api/category - /api/category","timestamp":"2025-11-25T15:56:53.508Z"}
{"level":"info","message":"GET - /api/products/filter?search=&sort=&page=1&limit=6 - /api/products/filter?search=&sort=&page=1&limit=6","timestamp":"2025-11-25T15:56:54.228Z"}
{"level":"info","message":"OPTIONS - /create-payment-intent - /create-payment-intent","timestamp":"2025-11-25T15:56:56.349Z"}
{"level":"info","message":"POST - /create-payment-intent - /create-payment-intent","timestamp":"2025-11-25T15:56:56.352Z"}
{"level":"info","message":"OPTIONS - /api/cart - /api/cart","timestamp":"2025-11-25T15:59:58.282Z"}
{"level":"info","message":"GET - /api/cart - /api/cart","timestamp":"2025-11-25T15:59:58.286Z"}
{"level":"info","message":"OPTIONS - /api/cart - /api/cart","timestamp":"2025-11-25T16:00:39.818Z"}
{"level":"info","message":"GET - /api/cart - /api/cart","timestamp":"2025-11-25T16:00:39.821Z"}
{"level":"info","message":"GET - /api/cart - /api/cart","timestamp":"2025-11-25T16:00:43.825Z"}
{"level":"info","message":"OPTIONS - /api/cart - /api/cart","timestamp":"2025-11-25T16:00:57.822Z"}
{"level":"info","message":"GET - /api/cart - /api/cart","timestamp":"2025-11-25T16:00:57.825Z"}
{"level":"info","message":"OPTIONS - /api/cart - /api/cart","timestamp":"2025-11-25T16:01:14.820Z"}
{"level":"info","message":"GET - /api/cart - /api/cart","timestamp":"2025-11-25T16:01:14.827Z"}
{"level":"info","message":"OPTIONS - /api/cart - /api/cart","timestamp":"2025-11-25T16:01:24.820Z"}
{"level":"info","message":"GET - /api/cart - /api/cart","timestamp":"2025-11-25T16:01:24.824Z"}
{"level":"info","message":"OPTIONS - /api/cart - /api/cart","timestamp":"2025-11-25T16:02:53.816Z"}
{"level":"info","message":"GET - /api/cart - /api/cart","timestamp":"2025-11-25T16:02:53.819Z"}
{"level":"info","message":"OPTIONS - /api/cart - /api/cart","timestamp":"2025-11-25T16:06:02.820Z"}
{"level":"info","message":"GET - /api/cart - /api/cart","timestamp":"2025-11-25T16:06:02.825Z"}
{"level":"info","message":"OPTIONS - /api/cart - /api/cart","timestamp":"2025-11-25T16:06:34.829Z"}
{"level":"info","message":"GET - /api/cart - /api/cart","timestamp":"2025-11-25T16:06:34.833Z"}
{"level":"info","message":"GET - /api/cart - /api/cart","timestamp":"2025-11-25T16:06:37.819Z"}
{"level":"info","message":"OPTIONS - /api/cart - /api/cart","timestamp":"2025-11-25T16:06:40.822Z"}
{"level":"info","message":"GET - /api/cart - /api/cart","timestamp":"2025-11-25T16:06:40.826Z"}
{"level":"info","message":"GET - /api/cart - /api/cart","timestamp":"2025-11-25T16:06:43.818Z"}
{"level":"info","message":"OPTIONS - /api/category - /api/category","timestamp":"2025-11-25T16:06:52.280Z"}
{"level":"info","message":"GET - /api/category - /api/category","timestamp":"2025-11-25T16:06:52.286Z"}
{"level":"info","message":"OPTIONS - /api/cart - /api/cart","timestamp":"2025-11-25T16:07:05.844Z"}
{"level":"info","message":"GET - /api/cart - /api/cart","timestamp":"2025-11-25T16:07:05.848Z"}
{"level":"info","message":"GET - /api/cart - /api/cart","timestamp":"2025-11-25T16:07:06.618Z"}
{"level":"info","message":"GET - /api/cart - /api/cart","timestamp":"2025-11-25T16:07:08.678Z"}
{"level":"info","message":"GET - /api/cart - /api/cart","timestamp":"2025-11-25T16:07:08.994Z"}
{"level":"info","message":"OPTIONS - /api/cart - /api/cart","timestamp":"2025-11-25T16:07:12.598Z"}
{"level":"info","message":"GET - /api/cart - /api/cart","timestamp":"2025-11-25T16:07:12.602Z"}
{"level":"info","message":"GET - /api/cart - /api/cart","timestamp":"2025-11-25T16:07:13.417Z"}
{"level":"info","message":"OPTIONS - /api/category - /api/category","timestamp":"2025-11-25T16:07:22.471Z"}
{"level":"info","message":"GET - /api/category - /api/category","timestamp":"2025-11-25T16:07:22.474Z"}
{"level":"info","message":"OPTIONS - /api/cart - /api/cart","timestamp":"2025-11-25T16:07:31.818Z"}
{"level":"info","message":"GET - /api/cart - /api/cart","timestamp":"2025-11-25T16:07:31.822Z"}
{"level":"info","message":"OPTIONS - /api/cart - /api/cart","timestamp":"2025-11-25T16:07:38.374Z"}
{"level":"info","message":"GET - /api/cart - /api/cart","timestamp":"2025-11-25T16:07:38.379Z"}
