{"level":"info","message":"GET - /docs - /docs","timestamp":"2025-11-17T20:24:46.484Z"}
{"level":"info","message":"GET - /docs/ - /docs/","timestamp":"2025-11-17T20:24:46.500Z"}
{"level":"info","message":"GET - /docs/swagger-ui.css - /docs/swagger-ui.css","timestamp":"2025-11-17T20:24:46.522Z"}
{"level":"info","message":"GET - /docs/swagger-ui-bundle.js - /docs/swagger-ui-bundle.js","timestamp":"2025-11-17T20:24:46.529Z"}
{"level":"info","message":"GET - /docs/swagger-ui-standalone-preset.js - /docs/swagger-ui-standalone-preset.js","timestamp":"2025-11-17T20:24:46.534Z"}
{"level":"info","message":"GET - /docs/swagger-ui-init.js - /docs/swagger-ui-init.js","timestamp":"2025-11-17T20:24:46.539Z"}
{"level":"info","message":"GET - /docs/favicon-32x32.png - /docs/favicon-32x32.png","timestamp":"2025-11-17T20:24:46.945Z"}
{"level":"info","message":"GET - /docs/swagger-ui.css - /docs/swagger-ui.css","timestamp":"2025-11-17T20:27:21.082Z"}
{"level":"info","message":"GET - /.well-known/appspecific/com.chrome.devtools.json - /.well-known/appspecific/com.chrome.devtools.json","timestamp":"2025-11-17T20:27:21.105Z"}
{"level":"info","message":"GET - /docs/swagger-ui.css.map - /docs/swagger-ui.css.map","timestamp":"2025-11-17T20:27:21.501Z"}
{"level":"info","message":"GET - /docs/ - /docs/","timestamp":"2025-11-17T20:30:43.664Z"}
{"level":"info","message":"GET - /docs/swagger-ui.css - /docs/swagger-ui.css","timestamp":"2025-11-17T20:30:43.719Z"}
{"level":"info","message":"GET - /docs/swagger-ui-standalone-preset.js - /docs/swagger-ui-standalone-preset.js","timestamp":"2025-11-17T20:30:43.724Z"}
{"level":"info","message":"GET - /docs/swagger-ui-init.js - /docs/swagger-ui-init.js","timestamp":"2025-11-17T20:30:43.736Z"}
{"level":"info","message":"GET - /docs/swagger-ui-bundle.js - /docs/swagger-ui-bundle.js","timestamp":"2025-11-17T20:30:43.743Z"}
{"level":"info","message":"GET - /.well-known/appspecific/com.chrome.devtools.json - /.well-known/appspecific/com.chrome.devtools.json","timestamp":"2025-11-17T20:30:43.767Z"}
{"level":"info","message":"GET - /docs/swagger-ui.css.map - /docs/swagger-ui.css.map","timestamp":"2025-11-17T20:30:43.827Z"}
{"level":"info","message":"GET - /docs/favicon-32x32.png - /docs/favicon-32x32.png","timestamp":"2025-11-17T20:30:44.309Z"}
{"level":"info","message":"GET - /api/products - /api/products","timestamp":"2025-11-17T20:30:48.039Z"}
{"level":"info","message":"GET - /api/products - /api/products","timestamp":"2025-11-17T20:34:49.285Z"}
{"level":"info","message":"GET - /docs/ - /docs/","timestamp":"2025-11-17T20:36:12.739Z"}
{"level":"info","message":"GET - /docs/swagger-ui.css - /docs/swagger-ui.css","timestamp":"2025-11-17T20:36:12.822Z"}
{"level":"info","message":"GET - /docs/swagger-ui-bundle.js - /docs/swagger-ui-bundle.js","timestamp":"2025-11-17T20:36:12.830Z"}
{"level":"info","message":"GET - /docs/swagger-ui-standalone-preset.js - /docs/swagger-ui-standalone-preset.js","timestamp":"2025-11-17T20:36:12.839Z"}
{"level":"info","message":"GET - /docs/swagger-ui-init.js - /docs/swagger-ui-init.js","timestamp":"2025-11-17T20:36:12.843Z"}
{"level":"info","message":"GET - /.well-known/appspecific/com.chrome.devtools.json - /.well-known/appspecific/com.chrome.devtools.json","timestamp":"2025-11-17T20:36:12.859Z"}
{"level":"info","message":"GET - /docs/swagger-ui.css.map - /docs/swagger-ui.css.map","timestamp":"2025-11-17T20:36:12.888Z"}
{"level":"info","message":"GET - /docs/favicon-32x32.png - /docs/favicon-32x32.png","timestamp":"2025-11-17T20:36:13.008Z"}
{"level":"info","message":"GET - /docs/ - /docs/","timestamp":"2025-11-17T20:37:33.246Z"}
{"level":"info","message":"GET - /docs/swagger-ui.css - /docs/swagger-ui.css","timestamp":"2025-11-17T20:37:33.319Z"}
{"level":"info","message":"GET - /docs/swagger-ui-bundle.js - /docs/swagger-ui-bundle.js","timestamp":"2025-11-17T20:37:33.326Z"}
{"level":"info","message":"GET - /docs/swagger-ui-standalone-preset.js - /docs/swagger-ui-standalone-preset.js","timestamp":"2025-11-17T20:37:33.335Z"}
{"level":"info","message":"GET - /docs/swagger-ui-init.js - /docs/swagger-ui-init.js","timestamp":"2025-11-17T20:37:33.341Z"}
{"level":"info","message":"GET - /.well-known/appspecific/com.chrome.devtools.json - /.well-known/appspecific/com.chrome.devtools.json","timestamp":"2025-11-17T20:37:33.378Z"}
{"level":"info","message":"GET - /docs/swagger-ui.css.map - /docs/swagger-ui.css.map","timestamp":"2025-11-17T20:37:33.436Z"}
{"level":"info","message":"GET - /docs/favicon-32x32.png - /docs/favicon-32x32.png","timestamp":"2025-11-17T20:37:33.758Z"}
{"level":"info","message":"GET - /api/products - /api/products","timestamp":"2025-11-17T20:37:42.121Z"}
{"level":"info","message":"POST - /api/products - /api/products","timestamp":"2025-11-17T20:43:01.203Z"}
{"level":"info","message":"GET - /api/products - /api/products","timestamp":"2025-11-17T20:43:10.769Z"}
{"level":"info","message":"POST - /api/products - /api/products","timestamp":"2025-11-17T20:43:17.573Z"}
{"level":"info","message":"GET - /docs/ - /docs/","timestamp":"2025-11-17T20:45:39.227Z"}
{"level":"info","message":"GET - /docs/swagger-ui.css - /docs/swagger-ui.css","timestamp":"2025-11-17T20:45:39.304Z"}
{"level":"info","message":"GET - /docs/swagger-ui-bundle.js - /docs/swagger-ui-bundle.js","timestamp":"2025-11-17T20:45:39.311Z"}
{"level":"info","message":"GET - /docs/swagger-ui-standalone-preset.js - /docs/swagger-ui-standalone-preset.js","timestamp":"2025-11-17T20:45:39.322Z"}
{"level":"info","message":"GET - /docs/swagger-ui-init.js - /docs/swagger-ui-init.js","timestamp":"2025-11-17T20:45:39.328Z"}
{"level":"info","message":"GET - /.well-known/appspecific/com.chrome.devtools.json - /.well-known/appspecific/com.chrome.devtools.json","timestamp":"2025-11-17T20:45:39.363Z"}
{"level":"info","message":"GET - /docs/swagger-ui.css.map - /docs/swagger-ui.css.map","timestamp":"2025-11-17T20:45:39.612Z"}
{"level":"info","message":"GET - /docs/favicon-32x32.png - /docs/favicon-32x32.png","timestamp":"2025-11-17T20:45:39.786Z"}
{"level":"info","message":"GET - /docs/ - /docs/","timestamp":"2025-11-17T20:46:19.554Z"}
{"level":"info","message":"GET - /docs/swagger-ui.css - /docs/swagger-ui.css","timestamp":"2025-11-17T20:46:19.608Z"}
{"level":"info","message":"GET - /docs/swagger-ui-bundle.js - /docs/swagger-ui-bundle.js","timestamp":"2025-11-17T20:46:19.614Z"}
{"level":"info","message":"GET - /docs/swagger-ui-standalone-preset.js - /docs/swagger-ui-standalone-preset.js","timestamp":"2025-11-17T20:46:19.622Z"}
{"level":"info","message":"GET - /docs/swagger-ui-init.js - /docs/swagger-ui-init.js","timestamp":"2025-11-17T20:46:19.625Z"}
{"level":"info","message":"GET - /.well-known/appspecific/com.chrome.devtools.json - /.well-known/appspecific/com.chrome.devtools.json","timestamp":"2025-11-17T20:46:19.629Z"}
{"level":"info","message":"GET - /docs/swagger-ui.css.map - /docs/swagger-ui.css.map","timestamp":"2025-11-17T20:46:19.670Z"}
{"level":"info","message":"GET - /docs/favicon-32x32.png - /docs/favicon-32x32.png","timestamp":"2025-11-17T20:46:19.985Z"}
{"level":"info","message":"POST - /api/products - /api/products","timestamp":"2025-11-17T20:46:27.348Z"}
{"level":"info","message":"GET - /docs/ - /docs/","timestamp":"2025-11-17T20:49:15.422Z"}
{"level":"info","message":"GET - /docs/swagger-ui.css - /docs/swagger-ui.css","timestamp":"2025-11-17T20:49:15.486Z"}
{"level":"info","message":"GET - /docs/swagger-ui-bundle.js - /docs/swagger-ui-bundle.js","timestamp":"2025-11-17T20:49:15.494Z"}
{"level":"info","message":"GET - /docs/swagger-ui-standalone-preset.js - /docs/swagger-ui-standalone-preset.js","timestamp":"2025-11-17T20:49:15.504Z"}
{"level":"info","message":"GET - /docs/swagger-ui-init.js - /docs/swagger-ui-init.js","timestamp":"2025-11-17T20:49:15.509Z"}
{"level":"info","message":"GET - /.well-known/appspecific/com.chrome.devtools.json - /.well-known/appspecific/com.chrome.devtools.json","timestamp":"2025-11-17T20:49:15.565Z"}
{"level":"info","message":"GET - /docs/swagger-ui.css.map - /docs/swagger-ui.css.map","timestamp":"2025-11-17T20:49:15.632Z"}
{"level":"info","message":"GET - /docs/favicon-32x32.png - /docs/favicon-32x32.png","timestamp":"2025-11-17T20:49:15.749Z"}
{"level":"info","message":"GET - /docs/ - /docs/","timestamp":"2025-11-17T20:49:16.905Z"}
{"level":"info","message":"GET - /docs/swagger-ui.css - /docs/swagger-ui.css","timestamp":"2025-11-17T20:49:16.967Z"}
{"level":"info","message":"GET - /docs/swagger-ui-bundle.js - /docs/swagger-ui-bundle.js","timestamp":"2025-11-17T20:49:16.971Z"}
{"level":"info","message":"GET - /docs/swagger-ui-standalone-preset.js - /docs/swagger-ui-standalone-preset.js","timestamp":"2025-11-17T20:49:16.974Z"}
{"level":"info","message":"GET - /docs/swagger-ui-init.js - /docs/swagger-ui-init.js","timestamp":"2025-11-17T20:49:16.977Z"}
{"level":"info","message":"GET - /.well-known/appspecific/com.chrome.devtools.json - /.well-known/appspecific/com.chrome.devtools.json","timestamp":"2025-11-17T20:49:17.045Z"}
{"level":"info","message":"GET - /docs/swagger-ui.css.map - /docs/swagger-ui.css.map","timestamp":"2025-11-17T20:49:17.063Z"}
{"level":"info","message":"GET - /docs/favicon-32x32.png - /docs/favicon-32x32.png","timestamp":"2025-11-17T20:49:17.275Z"}
{"level":"info","message":"GET - /docs/ - /docs/","timestamp":"2025-11-17T20:49:46.612Z"}
{"level":"info","message":"GET - /docs/swagger-ui.css - /docs/swagger-ui.css","timestamp":"2025-11-17T20:49:46.696Z"}
{"level":"info","message":"GET - /docs/swagger-ui-bundle.js - /docs/swagger-ui-bundle.js","timestamp":"2025-11-17T20:49:46.704Z"}
{"level":"info","message":"GET - /docs/swagger-ui-standalone-preset.js - /docs/swagger-ui-standalone-preset.js","timestamp":"2025-11-17T20:49:46.718Z"}
{"level":"info","message":"GET - /docs/swagger-ui-init.js - /docs/swagger-ui-init.js","timestamp":"2025-11-17T20:49:46.724Z"}
{"level":"info","message":"GET - /.well-known/appspecific/com.chrome.devtools.json - /.well-known/appspecific/com.chrome.devtools.json","timestamp":"2025-11-17T20:49:46.729Z"}
{"level":"info","message":"GET - /docs/swagger-ui.css.map - /docs/swagger-ui.css.map","timestamp":"2025-11-17T20:49:46.810Z"}
{"level":"info","message":"GET - /docs/favicon-32x32.png - /docs/favicon-32x32.png","timestamp":"2025-11-17T20:49:46.996Z"}
{"level":"info","message":"POST - /api/user/login - /api/user/login","timestamp":"2025-11-17T20:49:51.644Z"}
{"level":"info","message":"GET - /api/products - /api/products","timestamp":"2025-11-17T20:50:15.507Z"}
{"level":"info","message":"POST - /api/products - /api/products","timestamp":"2025-11-17T20:50:20.523Z"}
{"level":"info","message":"GET - /docs/swagger-ui.css - /docs/swagger-ui.css","timestamp":"2025-11-17T20:50:22.782Z"}
{"level":"info","message":"GET - /.well-known/appspecific/com.chrome.devtools.json - /.well-known/appspecific/com.chrome.devtools.json","timestamp":"2025-11-17T20:50:22.823Z"}
{"level":"info","message":"GET - /docs/swagger-ui.css.map - /docs/swagger-ui.css.map","timestamp":"2025-11-17T20:50:22.849Z"}
{"level":"info","message":"POST - /api/products - /api/products","timestamp":"2025-11-17T20:50:25.937Z"}
{"level":"info","message":"GET - /api/products - /api/products","timestamp":"2025-11-17T20:51:30.713Z"}
{"level":"info","message":"POST - /api/products - /api/products","timestamp":"2025-11-17T20:51:36.770Z"}
{"level":"info","message":"GET - /.well-known/appspecific/com.chrome.devtools.json - /.well-known/appspecific/com.chrome.devtools.json","timestamp":"2025-11-17T20:51:38.824Z"}
{"level":"info","message":"GET - /docs/swagger-ui.css.map - /docs/swagger-ui.css.map","timestamp":"2025-11-17T20:51:38.836Z"}
{"level":"info","message":"POST - /api/products - /api/products","timestamp":"2025-11-17T20:51:42.907Z"}
{"level":"info","message":"POST - /api/user/token - /api/user/token","timestamp":"2025-11-17T20:52:00.806Z"}
{"level":"info","message":"POST - /api/products - /api/products","timestamp":"2025-11-17T20:52:06.881Z"}
{"level":"info","message":"POST - /api/products - /api/products","timestamp":"2025-11-17T20:52:11.551Z"}
{"level":"info","message":"POST - /api/user/login - /api/user/login","timestamp":"2025-11-17T20:52:19.739Z"}
{"level":"info","message":"POST - /api/products - /api/products","timestamp":"2025-11-17T20:52:29.157Z"}
{"level":"info","message":"POST - /api/products - /api/products","timestamp":"2025-11-17T20:52:32.061Z"}
{"level":"info","message":"GET - /docs/ - /docs/","timestamp":"2025-11-17T20:54:49.097Z"}
{"level":"info","message":"GET - /docs/swagger-ui.css - /docs/swagger-ui.css","timestamp":"2025-11-17T20:54:49.171Z"}
{"level":"info","message":"GET - /docs/swagger-ui-bundle.js - /docs/swagger-ui-bundle.js","timestamp":"2025-11-17T20:54:49.178Z"}
{"level":"info","message":"GET - /docs/swagger-ui-standalone-preset.js - /docs/swagger-ui-standalone-preset.js","timestamp":"2025-11-17T20:54:49.187Z"}
{"level":"info","message":"GET - /docs/swagger-ui-init.js - /docs/swagger-ui-init.js","timestamp":"2025-11-17T20:54:49.192Z"}
{"level":"info","message":"GET - /.well-known/appspecific/com.chrome.devtools.json - /.well-known/appspecific/com.chrome.devtools.json","timestamp":"2025-11-17T20:54:49.225Z"}
{"level":"info","message":"GET - /docs/swagger-ui.css.map - /docs/swagger-ui.css.map","timestamp":"2025-11-17T20:54:49.250Z"}
{"level":"info","message":"GET - /docs/favicon-32x32.png - /docs/favicon-32x32.png","timestamp":"2025-11-17T20:54:49.650Z"}
{"level":"info","message":"POST - /api/user/login - /api/user/login","timestamp":"2025-11-17T20:54:55.753Z"}
{"level":"info","message":"POST - /api/products - /api/products","timestamp":"2025-11-17T20:55:16.510Z"}
{"level":"info","message":"GET - /docs/swagger-ui.css - /docs/swagger-ui.css","timestamp":"2025-11-17T20:55:18.363Z"}
{"level":"info","message":"GET - /.well-known/appspecific/com.chrome.devtools.json - /.well-known/appspecific/com.chrome.devtools.json","timestamp":"2025-11-17T20:55:18.382Z"}
{"level":"info","message":"GET - /docs/swagger-ui.css.map - /docs/swagger-ui.css.map","timestamp":"2025-11-17T20:55:18.404Z"}
{"level":"info","message":"POST - /api/products - /api/products","timestamp":"2025-11-17T20:55:22.311Z"}
{"level":"info","message":"GET - /.well-known/appspecific/com.chrome.devtools.json - /.well-known/appspecific/com.chrome.devtools.json","timestamp":"2025-11-17T20:55:53.890Z"}
{"level":"info","message":"GET - /docs/swagger-ui.css.map - /docs/swagger-ui.css.map","timestamp":"2025-11-17T20:55:53.902Z"}
{"level":"info","message":"POST - /api/products - /api/products","timestamp":"2025-11-17T20:55:56.992Z"}
{"level":"info","message":"POST - /api/products - /api/products","timestamp":"2025-11-17T20:55:59.315Z"}
{"level":"info","message":"POST - /api/user/token - /api/user/token","timestamp":"2025-11-17T20:56:07.265Z"}
{"level":"info","message":"POST - /api/products - /api/products","timestamp":"2025-11-17T20:56:21.054Z"}
{"level":"info","message":"POST - /api/products - /api/products","timestamp":"2025-11-17T20:56:22.225Z"}
{"level":"info","message":"POST - /api/user/token - /api/user/token","timestamp":"2025-11-17T20:56:26.630Z"}
{"level":"error","message":"POST - /api/user/token - invalid signature","timestamp":"2025-11-17T20:56:26.633Z"}
{"level":"info","message":"POST - /api/user/token - /api/user/token","timestamp":"2025-11-17T20:56:33.600Z"}
{"level":"error","message":"POST - /api/user/token - invalid signature","timestamp":"2025-11-17T20:56:33.604Z"}
{"level":"info","message":"POST - /api/user/token - /api/user/token","timestamp":"2025-11-17T20:56:47.538Z"}
{"level":"info","message":"POST - /api/products - /api/products","timestamp":"2025-11-17T20:56:58.590Z"}
{"level":"info","message":"POST - /api/user/login - /api/user/login","timestamp":"2025-11-17T20:57:33.166Z"}
{"level":"info","message":"POST - /api/products - /api/products","timestamp":"2025-11-17T20:57:40.896Z"}
{"level":"info","message":"POST - /api/products - /api/products","timestamp":"2025-11-17T20:57:57.226Z"}
{"level":"info","message":"POST - /api/user/login - /api/user/login","timestamp":"2025-11-17T21:01:11.918Z"}
{"level":"info","message":"POST - /api/user/login - /api/user/login","timestamp":"2025-11-17T21:01:13.070Z"}
{"level":"info","message":"POST - /api/products - /api/products","timestamp":"2025-11-17T21:01:31.350Z"}
{"level":"info","message":"GET - /docs/ - /docs/","timestamp":"2025-11-17T21:01:40.306Z"}
{"level":"info","message":"GET - /.well-known/appspecific/com.chrome.devtools.json - /.well-known/appspecific/com.chrome.devtools.json","timestamp":"2025-11-17T21:01:40.454Z"}
{"level":"info","message":"GET - /docs/swagger-ui.css - /docs/swagger-ui.css","timestamp":"2025-11-17T21:01:41.133Z"}
{"level":"info","message":"GET - /docs/swagger-ui-bundle.js - /docs/swagger-ui-bundle.js","timestamp":"2025-11-17T21:01:41.141Z"}
{"level":"info","message":"GET - /docs/swagger-ui-standalone-preset.js - /docs/swagger-ui-standalone-preset.js","timestamp":"2025-11-17T21:01:41.145Z"}
{"level":"info","message":"GET - /docs/swagger-ui-init.js - /docs/swagger-ui-init.js","timestamp":"2025-11-17T21:01:41.152Z"}
{"level":"info","message":"GET - /docs/swagger-ui.css.map - /docs/swagger-ui.css.map","timestamp":"2025-11-17T21:01:41.203Z"}
{"level":"info","message":"GET - /docs/favicon-32x32.png - /docs/favicon-32x32.png","timestamp":"2025-11-17T21:01:41.578Z"}
{"level":"info","message":"POST - /api/user/login - /api/user/login","timestamp":"2025-11-17T21:02:13.918Z"}
{"level":"info","message":"POST - /api/products - /api/products","timestamp":"2025-11-17T21:02:32.075Z"}
{"level":"info","message":"GET - /docs/ - /docs/","timestamp":"2025-11-17T21:03:31.504Z"}
{"level":"info","message":"GET - /docs/swagger-ui.css - /docs/swagger-ui.css","timestamp":"2025-11-17T21:03:31.551Z"}
{"level":"info","message":"GET - /docs/swagger-ui-bundle.js - /docs/swagger-ui-bundle.js","timestamp":"2025-11-17T21:03:31.558Z"}
{"level":"info","message":"GET - /docs/swagger-ui-standalone-preset.js - /docs/swagger-ui-standalone-preset.js","timestamp":"2025-11-17T21:03:31.566Z"}
{"level":"info","message":"GET - /docs/swagger-ui-init.js - /docs/swagger-ui-init.js","timestamp":"2025-11-17T21:03:31.571Z"}
{"level":"info","message":"GET - /.well-known/appspecific/com.chrome.devtools.json - /.well-known/appspecific/com.chrome.devtools.json","timestamp":"2025-11-17T21:03:31.626Z"}
{"level":"info","message":"GET - /docs/swagger-ui.css.map - /docs/swagger-ui.css.map","timestamp":"2025-11-17T21:03:31.685Z"}
{"level":"info","message":"GET - /docs/favicon-32x32.png - /docs/favicon-32x32.png","timestamp":"2025-11-17T21:03:31.931Z"}
{"level":"info","message":"POST - /api/user/login - /api/user/login","timestamp":"2025-11-17T21:03:49.004Z"}
{"level":"info","message":"POST - /api/products - /api/products","timestamp":"2025-11-17T21:04:12.454Z"}
{"level":"error","message":"POST - /api/products - Cast to ObjectId failed for value \"Electronica\" (type string) at path \"_id\" for model \"Category\"","timestamp":"2025-11-17T21:04:12.474Z"}
{"level":"info","message":"POST - /api/products - /api/products","timestamp":"2025-11-17T21:05:10.798Z"}
{"level":"info","message":"GET - /docs/ - /docs/","timestamp":"2025-11-17T21:10:03.869Z"}
{"level":"info","message":"GET - /docs/swagger-ui.css - /docs/swagger-ui.css","timestamp":"2025-11-17T21:10:03.939Z"}
{"level":"info","message":"GET - /docs/swagger-ui-bundle.js - /docs/swagger-ui-bundle.js","timestamp":"2025-11-17T21:10:03.945Z"}
{"level":"info","message":"GET - /docs/swagger-ui-standalone-preset.js - /docs/swagger-ui-standalone-preset.js","timestamp":"2025-11-17T21:10:03.957Z"}
{"level":"info","message":"GET - /docs/swagger-ui-init.js - /docs/swagger-ui-init.js","timestamp":"2025-11-17T21:10:03.963Z"}
{"level":"info","message":"GET - /.well-known/appspecific/com.chrome.devtools.json - /.well-known/appspecific/com.chrome.devtools.json","timestamp":"2025-11-17T21:10:04.009Z"}
{"level":"info","message":"GET - /docs/swagger-ui.css.map - /docs/swagger-ui.css.map","timestamp":"2025-11-17T21:10:04.232Z"}
{"level":"info","message":"POST - /api/products - /api/products","timestamp":"2025-11-17T21:10:14.207Z"}
{"level":"info","message":"POST - /api/products - /api/products","timestamp":"2025-11-17T21:10:15.292Z"}
{"level":"info","message":"POST - /api/user/login - /api/user/login","timestamp":"2025-11-17T21:10:23.534Z"}
{"level":"info","message":"POST - /api/products - /api/products","timestamp":"2025-11-17T21:10:36.722Z"}
{"level":"info","message":"GET - /docs/ - /docs/","timestamp":"2025-11-17T21:11:10.582Z"}
{"level":"info","message":"GET - /docs/swagger-ui.css - /docs/swagger-ui.css","timestamp":"2025-11-17T21:11:10.645Z"}
{"level":"info","message":"GET - /docs/swagger-ui-bundle.js - /docs/swagger-ui-bundle.js","timestamp":"2025-11-17T21:11:10.651Z"}
{"level":"info","message":"GET - /docs/swagger-ui-standalone-preset.js - /docs/swagger-ui-standalone-preset.js","timestamp":"2025-11-17T21:11:10.660Z"}
{"level":"info","message":"GET - /docs/swagger-ui-init.js - /docs/swagger-ui-init.js","timestamp":"2025-11-17T21:11:10.667Z"}
{"level":"info","message":"GET - /.well-known/appspecific/com.chrome.devtools.json - /.well-known/appspecific/com.chrome.devtools.json","timestamp":"2025-11-17T21:11:10.685Z"}
{"level":"info","message":"GET - /docs/swagger-ui.css.map - /docs/swagger-ui.css.map","timestamp":"2025-11-17T21:11:10.910Z"}
{"level":"info","message":"GET - /docs/favicon-32x32.png - /docs/favicon-32x32.png","timestamp":"2025-11-17T21:11:11.158Z"}
{"level":"info","message":"POST - /api/user/login - /api/user/login","timestamp":"2025-11-17T21:11:15.305Z"}
{"level":"info","message":"POST - /api/products - /api/products","timestamp":"2025-11-17T21:11:37.560Z"}
{"level":"error","message":"POST - /api/products - Cast to ObjectId failed for value \"Electronica\" (type string) at path \"_id\" for model \"Category\"","timestamp":"2025-11-17T21:11:37.581Z"}
{"level":"info","message":"POST - /api/products - /api/products","timestamp":"2025-11-17T21:11:38.818Z"}
{"level":"error","message":"POST - /api/products - Cast to ObjectId failed for value \"Electronica\" (type string) at path \"_id\" for model \"Category\"","timestamp":"2025-11-17T21:11:38.825Z"}
{"level":"info","message":"POST - /api/products - /api/products","timestamp":"2025-11-17T21:12:00.107Z"}
{"level":"error","message":"POST - /api/products - Product validation failed: rating.rate: Cast to Number failed for value \"{ count: 45, stock: 20 }\" (type Object) at path \"rating.rate\"","timestamp":"2025-11-17T21:12:00.216Z"}
{"level":"info","message":"POST - /api/products - /api/products","timestamp":"2025-11-17T21:12:22.427Z"}
{"level":"info","message":"GET - /docs/ - /docs/","timestamp":"2025-11-17T21:12:40.553Z"}
{"level":"info","message":"GET - /docs/swagger-ui.css - /docs/swagger-ui.css","timestamp":"2025-11-17T21:12:40.644Z"}
{"level":"info","message":"GET - /docs/swagger-ui-bundle.js - /docs/swagger-ui-bundle.js","timestamp":"2025-11-17T21:12:40.653Z"}
{"level":"info","message":"GET - /docs/swagger-ui-standalone-preset.js - /docs/swagger-ui-standalone-preset.js","timestamp":"2025-11-17T21:12:40.664Z"}
{"level":"info","message":"GET - /docs/swagger-ui-init.js - /docs/swagger-ui-init.js","timestamp":"2025-11-17T21:12:40.672Z"}
{"level":"info","message":"GET - /.well-known/appspecific/com.chrome.devtools.json - /.well-known/appspecific/com.chrome.devtools.json","timestamp":"2025-11-17T21:12:40.692Z"}
{"level":"info","message":"GET - /docs/swagger-ui.css.map - /docs/swagger-ui.css.map","timestamp":"2025-11-17T21:12:40.759Z"}
{"level":"info","message":"GET - /docs/favicon-32x32.png - /docs/favicon-32x32.png","timestamp":"2025-11-17T21:12:40.881Z"}
{"level":"info","message":"POST - /api/user/login - /api/user/login","timestamp":"2025-11-17T21:12:47.198Z"}
{"level":"info","message":"POST - /api/products - /api/products","timestamp":"2025-11-17T21:13:02.107Z"}
{"level":"info","message":"POST - /api/products - /api/products","timestamp":"2025-11-17T21:13:07.228Z"}
{"level":"info","message":"GET - /api/products - /api/products","timestamp":"2025-11-17T21:13:13.228Z"}
{"level":"info","message":"GET - /docs/ - /docs/","timestamp":"2025-11-17T21:16:54.776Z"}
{"level":"info","message":"GET - /docs/swagger-ui.css - /docs/swagger-ui.css","timestamp":"2025-11-17T21:16:54.849Z"}
{"level":"info","message":"GET - /docs/swagger-ui-bundle.js - /docs/swagger-ui-bundle.js","timestamp":"2025-11-17T21:16:54.853Z"}
{"level":"info","message":"GET - /docs/swagger-ui-standalone-preset.js - /docs/swagger-ui-standalone-preset.js","timestamp":"2025-11-17T21:16:54.859Z"}
{"level":"info","message":"GET - /docs/swagger-ui-init.js - /docs/swagger-ui-init.js","timestamp":"2025-11-17T21:16:54.864Z"}
{"level":"info","message":"GET - /.well-known/appspecific/com.chrome.devtools.json - /.well-known/appspecific/com.chrome.devtools.json","timestamp":"2025-11-17T21:16:54.887Z"}
{"level":"info","message":"GET - /docs/swagger-ui.css.map - /docs/swagger-ui.css.map","timestamp":"2025-11-17T21:16:55.082Z"}
{"level":"info","message":"POST - /api/user/login - /api/user/login","timestamp":"2025-11-17T21:17:00.436Z"}
{"level":"info","message":"POST - /api/products - /api/products","timestamp":"2025-11-17T21:17:15.490Z"}
{"level":"info","message":"GET - /docs/ - /docs/","timestamp":"2025-11-17T21:17:41.983Z"}
{"level":"info","message":"GET - /docs/swagger-ui.css - /docs/swagger-ui.css","timestamp":"2025-11-17T21:17:42.063Z"}
{"level":"info","message":"GET - /docs/swagger-ui-bundle.js - /docs/swagger-ui-bundle.js","timestamp":"2025-11-17T21:17:42.070Z"}
{"level":"info","message":"GET - /docs/swagger-ui-standalone-preset.js - /docs/swagger-ui-standalone-preset.js","timestamp":"2025-11-17T21:17:42.083Z"}
{"level":"info","message":"GET - /docs/swagger-ui-init.js - /docs/swagger-ui-init.js","timestamp":"2025-11-17T21:17:42.090Z"}
{"level":"info","message":"GET - /.well-known/appspecific/com.chrome.devtools.json - /.well-known/appspecific/com.chrome.devtools.json","timestamp":"2025-11-17T21:17:42.104Z"}
{"level":"info","message":"GET - /docs/swagger-ui.css.map - /docs/swagger-ui.css.map","timestamp":"2025-11-17T21:17:42.372Z"}
{"level":"info","message":"GET - /docs/favicon-32x32.png - /docs/favicon-32x32.png","timestamp":"2025-11-17T21:17:42.607Z"}
{"level":"info","message":"GET - /api/products/paginado?limit=2&page=1 - /api/products/paginado?limit=2&page=1","timestamp":"2025-11-17T21:43:49.009Z"}
{"level":"info","message":"OPTIONS - /api/cart - /api/cart","timestamp":"2025-11-17T21:43:49.027Z"}
{"level":"info","message":"GET - /api/cart - /api/cart","timestamp":"2025-11-17T21:43:49.053Z"}
{"level":"info","message":"GET - /api/products/paginado?limit=2&page=1 - /api/products/paginado?limit=2&page=1","timestamp":"2025-11-17T21:43:49.086Z"}
{"level":"info","message":"GET - /api/cart - /api/cart","timestamp":"2025-11-17T21:43:49.105Z"}
{"level":"info","message":"OPTIONS - /api/user/register - /api/user/register","timestamp":"2025-11-17T21:45:23.148Z"}
{"level":"info","message":"POST - /api/user/register - /api/user/register","timestamp":"2025-11-17T21:45:23.153Z"}
{"level":"info","message":"OPTIONS - /api/user/register - /api/user/register","timestamp":"2025-11-17T22:14:04.822Z"}
{"level":"info","message":"POST - /api/user/register - /api/user/register","timestamp":"2025-11-17T22:14:04.827Z"}
{"level":"info","message":"OPTIONS - /api/user/register - /api/user/register","timestamp":"2025-11-17T22:34:57.111Z"}
{"level":"info","message":"POST - /api/user/register - /api/user/register","timestamp":"2025-11-17T22:34:57.116Z"}
{"level":"info","message":"OPTIONS - /api/user/register - /api/user/register","timestamp":"2025-11-17T22:39:01.312Z"}
{"level":"info","message":"POST - /api/user/register - /api/user/register","timestamp":"2025-11-17T22:39:01.316Z"}
{"level":"error","message":"POST - /api/user/register - El usuario ya existe","timestamp":"2025-11-17T22:39:01.330Z"}
{"level":"info","message":"OPTIONS - /api/user/register - /api/user/register","timestamp":"2025-11-17T22:39:10.095Z"}
{"level":"info","message":"POST - /api/user/register - /api/user/register","timestamp":"2025-11-17T22:39:10.101Z"}
{"level":"info","message":"OPTIONS - /api/user/login - /api/user/login","timestamp":"2025-11-17T22:39:15.760Z"}
{"level":"info","message":"POST - /api/user/login - /api/user/login","timestamp":"2025-11-17T22:39:15.765Z"}
{"level":"info","message":"OPTIONS - /api/cart - /api/cart","timestamp":"2025-11-17T22:39:15.915Z"}
{"level":"info","message":"GET - /api/cart - /api/cart","timestamp":"2025-11-17T22:39:15.920Z"}
{"level":"info","message":"GET - /api/products/paginado?limit=2&page=1 - /api/products/paginado?limit=2&page=1","timestamp":"2025-11-17T22:39:15.946Z"}
{"level":"info","message":"GET - /api/products/paginado?limit=2&page=0 - /api/products/paginado?limit=2&page=0","timestamp":"2025-11-17T22:40:13.626Z"}
{"level":"error","message":"GET - /api/products/paginado?limit=2&page=0 - BSON field 'skip' value must be >= 0, actual value '-2'","timestamp":"2025-11-17T22:40:13.634Z"}
{"level":"info","message":"GET - /api/products/paginado?limit=2&page=1 - /api/products/paginado?limit=2&page=1","timestamp":"2025-11-17T22:40:14.177Z"}
{"level":"info","message":"GET - /api/products/paginado?limit=1&page=1 - /api/products/paginado?limit=1&page=1","timestamp":"2025-11-17T22:40:15.857Z"}
{"level":"info","message":"GET - /api/products/paginado?limit=0&page=1 - /api/products/paginado?limit=0&page=1","timestamp":"2025-11-17T22:40:16.562Z"}
{"level":"info","message":"GET - /api/products/paginado?limit=1&page=1 - /api/products/paginado?limit=1&page=1","timestamp":"2025-11-17T22:40:17.515Z"}
{"level":"info","message":"GET - /api/products/paginado?limit=2&page=1 - /api/products/paginado?limit=2&page=1","timestamp":"2025-11-17T22:40:17.809Z"}
{"level":"info","message":"GET - /api/products/paginado?limit=3&page=1 - /api/products/paginado?limit=3&page=1","timestamp":"2025-11-17T22:40:18.001Z"}
{"level":"info","message":"GET - /api/products/paginado?limit=4&page=1 - /api/products/paginado?limit=4&page=1","timestamp":"2025-11-17T22:40:18.178Z"}
{"level":"info","message":"GET - /api/products/paginado?limit=5&page=1 - /api/products/paginado?limit=5&page=1","timestamp":"2025-11-17T22:40:18.339Z"}
{"level":"info","message":"GET - /api/products/paginado?limit=6&page=1 - /api/products/paginado?limit=6&page=1","timestamp":"2025-11-17T22:40:18.514Z"}
{"level":"info","message":"GET - /api/products/paginado?limit=7&page=1 - /api/products/paginado?limit=7&page=1","timestamp":"2025-11-17T22:40:18.697Z"}
{"level":"info","message":"GET - /api/products/paginado?limit=8&page=1 - /api/products/paginado?limit=8&page=1","timestamp":"2025-11-17T22:40:18.865Z"}
{"level":"info","message":"GET - /api/products/paginado?limit=9&page=1 - /api/products/paginado?limit=9&page=1","timestamp":"2025-11-17T22:40:19.027Z"}
{"level":"info","message":"GET - /api/products/paginado?limit=10&page=1 - /api/products/paginado?limit=10&page=1","timestamp":"2025-11-17T22:40:19.210Z"}
{"level":"info","message":"GET - /api/products/paginado?limit=11&page=1 - /api/products/paginado?limit=11&page=1","timestamp":"2025-11-17T22:40:19.364Z"}
{"level":"info","message":"GET - /api/products/paginado?limit=12&page=1 - /api/products/paginado?limit=12&page=1","timestamp":"2025-11-17T22:40:19.531Z"}
{"level":"info","message":"GET - /api/products/paginado?limit=13&page=1 - /api/products/paginado?limit=13&page=1","timestamp":"2025-11-17T22:40:19.696Z"}
{"level":"info","message":"GET - /api/products/paginado?limit=14&page=1 - /api/products/paginado?limit=14&page=1","timestamp":"2025-11-17T22:40:19.891Z"}
{"level":"info","message":"GET - /api/products/paginado?limit=15&page=1 - /api/products/paginado?limit=15&page=1","timestamp":"2025-11-17T22:40:20.082Z"}
{"level":"info","message":"GET - /api/products/paginado?limit=16&page=1 - /api/products/paginado?limit=16&page=1","timestamp":"2025-11-17T22:40:20.274Z"}
{"level":"info","message":"GET - /api/products/paginado?limit=17&page=1 - /api/products/paginado?limit=17&page=1","timestamp":"2025-11-17T22:40:20.474Z"}
{"level":"info","message":"GET - /api/products/paginado?limit=18&page=1 - /api/products/paginado?limit=18&page=1","timestamp":"2025-11-17T22:40:20.658Z"}
{"level":"info","message":"GET - /api/category - /api/category","timestamp":"2025-11-17T22:40:25.187Z"}
{"level":"info","message":"GET - /api/products/category/asdasdasd - /api/products/category/asdasdasd","timestamp":"2025-11-17T22:40:26.188Z"}
{"level":"info","message":"OPTIONS - /api/user/login - /api/user/login","timestamp":"2025-11-17T22:40:52.667Z"}
{"level":"info","message":"POST - /api/user/login - /api/user/login","timestamp":"2025-11-17T22:40:52.672Z"}
{"level":"error","message":"POST - /api/user/login - invalid Email or Password","timestamp":"2025-11-17T22:40:52.787Z"}
{"level":"info","message":"OPTIONS - /api/user/login - /api/user/login","timestamp":"2025-11-17T22:41:05.668Z"}
{"level":"info","message":"POST - /api/user/login - /api/user/login","timestamp":"2025-11-17T22:41:05.674Z"}
{"level":"error","message":"POST - /api/user/login - invalid Email or Password","timestamp":"2025-11-17T22:41:05.797Z"}
{"level":"info","message":"OPTIONS - /api/user/login - /api/user/login","timestamp":"2025-11-17T22:45:03.033Z"}
{"level":"info","message":"POST - /api/user/login - /api/user/login","timestamp":"2025-11-17T22:45:03.037Z"}
{"level":"error","message":"POST - /api/user/login - invalid Email or Password","timestamp":"2025-11-17T22:45:03.164Z"}
{"level":"info","message":"OPTIONS - /api/user/login - /api/user/login","timestamp":"2025-11-17T22:45:09.337Z"}
{"level":"info","message":"POST - /api/user/login - /api/user/login","timestamp":"2025-11-17T22:45:09.341Z"}
{"level":"error","message":"POST - /api/user/login - invalid Email or Password","timestamp":"2025-11-17T22:45:09.347Z"}
{"level":"info","message":"POST - /api/user/login - /api/user/login","timestamp":"2025-11-17T22:45:13.279Z"}
{"level":"info","message":"OPTIONS - /api/cart - /api/cart","timestamp":"2025-11-17T22:45:13.430Z"}
{"level":"info","message":"GET - /api/cart - /api/cart","timestamp":"2025-11-17T22:45:13.435Z"}
{"level":"info","message":"GET - /api/products/paginado?limit=2&page=1 - /api/products/paginado?limit=2&page=1","timestamp":"2025-11-17T22:45:13.462Z"}
{"level":"info","message":"OPTIONS - /api/user/login - /api/user/login","timestamp":"2025-11-17T22:45:32.901Z"}
{"level":"info","message":"POST - /api/user/login - /api/user/login","timestamp":"2025-11-17T22:45:32.905Z"}
{"level":"error","message":"POST - /api/user/login - invalid Email or Password","timestamp":"2025-11-17T22:45:33.026Z"}
{"level":"info","message":"OPTIONS - /api/user/login - /api/user/login","timestamp":"2025-11-17T22:45:55.651Z"}
{"level":"info","message":"POST - /api/user/login - /api/user/login","timestamp":"2025-11-17T22:45:55.658Z"}
{"level":"info","message":"OPTIONS - /api/cart - /api/cart","timestamp":"2025-11-17T22:45:55.819Z"}
{"level":"info","message":"GET - /api/cart - /api/cart","timestamp":"2025-11-17T22:45:55.825Z"}
{"level":"info","message":"OPTIONS - /api/cart - /api/cart","timestamp":"2025-11-17T22:46:24.560Z"}
{"level":"info","message":"GET - /api/cart - /api/cart","timestamp":"2025-11-17T22:46:24.564Z"}
{"level":"info","message":"OPTIONS - /api/user/login - /api/user/login","timestamp":"2025-11-17T23:07:43.931Z"}
{"level":"info","message":"POST - /api/user/login - /api/user/login","timestamp":"2025-11-17T23:07:43.935Z"}
{"level":"info","message":"OPTIONS - /api/cart - /api/cart","timestamp":"2025-11-17T23:07:43.999Z"}
{"level":"info","message":"GET - /api/cart - /api/cart","timestamp":"2025-11-17T23:07:44.003Z"}
{"level":"info","message":"OPTIONS - /api/user/register - /api/user/register","timestamp":"2025-11-17T23:08:06.606Z"}
{"level":"info","message":"POST - /api/user/register - /api/user/register","timestamp":"2025-11-17T23:08:06.611Z"}
{"level":"info","message":"OPTIONS - /api/user/login - /api/user/login","timestamp":"2025-11-17T23:08:16.319Z"}
{"level":"info","message":"POST - /api/user/login - /api/user/login","timestamp":"2025-11-17T23:08:16.324Z"}
{"level":"info","message":"OPTIONS - /api/cart - /api/cart","timestamp":"2025-11-17T23:08:16.390Z"}
{"level":"info","message":"GET - /api/cart - /api/cart","timestamp":"2025-11-17T23:08:16.393Z"}
{"level":"info","message":"GET - /api/products - /api/products","timestamp":"2025-11-17T23:10:26.077Z"}
{"level":"info","message":"OPTIONS - /api/cart - /api/cart","timestamp":"2025-11-17T23:10:31.687Z"}
{"level":"info","message":"GET - /api/cart - /api/cart","timestamp":"2025-11-17T23:10:31.690Z"}
{"level":"info","message":"GET - /api/products - /api/products","timestamp":"2025-11-17T23:10:33.123Z"}
{"level":"info","message":"OPTIONS - /api/cart - /api/cart","timestamp":"2025-11-17T23:14:21.123Z"}
{"level":"info","message":"GET - /api/cart - /api/cart","timestamp":"2025-11-17T23:14:21.126Z"}
{"level":"info","message":"GET - /api/products - /api/products","timestamp":"2025-11-17T23:14:33.042Z"}
{"level":"info","message":"OPTIONS - /api/cart - /api/cart","timestamp":"2025-11-17T23:15:41.290Z"}
{"level":"info","message":"GET - /api/cart - /api/cart","timestamp":"2025-11-17T23:15:41.293Z"}
{"level":"info","message":"GET - /api/products - /api/products","timestamp":"2025-11-17T23:15:44.204Z"}
{"level":"info","message":"OPTIONS - /api/cart - /api/cart","timestamp":"2025-11-17T23:16:17.930Z"}
{"level":"info","message":"GET - /api/cart - /api/cart","timestamp":"2025-11-17T23:16:17.933Z"}
{"level":"info","message":"GET - /api/products - /api/products","timestamp":"2025-11-17T23:16:21.404Z"}
{"level":"info","message":"GET - /api/products - /api/products","timestamp":"2025-11-17T23:19:13.411Z"}
{"level":"info","message":"GET - /api/products - /api/products","timestamp":"2025-11-17T23:20:32.122Z"}
{"level":"info","message":"GET - /api/products - /api/products","timestamp":"2025-11-17T23:21:12.968Z"}
{"level":"info","message":"GET - /api/products - /api/products","timestamp":"2025-11-17T23:21:58.642Z"}
{"level":"info","message":"GET - /api/products - /api/products","timestamp":"2025-11-17T23:22:21.160Z"}
{"level":"info","message":"GET - /api/products - /api/products","timestamp":"2025-11-17T23:22:37.051Z"}
{"level":"info","message":"OPTIONS - /api/category - /api/category","timestamp":"2025-11-17T23:22:47.319Z"}
{"level":"info","message":"POST - /api/category - /api/category","timestamp":"2025-11-17T23:22:47.322Z"}
{"level":"info","message":"OPTIONS - /api/cart - /api/cart","timestamp":"2025-11-17T23:27:52.947Z"}
{"level":"info","message":"GET - /api/cart - /api/cart","timestamp":"2025-11-17T23:27:52.951Z"}
{"level":"info","message":"OPTIONS - /api/cart - /api/cart","timestamp":"2025-11-17T23:28:18.948Z"}
{"level":"info","message":"GET - /api/cart - /api/cart","timestamp":"2025-11-17T23:28:18.951Z"}
{"level":"info","message":"OPTIONS - /api/cart - /api/cart","timestamp":"2025-11-17T23:28:31.948Z"}
{"level":"info","message":"GET - /api/cart - /api/cart","timestamp":"2025-11-17T23:28:31.950Z"}
{"level":"info","message":"GET - /api/cart - /api/cart","timestamp":"2025-11-17T23:28:35.940Z"}
{"level":"info","message":"OPTIONS - /api/cart - /api/cart","timestamp":"2025-11-17T23:28:48.196Z"}
{"level":"info","message":"GET - /api/cart - /api/cart","timestamp":"2025-11-17T23:28:48.199Z"}
{"level":"info","message":"GET - /api/cart - /api/cart","timestamp":"2025-11-17T23:28:51.186Z"}
{"level":"info","message":"OPTIONS - /api/cart - /api/cart","timestamp":"2025-11-17T23:30:56.949Z"}
{"level":"info","message":"GET - /api/cart - /api/cart","timestamp":"2025-11-17T23:30:56.951Z"}
{"level":"info","message":"GET - /api/products - /api/products","timestamp":"2025-11-17T23:37:02.284Z"}
{"level":"info","message":"OPTIONS - /api/cart - /api/cart","timestamp":"2025-11-17T23:38:08.938Z"}
{"level":"info","message":"GET - /api/cart - /api/cart","timestamp":"2025-11-17T23:38:08.942Z"}
{"level":"info","message":"OPTIONS - /api/cart - /api/cart","timestamp":"2025-11-17T23:38:20.944Z"}
{"level":"info","message":"GET - /api/cart - /api/cart","timestamp":"2025-11-17T23:38:20.949Z"}
{"level":"info","message":"GET - /api/cart - /api/cart","timestamp":"2025-11-17T23:38:22.942Z"}
{"level":"info","message":"OPTIONS - /api/cart - /api/cart","timestamp":"2025-11-17T23:43:51.164Z"}
{"level":"info","message":"GET - /api/cart - /api/cart","timestamp":"2025-11-17T23:43:51.167Z"}
{"level":"info","message":"GET - /api/products/paginado?limit=2&page=1 - /api/products/paginado?limit=2&page=1","timestamp":"2025-11-17T23:46:50.952Z"}
{"level":"info","message":"OPTIONS - /api/cart - /api/cart","timestamp":"2025-11-17T23:46:50.968Z"}
{"level":"info","message":"GET - /api/cart - /api/cart","timestamp":"2025-11-17T23:46:50.971Z"}
{"level":"info","message":"OPTIONS - /api/user/login - /api/user/login","timestamp":"2025-11-17T23:46:59.266Z"}
{"level":"info","message":"POST - /api/user/login - /api/user/login","timestamp":"2025-11-17T23:46:59.270Z"}
{"level":"info","message":"OPTIONS - /api/cart - /api/cart","timestamp":"2025-11-17T23:46:59.340Z"}
{"level":"info","message":"GET - /api/cart - /api/cart","timestamp":"2025-11-17T23:46:59.342Z"}
{"level":"info","message":"GET - /api/products - /api/products","timestamp":"2025-11-17T23:47:01.620Z"}
{"level":"info","message":"GET - /api/products - /api/products","timestamp":"2025-11-17T23:47:33.898Z"}
{"level":"info","message":"GET - /api/products - /api/products","timestamp":"2025-11-17T23:47:44.881Z"}
{"level":"info","message":"GET - /api/products - /api/products","timestamp":"2025-11-17T23:48:13.702Z"}
{"level":"info","message":"OPTIONS - /api/cart - /api/cart","timestamp":"2025-11-17T23:48:19.257Z"}
{"level":"info","message":"GET - /api/cart - /api/cart","timestamp":"2025-11-17T23:48:19.268Z"}
{"level":"info","message":"GET - /api/products - /api/products","timestamp":"2025-11-17T23:48:20.420Z"}
{"level":"info","message":"GET - /api/products - /api/products","timestamp":"2025-11-17T23:49:47.957Z"}
{"level":"info","message":"GET - /api/products - /api/products","timestamp":"2025-11-17T23:50:08.954Z"}
{"level":"info","message":"OPTIONS - /api/cart - /api/cart","timestamp":"2025-11-17T23:50:40.953Z"}
{"level":"info","message":"GET - /api/cart - /api/cart","timestamp":"2025-11-17T23:50:40.956Z"}
{"level":"info","message":"OPTIONS - /api/cart - /api/cart","timestamp":"2025-11-17T23:50:47.534Z"}
{"level":"info","message":"GET - /api/cart - /api/cart","timestamp":"2025-11-17T23:50:47.537Z"}
{"level":"info","message":"GET - /api/products - /api/products","timestamp":"2025-11-17T23:50:48.694Z"}
{"level":"info","message":"GET - /api/products - /api/products","timestamp":"2025-11-17T23:50:48.703Z"}
{"level":"info","message":"GET - /api/products - /api/products","timestamp":"2025-11-17T23:51:11.952Z"}
{"level":"info","message":"GET - /api/products - /api/products","timestamp":"2025-11-17T23:51:11.958Z"}
{"level":"info","message":"GET - /api/products - /api/products","timestamp":"2025-11-17T23:51:30.961Z"}
{"level":"info","message":"GET - /api/products - /api/products","timestamp":"2025-11-17T23:51:30.967Z"}
{"level":"info","message":"GET - /api/products - /api/products","timestamp":"2025-11-17T23:51:33.957Z"}
{"level":"info","message":"GET - /api/products - /api/products","timestamp":"2025-11-17T23:51:33.964Z"}
{"level":"info","message":"OPTIONS - /api/cart - /api/cart","timestamp":"2025-11-17T23:51:37.272Z"}
{"level":"info","message":"GET - /api/cart - /api/cart","timestamp":"2025-11-17T23:51:37.275Z"}
{"level":"info","message":"GET - /api/products - /api/products","timestamp":"2025-11-17T23:51:38.139Z"}
{"level":"info","message":"GET - /api/products - /api/products","timestamp":"2025-11-17T23:51:38.151Z"}
{"level":"info","message":"OPTIONS - /api/products/undefined - /api/products/undefined","timestamp":"2025-11-17T23:51:39.384Z"}
{"level":"info","message":"DELETE - /api/products/undefined - /api/products/undefined","timestamp":"2025-11-17T23:51:39.389Z"}
{"level":"error","message":"DELETE - /api/products/undefined - Cast to ObjectId failed for value \"undefined\" (type string) at path \"_id\" for model \"Product\"","timestamp":"2025-11-17T23:51:39.394Z"}
{"level":"info","message":"GET - /api/products - /api/products","timestamp":"2025-11-17T23:51:50.624Z"}
{"level":"info","message":"GET - /api/products - /api/products","timestamp":"2025-11-17T23:51:50.630Z"}
{"level":"info","message":"OPTIONS - /api/cart - /api/cart","timestamp":"2025-11-17T23:51:54.542Z"}
{"level":"info","message":"GET - /api/cart - /api/cart","timestamp":"2025-11-17T23:51:54.544Z"}
{"level":"info","message":"GET - /api/products - /api/products","timestamp":"2025-11-17T23:51:59.170Z"}
{"level":"info","message":"GET - /api/products - /api/products","timestamp":"2025-11-17T23:51:59.178Z"}
{"level":"info","message":"OPTIONS - /api/products/6919fe67f9c826abe6503731 - /api/products/6919fe67f9c826abe6503731","timestamp":"2025-11-17T23:52:01.031Z"}
{"level":"info","message":"DELETE - /api/products/6919fe67f9c826abe6503731 - /api/products/6919fe67f9c826abe6503731","timestamp":"2025-11-17T23:52:01.034Z"}
{"level":"info","message":"GET - /api/products - /api/products","timestamp":"2025-11-17T23:52:01.045Z"}
{"level":"info","message":"OPTIONS - /api/products/6919fe67f9c826abe6503731 - /api/products/6919fe67f9c826abe6503731","timestamp":"2025-11-17T23:52:53.378Z"}
{"level":"info","message":"DELETE - /api/products/6919fe67f9c826abe6503731 - /api/products/6919fe67f9c826abe6503731","timestamp":"2025-11-17T23:52:53.382Z"}
{"level":"info","message":"GET - /api/products - /api/products","timestamp":"2025-11-17T23:52:53.390Z"}
{"level":"info","message":"OPTIONS - /api/products/691b8b0da99a66ddf11d23f3 - /api/products/691b8b0da99a66ddf11d23f3","timestamp":"2025-11-17T23:52:54.421Z"}
{"level":"info","message":"DELETE - /api/products/691b8b0da99a66ddf11d23f3 - /api/products/691b8b0da99a66ddf11d23f3","timestamp":"2025-11-17T23:52:54.425Z"}
{"level":"info","message":"GET - /api/products - /api/products","timestamp":"2025-11-17T23:52:54.434Z"}
{"level":"info","message":"DELETE - /api/products/6919fe67f9c826abe6503731 - /api/products/6919fe67f9c826abe6503731","timestamp":"2025-11-17T23:52:55.133Z"}
{"level":"info","message":"GET - /api/products - /api/products","timestamp":"2025-11-17T23:52:55.143Z"}
{"level":"info","message":"DELETE - /api/products/6919fe67f9c826abe6503731 - /api/products/6919fe67f9c826abe6503731","timestamp":"2025-11-17T23:52:55.644Z"}
{"level":"info","message":"GET - /api/products - /api/products","timestamp":"2025-11-17T23:52:55.653Z"}
{"level":"info","message":"DELETE - /api/products/6919fe67f9c826abe6503731 - /api/products/6919fe67f9c826abe6503731","timestamp":"2025-11-17T23:52:56.086Z"}
{"level":"info","message":"GET - /api/products - /api/products","timestamp":"2025-11-17T23:52:56.095Z"}
{"level":"info","message":"DELETE - /api/products/6919fe67f9c826abe6503731 - /api/products/6919fe67f9c826abe6503731","timestamp":"2025-11-17T23:52:56.463Z"}
{"level":"info","message":"GET - /api/products - /api/products","timestamp":"2025-11-17T23:52:56.471Z"}
{"level":"info","message":"DELETE - /api/products/6919fe67f9c826abe6503731 - /api/products/6919fe67f9c826abe6503731","timestamp":"2025-11-17T23:52:57.013Z"}
{"level":"info","message":"GET - /api/products - /api/products","timestamp":"2025-11-17T23:52:57.022Z"}
{"level":"info","message":"DELETE - /api/products/6919fe67f9c826abe6503731 - /api/products/6919fe67f9c826abe6503731","timestamp":"2025-11-17T23:52:57.316Z"}
{"level":"info","message":"GET - /api/products - /api/products","timestamp":"2025-11-17T23:52:57.325Z"}
{"level":"info","message":"OPTIONS - /api/products/691b8fb6a1e618dc4e7b26e9 - /api/products/691b8fb6a1e618dc4e7b26e9","timestamp":"2025-11-17T23:52:58.988Z"}
{"level":"info","message":"DELETE - /api/products/691b8fb6a1e618dc4e7b26e9 - /api/products/691b8fb6a1e618dc4e7b26e9","timestamp":"2025-11-17T23:52:58.992Z"}
{"level":"info","message":"GET - /api/products - /api/products","timestamp":"2025-11-17T23:52:59.002Z"}
{"level":"info","message":"OPTIONS - /api/products/691b8fde0a3b77d7c8b2abfe - /api/products/691b8fde0a3b77d7c8b2abfe","timestamp":"2025-11-17T23:52:59.532Z"}
{"level":"info","message":"DELETE - /api/products/691b8fde0a3b77d7c8b2abfe - /api/products/691b8fde0a3b77d7c8b2abfe","timestamp":"2025-11-17T23:52:59.535Z"}
{"level":"info","message":"GET - /api/products - /api/products","timestamp":"2025-11-17T23:52:59.544Z"}
{"level":"info","message":"OPTIONS - /api/products/691b8fe30a3b77d7c8b2ac01 - /api/products/691b8fe30a3b77d7c8b2ac01","timestamp":"2025-11-17T23:53:00.084Z"}
{"level":"info","message":"DELETE - /api/products/691b8fe30a3b77d7c8b2ac01 - /api/products/691b8fe30a3b77d7c8b2ac01","timestamp":"2025-11-17T23:53:00.087Z"}
{"level":"info","message":"GET - /api/products - /api/products","timestamp":"2025-11-17T23:53:00.094Z"}
{"level":"info","message":"OPTIONS - /api/products/691b8fde0a3b77d7c8b2abfe - /api/products/691b8fde0a3b77d7c8b2abfe","timestamp":"2025-11-17T23:53:06.804Z"}
{"level":"info","message":"DELETE - /api/products/691b8fde0a3b77d7c8b2abfe - /api/products/691b8fde0a3b77d7c8b2abfe","timestamp":"2025-11-17T23:53:06.807Z"}
{"level":"info","message":"GET - /api/products - /api/products","timestamp":"2025-11-17T23:53:06.812Z"}
{"level":"info","message":"DELETE - /api/products/691b8fde0a3b77d7c8b2abfe - /api/products/691b8fde0a3b77d7c8b2abfe","timestamp":"2025-11-17T23:53:09.669Z"}
{"level":"info","message":"GET - /api/products - /api/products","timestamp":"2025-11-17T23:53:09.676Z"}
{"level":"info","message":"OPTIONS - /api/cart - /api/cart","timestamp":"2025-11-17T23:53:27.072Z"}
{"level":"info","message":"GET - /api/cart - /api/cart","timestamp":"2025-11-17T23:53:27.075Z"}
{"level":"info","message":"GET - /api/products - /api/products","timestamp":"2025-11-17T23:53:27.800Z"}
{"level":"info","message":"GET - /api/products - /api/products","timestamp":"2025-11-17T23:53:27.812Z"}
{"level":"info","message":"OPTIONS - /api/products - /api/products","timestamp":"2025-11-17T23:56:25.965Z"}
{"level":"info","message":"GET - /api/products - /api/products","timestamp":"2025-11-17T23:56:25.969Z"}
{"level":"info","message":"OPTIONS - /api/cart - /api/cart","timestamp":"2025-11-17T23:56:28.590Z"}
{"level":"info","message":"GET - /api/cart - /api/cart","timestamp":"2025-11-17T23:56:28.593Z"}
{"level":"info","message":"GET - /api/products - /api/products","timestamp":"2025-11-17T23:56:29.516Z"}
{"level":"info","message":"OPTIONS - /api/products/6919fe67f9c826abe6503731 - /api/products/6919fe67f9c826abe6503731","timestamp":"2025-11-17T23:56:32.325Z"}
{"level":"info","message":"DELETE - /api/products/6919fe67f9c826abe6503731 - /api/products/6919fe67f9c826abe6503731","timestamp":"2025-11-17T23:56:32.330Z"}
{"level":"info","message":"OPTIONS - /api/products - /api/products","timestamp":"2025-11-17T23:56:32.335Z"}
{"level":"info","message":"GET - /api/products - /api/products","timestamp":"2025-11-17T23:56:32.340Z"}
{"level":"info","message":"DELETE - /api/products/6919fe67f9c826abe6503731 - /api/products/6919fe67f9c826abe6503731","timestamp":"2025-11-17T23:56:33.910Z"}
{"level":"info","message":"GET - /api/products - /api/products","timestamp":"2025-11-17T23:56:33.919Z"}
{"level":"info","message":"DELETE - /api/products/6919fe67f9c826abe6503731 - /api/products/6919fe67f9c826abe6503731","timestamp":"2025-11-17T23:56:34.518Z"}
{"level":"info","message":"GET - /api/products - /api/products","timestamp":"2025-11-17T23:56:34.528Z"}
{"level":"info","message":"DELETE - /api/products/6919fe67f9c826abe6503731 - /api/products/6919fe67f9c826abe6503731","timestamp":"2025-11-17T23:56:34.981Z"}
{"level":"info","message":"GET - /api/products - /api/products","timestamp":"2025-11-17T23:56:34.990Z"}
{"level":"info","message":"DELETE - /api/products/6919fe67f9c826abe6503731 - /api/products/6919fe67f9c826abe6503731","timestamp":"2025-11-17T23:56:35.335Z"}
{"level":"info","message":"GET - /api/products - /api/products","timestamp":"2025-11-17T23:56:35.343Z"}
{"level":"info","message":"OPTIONS - /api/products/691b8b0da99a66ddf11d23f3 - /api/products/691b8b0da99a66ddf11d23f3","timestamp":"2025-11-17T23:56:38.572Z"}
{"level":"info","message":"DELETE - /api/products/691b8b0da99a66ddf11d23f3 - /api/products/691b8b0da99a66ddf11d23f3","timestamp":"2025-11-17T23:56:38.576Z"}
{"level":"info","message":"OPTIONS - /api/products - /api/products","timestamp":"2025-11-17T23:56:38.584Z"}
{"level":"info","message":"GET - /api/products - /api/products","timestamp":"2025-11-17T23:56:38.587Z"}
{"level":"info","message":"OPTIONS - /api/products/691b8fb6a1e618dc4e7b26e9 - /api/products/691b8fb6a1e618dc4e7b26e9","timestamp":"2025-11-17T23:56:42.469Z"}
{"level":"info","message":"DELETE - /api/products/691b8fb6a1e618dc4e7b26e9 - /api/products/691b8fb6a1e618dc4e7b26e9","timestamp":"2025-11-17T23:56:42.473Z"}
{"level":"info","message":"GET - /api/products - /api/products","timestamp":"2025-11-17T23:56:42.478Z"}
{"level":"info","message":"OPTIONS - /api/products/691b8fde0a3b77d7c8b2abfe - /api/products/691b8fde0a3b77d7c8b2abfe","timestamp":"2025-11-17T23:56:46.270Z"}
{"level":"info","message":"DELETE - /api/products/691b8fde0a3b77d7c8b2abfe - /api/products/691b8fde0a3b77d7c8b2abfe","timestamp":"2025-11-17T23:56:46.274Z"}
{"level":"info","message":"OPTIONS - /api/products - /api/products","timestamp":"2025-11-17T23:56:46.280Z"}
{"level":"info","message":"GET - /api/products - /api/products","timestamp":"2025-11-17T23:56:46.283Z"}
{"level":"info","message":"OPTIONS - /api/cart - /api/cart","timestamp":"2025-11-17T23:56:48.272Z"}
{"level":"info","message":"GET - /api/cart - /api/cart","timestamp":"2025-11-17T23:56:48.275Z"}
{"level":"info","message":"GET - /api/products - /api/products","timestamp":"2025-11-17T23:56:49.379Z"}
{"level":"info","message":"OPTIONS - /api/products/691b8fb6a1e618dc4e7b26e9 - /api/products/691b8fb6a1e618dc4e7b26e9","timestamp":"2025-11-17T23:56:53.363Z"}
{"level":"info","message":"DELETE - /api/products/691b8fb6a1e618dc4e7b26e9 - /api/products/691b8fb6a1e618dc4e7b26e9","timestamp":"2025-11-17T23:56:53.367Z"}
{"level":"info","message":"OPTIONS - /api/products - /api/products","timestamp":"2025-11-17T23:56:53.372Z"}
{"level":"info","message":"GET - /api/products - /api/products","timestamp":"2025-11-17T23:56:53.376Z"}
{"level":"info","message":"OPTIONS - /api/cart - /api/cart","timestamp":"2025-11-17T23:56:54.934Z"}
{"level":"info","message":"GET - /api/cart - /api/cart","timestamp":"2025-11-17T23:56:54.937Z"}
{"level":"info","message":"GET - /api/products - /api/products","timestamp":"2025-11-17T23:56:56.586Z"}
{"level":"info","message":"OPTIONS - /api/products/691b8fb6a1e618dc4e7b26e9 - /api/products/691b8fb6a1e618dc4e7b26e9","timestamp":"2025-11-17T23:57:07.846Z"}
{"level":"info","message":"DELETE - /api/products/691b8fb6a1e618dc4e7b26e9 - /api/products/691b8fb6a1e618dc4e7b26e9","timestamp":"2025-11-17T23:57:07.850Z"}
{"level":"info","message":"OPTIONS - /api/products - /api/products","timestamp":"2025-11-17T23:57:07.859Z"}
{"level":"info","message":"GET - /api/products - /api/products","timestamp":"2025-11-17T23:57:07.863Z"}
{"level":"info","message":"OPTIONS - /api/products/6919fe67f9c826abe6503731 - /api/products/6919fe67f9c826abe6503731","timestamp":"2025-11-17T23:57:31.923Z"}
{"level":"info","message":"DELETE - /api/products/6919fe67f9c826abe6503731 - /api/products/6919fe67f9c826abe6503731","timestamp":"2025-11-17T23:57:31.928Z"}
{"level":"info","message":"OPTIONS - /api/products - /api/products","timestamp":"2025-11-17T23:57:31.934Z"}
{"level":"info","message":"GET - /api/products - /api/products","timestamp":"2025-11-17T23:57:31.938Z"}
{"level":"info","message":"GET - /api/products - /api/products","timestamp":"2025-11-17T23:57:51.783Z"}
{"level":"info","message":"OPTIONS - /api/products/691b8fde0a3b77d7c8b2abfe - /api/products/691b8fde0a3b77d7c8b2abfe","timestamp":"2025-11-17T23:57:58.343Z"}
{"level":"info","message":"DELETE - /api/products/691b8fde0a3b77d7c8b2abfe - /api/products/691b8fde0a3b77d7c8b2abfe","timestamp":"2025-11-17T23:57:58.347Z"}
{"level":"info","message":"OPTIONS - /api/products - /api/products","timestamp":"2025-11-17T23:57:58.354Z"}
{"level":"info","message":"GET - /api/products - /api/products","timestamp":"2025-11-17T23:57:58.360Z"}
{"level":"info","message":"OPTIONS - /api/cart - /api/cart","timestamp":"2025-11-17T23:58:00.882Z"}
{"level":"info","message":"GET - /api/cart - /api/cart","timestamp":"2025-11-17T23:58:00.885Z"}
{"level":"info","message":"GET - /api/products - /api/products","timestamp":"2025-11-17T23:58:02.731Z"}
{"level":"info","message":"OPTIONS - /api/products/691b8fde0a3b77d7c8b2abfe - /api/products/691b8fde0a3b77d7c8b2abfe","timestamp":"2025-11-17T23:58:11.825Z"}
{"level":"info","message":"DELETE - /api/products/691b8fde0a3b77d7c8b2abfe - /api/products/691b8fde0a3b77d7c8b2abfe","timestamp":"2025-11-17T23:58:11.832Z"}
{"level":"info","message":"OPTIONS - /api/products - /api/products","timestamp":"2025-11-17T23:58:11.850Z"}
{"level":"info","message":"GET - /api/products - /api/products","timestamp":"2025-11-17T23:58:11.853Z"}
{"level":"info","message":"OPTIONS - /api/products - /api/products","timestamp":"2025-11-17T23:58:28.383Z"}
{"level":"info","message":"GET - /api/products - /api/products","timestamp":"2025-11-17T23:58:28.389Z"}
{"level":"info","message":"GET - /api/products - /api/products","timestamp":"2025-11-18T00:00:01.380Z"}
{"level":"info","message":"OPTIONS - /api/cart - /api/cart","timestamp":"2025-11-18T00:00:08.917Z"}
{"level":"info","message":"GET - /api/cart - /api/cart","timestamp":"2025-11-18T00:00:08.922Z"}
{"level":"info","message":"OPTIONS - /api/products - /api/products","timestamp":"2025-11-18T00:00:47.509Z"}
{"level":"info","message":"GET - /api/products - /api/products","timestamp":"2025-11-18T00:00:47.514Z"}
{"level":"info","message":"OPTIONS - /api/products/691b8b10a99a66ddf11d23f6 - /api/products/691b8b10a99a66ddf11d23f6","timestamp":"2025-11-18T00:00:48.906Z"}
{"level":"info","message":"DELETE - /api/products/691b8b10a99a66ddf11d23f6 - /api/products/691b8b10a99a66ddf11d23f6","timestamp":"2025-11-18T00:00:48.909Z"}
{"level":"info","message":"GET - /api/products - /api/products","timestamp":"2025-11-18T00:00:48.921Z"}
{"level":"info","message":"OPTIONS - /api/products/691b8c446e08c6b115cf42bb - /api/products/691b8c446e08c6b115cf42bb","timestamp":"2025-11-18T00:00:51.097Z"}
{"level":"info","message":"DELETE - /api/products/691b8c446e08c6b115cf42bb - /api/products/691b8c446e08c6b115cf42bb","timestamp":"2025-11-18T00:00:51.103Z"}
{"level":"info","message":"GET - /api/products - /api/products","timestamp":"2025-11-18T00:00:51.115Z"}
{"level":"info","message":"OPTIONS - /api/products - /api/products","timestamp":"2025-11-18T00:01:04.273Z"}
{"level":"info","message":"POST - /api/products - /api/products","timestamp":"2025-11-18T00:01:04.277Z"}
{"level":"info","message":"POST - /api/products - /api/products","timestamp":"2025-11-18T00:01:08.931Z"}
{"level":"info","message":"OPTIONS - /api/category - /api/category","timestamp":"2025-11-18T00:01:27.320Z"}
{"level":"info","message":"POST - /api/category - /api/category","timestamp":"2025-11-18T00:01:27.324Z"}
{"level":"info","message":"OPTIONS - /api/products - /api/products","timestamp":"2025-11-18T00:14:09.903Z"}
{"level":"info","message":"OPTIONS - /api/cart - /api/cart","timestamp":"2025-11-18T00:14:09.904Z"}
{"level":"info","message":"GET - /api/products - /api/products","timestamp":"2025-11-18T00:14:09.908Z"}
{"level":"info","message":"GET - /api/cart - /api/cart","timestamp":"2025-11-18T00:14:09.910Z"}
{"level":"info","message":"GET - /api/products - /api/products","timestamp":"2025-11-18T00:14:13.974Z"}
{"level":"info","message":"OPTIONS - /api/products - /api/products","timestamp":"2025-11-18T00:14:23.752Z"}
{"level":"info","message":"OPTIONS - /api/cart - /api/cart","timestamp":"2025-11-18T00:14:23.753Z"}
{"level":"info","message":"GET - /api/products - /api/products","timestamp":"2025-11-18T00:14:23.758Z"}
{"level":"info","message":"GET - /api/cart - /api/cart","timestamp":"2025-11-18T00:14:23.760Z"}
{"level":"info","message":"OPTIONS - /api/products - /api/products","timestamp":"2025-11-18T00:14:34.255Z"}
{"level":"info","message":"OPTIONS - /api/cart - /api/cart","timestamp":"2025-11-18T00:14:34.257Z"}
{"level":"info","message":"GET - /api/products - /api/products","timestamp":"2025-11-18T00:14:34.261Z"}
{"level":"info","message":"GET - /api/cart - /api/cart","timestamp":"2025-11-18T00:14:34.263Z"}
{"level":"info","message":"OPTIONS - /api/products - /api/products","timestamp":"2025-11-18T00:15:02.988Z"}
{"level":"info","message":"GET - /api/products - /api/products","timestamp":"2025-11-18T00:15:02.992Z"}
{"level":"info","message":"OPTIONS - /api/products - /api/products","timestamp":"2025-11-18T00:15:11.411Z"}
{"level":"info","message":"OPTIONS - /api/cart - /api/cart","timestamp":"2025-11-18T00:15:11.412Z"}
{"level":"info","message":"GET - /api/products - /api/products","timestamp":"2025-11-18T00:15:11.416Z"}
{"level":"info","message":"GET - /api/cart - /api/cart","timestamp":"2025-11-18T00:15:11.418Z"}
{"level":"info","message":"OPTIONS - /api/products - /api/products","timestamp":"2025-11-18T00:15:27.159Z"}
{"level":"info","message":"GET - /api/products - /api/products","timestamp":"2025-11-18T00:15:27.162Z"}
{"level":"info","message":"OPTIONS - /api/products - /api/products","timestamp":"2025-11-18T00:15:37.226Z"}
{"level":"info","message":"OPTIONS - /api/cart - /api/cart","timestamp":"2025-11-18T00:15:37.228Z"}
{"level":"info","message":"GET - /api/products - /api/products","timestamp":"2025-11-18T00:15:37.231Z"}
{"level":"info","message":"GET - /api/cart - /api/cart","timestamp":"2025-11-18T00:15:37.234Z"}
{"level":"info","message":"OPTIONS - /api/products - /api/products","timestamp":"2025-11-18T00:15:49.974Z"}
{"level":"info","message":"GET - /api/products - /api/products","timestamp":"2025-11-18T00:15:49.979Z"}
{"level":"info","message":"OPTIONS - /api/products - /api/products","timestamp":"2025-11-18T00:16:46.231Z"}
{"level":"info","message":"GET - /api/products - /api/products","timestamp":"2025-11-18T00:16:46.235Z"}
{"level":"info","message":"OPTIONS - /api/products - /api/products","timestamp":"2025-11-18T00:16:55.634Z"}
{"level":"info","message":"OPTIONS - /api/cart - /api/cart","timestamp":"2025-11-18T00:16:55.636Z"}
{"level":"info","message":"GET - /api/products - /api/products","timestamp":"2025-11-18T00:16:55.640Z"}
{"level":"info","message":"GET - /api/cart - /api/cart","timestamp":"2025-11-18T00:16:55.642Z"}
{"level":"info","message":"OPTIONS - /api/products - /api/products","timestamp":"2025-11-18T00:17:01.235Z"}
{"level":"info","message":"GET - /api/products - /api/products","timestamp":"2025-11-18T00:17:01.240Z"}
{"level":"info","message":"OPTIONS - /api/products - /api/products","timestamp":"2025-11-18T00:18:28.108Z"}
{"level":"info","message":"GET - /api/products - /api/products","timestamp":"2025-11-18T00:18:28.112Z"}
{"level":"info","message":"GET - /api/products - /api/products","timestamp":"2025-11-18T00:18:29.562Z"}
{"level":"info","message":"GET - /api/products - /api/products","timestamp":"2025-11-18T00:18:31.864Z"}
{"level":"info","message":"OPTIONS - /api/cart - /api/cart","timestamp":"2025-11-18T00:18:31.867Z"}
{"level":"info","message":"GET - /api/cart - /api/cart","timestamp":"2025-11-18T00:18:31.871Z"}
{"level":"info","message":"OPTIONS - /api/products - /api/products","timestamp":"2025-11-18T00:18:38.582Z"}
{"level":"info","message":"OPTIONS - /api/cart - /api/cart","timestamp":"2025-11-18T00:18:38.583Z"}
{"level":"info","message":"GET - /api/products - /api/products","timestamp":"2025-11-18T00:18:38.587Z"}
{"level":"info","message":"GET - /api/cart - /api/cart","timestamp":"2025-11-18T00:18:38.589Z"}
{"level":"info","message":"OPTIONS - /api/products - /api/products","timestamp":"2025-11-18T00:19:07.899Z"}
{"level":"info","message":"POST - /api/products - /api/products","timestamp":"2025-11-18T00:19:07.903Z"}
{"level":"info","message":"OPTIONS - /api/products - /api/products","timestamp":"2025-11-18T00:20:57.480Z"}
{"level":"info","message":"POST - /api/products - /api/products","timestamp":"2025-11-18T00:20:57.483Z"}
{"level":"info","message":"OPTIONS - /api/products - /api/products","timestamp":"2025-11-18T00:21:05.701Z"}
{"level":"info","message":"POST - /api/products - /api/products","timestamp":"2025-11-18T00:21:05.707Z"}
{"level":"info","message":"OPTIONS - /api/cart - /api/cart","timestamp":"2025-11-18T00:22:33.320Z"}
{"level":"info","message":"GET - /api/cart - /api/cart","timestamp":"2025-11-18T00:22:33.324Z"}
{"level":"info","message":"OPTIONS - /api/cart - /api/cart","timestamp":"2025-11-18T00:24:00.093Z"}
{"level":"info","message":"GET - /api/cart - /api/cart","timestamp":"2025-11-18T00:24:00.097Z"}
{"level":"info","message":"GET - /api/cart - /api/cart","timestamp":"2025-11-18T00:24:04.144Z"}
{"level":"info","message":"OPTIONS - /api/cart - /api/cart","timestamp":"2025-11-18T00:31:10.362Z"}
{"level":"info","message":"GET - /api/cart - /api/cart","timestamp":"2025-11-18T00:31:10.365Z"}
{"level":"info","message":"GET - /api/category - /api/category","timestamp":"2025-11-18T00:31:29.976Z"}
{"level":"info","message":"OPTIONS - /api/category - /api/category","timestamp":"2025-11-18T00:32:23.955Z"}
{"level":"info","message":"OPTIONS - /api/cart - /api/cart","timestamp":"2025-11-18T00:32:23.957Z"}
{"level":"info","message":"GET - /api/category - /api/category","timestamp":"2025-11-18T00:32:23.961Z"}
{"level":"info","message":"GET - /api/cart - /api/cart","timestamp":"2025-11-18T00:32:23.963Z"}
{"level":"info","message":"OPTIONS - /api/category - /api/category","timestamp":"2025-11-18T00:49:39.871Z"}
{"level":"info","message":"OPTIONS - /api/cart - /api/cart","timestamp":"2025-11-18T00:49:39.872Z"}
{"level":"info","message":"GET - /api/category - /api/category","timestamp":"2025-11-18T00:49:39.876Z"}
{"level":"info","message":"GET - /api/cart - /api/cart","timestamp":"2025-11-18T00:49:39.878Z"}
{"level":"info","message":"OPTIONS - /api/category - /api/category","timestamp":"2025-11-18T00:59:56.438Z"}
{"level":"info","message":"GET - /api/category - /api/category","timestamp":"2025-11-18T00:59:56.443Z"}
{"level":"info","message":"OPTIONS - /api/category - /api/category","timestamp":"2025-11-18T02:08:06.936Z"}
{"level":"info","message":"OPTIONS - /api/cart - /api/cart","timestamp":"2025-11-18T02:08:06.937Z"}
{"level":"info","message":"GET - /api/category - /api/category","timestamp":"2025-11-18T02:08:06.942Z"}
{"level":"info","message":"GET - /api/cart - /api/cart","timestamp":"2025-11-18T02:08:06.944Z"}
